!SESSION 2024-03-01 16:48:17.626 -----------------------------------------------
eclipse.buildId=unknown
java.version=17.0.10
java.vendor=Debian
BootLoader constants: OS=linux, ARCH=x86_64, WS=gtk, NL=en_US
Command-line arguments:  -data /home/rupammittal9/.codeoss/data/User/workspaceStorage/2144a8b3/redhat.java/jdt_ws

!ENTRY org.eclipse.jdt.ls.core 1 0 2024-03-01 16:48:20.658
!MESSAGE class org.eclipse.jdt.ls.core.internal.JavaLanguageServerPlugin is started

!ENTRY org.eclipse.jdt.ls.core 1 0 2024-03-01 16:48:21.220
!MESSAGE Main thread is waiting

!ENTRY org.eclipse.jdt.ls.core 1 0 2024-03-01 16:48:21.326
!MESSAGE >> initialize

!ENTRY org.eclipse.jdt.ls.core 1 0 2024-03-01 16:48:21.332
!MESSAGE Initializing Java Language Server 1.25.0.202306230807

!ENTRY org.eclipse.jdt.ls.core 1 0 2024-03-01 16:48:23.205
!MESSAGE Static Commands: []

!ENTRY org.eclipse.jdt.ls.core 1 0 2024-03-01 16:48:23.206
!MESSAGE Non-Static Commands: [java.edit.organizeImports, java.project.refreshDiagnostics, java.project.import, java.navigate.openTypeHierarchy, java.project.removeFromSourcePath, java.project.listSourcePaths, java.project.resolveStackTraceLocation, java.project.getAll, java.reloadBundles, java.project.isTestFile, java.edit.handlePasteEvent, java.project.getClasspaths, java.navigate.resolveTypeHierarchy, java.edit.stringFormatting, java.project.getSettings, java.project.updateSourceAttachment, java.project.resolveWorkspaceSymbol, java.project.upgradeGradle, java.decompile, java.project.createModuleInfo, java.protobuf.generateSources, java.project.resolveSourceAttachment, java.project.addToSourcePath, java.completion.onDidSelect]

!ENTRY org.eclipse.jdt.ls.core 1 0 2024-03-01 16:48:23.206
!MESSAGE Static Commands: []

!ENTRY org.eclipse.jdt.ls.core 1 0 2024-03-01 16:48:23.206
!MESSAGE Non-Static Commands: [vscode.java.test.findJavaProjects, vscode.java.test.findTestPackagesAndTypes, vscode.java.test.findTestTypesAndMethods, vscode.java.test.resolvePath, vscode.java.test.findTestLocation, vscode.java.test.get.testpath, vscode.java.test.findDirectTestChildrenForClass, vscode.java.test.navigateToTestOrTarget, vscode.java.test.junit.argument, vscode.java.test.generateTests]

!ENTRY org.eclipse.jdt.ls.core 1 0 2024-03-01 16:48:23.207
!MESSAGE Static Commands: []

!ENTRY org.eclipse.jdt.ls.core 1 0 2024-03-01 16:48:23.207
!MESSAGE Non-Static Commands: [vscode.java.checkProjectSettings, vscode.java.isOnClasspath, vscode.java.fetchUsageData, vscode.java.validateLaunchConfig, vscode.java.resolveInlineVariables, vscode.java.resolveClassFilters, vscode.java.resolveMainMethod, vscode.java.resolveClasspath, vscode.java.resolveBuildFiles, vscode.java.resolveMainClass, vscode.java.updateDebugSettings, vscode.java.resolveSourceUri, vscode.java.fetchPlatformSettings, vscode.java.buildWorkspace, vscode.java.startDebugSession, vscode.java.inferLaunchCommandLength, vscode.java.resolveElementAtSelection, vscode.java.resolveJavaExecutable]

!ENTRY org.eclipse.jdt.ls.core 1 0 2024-03-01 16:48:23.207
!MESSAGE Static Commands: []

!ENTRY org.eclipse.jdt.ls.core 1 0 2024-03-01 16:48:23.208
!MESSAGE Non-Static Commands: [java.maven.initializeSearcher, java.maven.searchArtifact, java.maven.addDependency, java.maven.controlContext]

!ENTRY org.eclipse.jdt.ls.core 1 0 2024-03-01 16:48:23.208
!MESSAGE Static Commands: []

!ENTRY org.eclipse.jdt.ls.core 1 0 2024-03-01 16:48:23.208
!MESSAGE Non-Static Commands: [java.project.refreshLib, java.project.checkImportStatus, java.project.list, java.project.generateJar, java.project.getMainClasses, java.getPackageData, java.resolvePath]

!ENTRY org.eclipse.jdt.ls.core 1 0 2024-03-01 16:48:23.217
!MESSAGE Started org.eclipse.m2e.core 0ms

!ENTRY org.eclipse.jdt.ls.core 1 0 2024-03-01 16:48:23.271
!MESSAGE ProjectRegistryRefreshJob finished 53ms

!ENTRY org.eclipse.jdt.ls.core 1 0 2024-03-01 16:48:23.315
!MESSAGE Started org.eclipse.buildship.core 43ms

!ENTRY org.eclipse.jdt.ls.core 1 0 2024-03-01 16:48:23.323
!MESSAGE RepositoryRegistryUpdateJob finished 1ms

!ENTRY org.eclipse.jdt.ls.core 1 0 2024-03-01 16:48:23.355
!MESSAGE Creating the Java project jdt.ls-java-project

!ENTRY org.eclipse.jdt.ls.core 1 0 2024-03-01 16:48:23.369
!MESSAGE >> initialized

!ENTRY org.eclipse.jdt.ls.core 1 0 2024-03-01 16:48:23.577
!MESSAGE Finished creating the Java project jdt.ls-java-project

!ENTRY org.eclipse.jdt.ls.core 1 0 2024-03-01 16:48:24.399
!MESSAGE Importing Maven project(s)

!ENTRY org.eclipse.jdt.ls.core 1 0 2024-03-01 16:48:28.209
!MESSAGE Workspace initialized in 4886ms

!ENTRY org.eclipse.jdt.ls.core 1 0 2024-03-01 16:48:28.258
!MESSAGE >> initialization job finished

!ENTRY org.eclipse.jdt.ls.core 1 0 2024-03-01 16:48:28.267
!MESSAGE >> registerWatchers'

!ENTRY org.eclipse.jdt.ls.core 1 0 2024-03-01 16:48:28.285
!MESSAGE >> registerFeature 'workspace/didChangeWatchedFiles'

!ENTRY org.eclipse.jdt.ls.core 4 0 2024-03-01 16:48:33.439
!MESSAGE Error occured while building workspace. Details: 
 message: The declared package "com.ontariotechu.sofe3980U" does not match the expected package "com.ontariotechu.sofe3980U"; code: 536871240; resource: /home/rupammittal9/SOFE3980U-Lab3/BinaryCalculatorWebapp/src/main/java/com.ontariotechu.sofe3980U/APIResult.java; line: 1
 message: The declared package "com.ontariotechu.sofe3980U" does not match the expected package "com.ontariotechu.sofe3980U"; code: 536871240; resource: /home/rupammittal9/SOFE3980U-Lab3/BinaryCalculatorWebapp/src/main/java/com.ontariotechu.sofe3980U/Application.java; line: 1
 message: The declared package "com.ontariotechu.sofe3980U" does not match the expected package "com.ontariotechu.sofe3980U"; code: 536871240; resource: /home/rupammittal9/SOFE3980U-Lab3/BinaryCalculatorWebapp/src/main/java/com.ontariotechu.sofe3980U/Binary.java; line: 1
 message: The declared package "com.ontariotechu.sofe3980U" does not match the expected package "com.ontariotechu.sofe3980U"; code: 536871240; resource: /home/rupammittal9/SOFE3980U-Lab3/BinaryCalculatorWebapp/src/main/java/com.ontariotechu.sofe3980U/BinaryAPIController.java; line: 1
 message: The declared package "com.ontariotechu.sofe3980U" does not match the expected package "com.ontariotechu.sofe3980U"; code: 536871240; resource: /home/rupammittal9/SOFE3980U-Lab3/BinaryCalculatorWebapp/src/main/java/com.ontariotechu.sofe3980U/BinaryAPIResult.java; line: 1
 message: The declared package "com.ontariotechu.sofe3980U" does not match the expected package "com.ontariotechu.sofe3980U"; code: 536871240; resource: /home/rupammittal9/SOFE3980U-Lab3/BinaryCalculatorWebapp/src/main/java/com.ontariotechu.sofe3980U/BinaryController.java; line: 1
 message: The declared package "com.ontariotechu.sofe3980U" does not match the expected package "com.ontariotechu.sofe3980U"; code: 536871240; resource: /home/rupammittal9/SOFE3980U-Lab3/BinaryCalculatorWebapp/src/main/java/com.ontariotechu.sofe3980U/HelloAPIController.java; line: 1
 message: The declared package "com.ontariotechu.sofe3980U" does not match the expected package "com.ontariotechu.sofe3980U"; code: 536871240; resource: /home/rupammittal9/SOFE3980U-Lab3/BinaryCalculatorWebapp/src/main/java/com.ontariotechu.sofe3980U/HelloController.java; line: 1
 message: The declared package "com.ontariotechu.sofe3980U" does not match the expected package "com.ontariotechu.sofe3980U"; code: 536871240; resource: /home/rupammittal9/SOFE3980U-Lab3/BinaryCalculatorWebapp/src/test/java/com.ontariotechu.sofe3980U/BinaryAPIControllerTest.java; line: 1
 message: The declared package "com.ontariotechu.sofe3980U" does not match the expected package "com.ontariotechu.sofe3980U"; code: 536871240; resource: /home/rupammittal9/SOFE3980U-Lab3/BinaryCalculatorWebapp/src/test/java/com.ontariotechu.sofe3980U/BinaryControllerTest.java; line: 1
 message: The declared package "com.ontariotechu.sofe3980U" does not match the expected package "com.ontariotechu.sofe3980U"; code: 536871240; resource: /home/rupammittal9/SOFE3980U-Lab3/BinaryCalculatorWebapp/src/test/java/com.ontariotechu.sofe3980U/HelloAPIControllerTest.java; line: 1
 message: The declared package "com.ontariotechu.sofe3980U" does not match the expected package "com.ontariotechu.sofe3980U"; code: 536871240; resource: /home/rupammittal9/SOFE3980U-Lab3/BinaryCalculatorWebapp/src/test/java/com.ontariotechu.sofe3980U/HelloControllerTest.java; line: 1

!ENTRY org.eclipse.jdt.ls.core 4 0 2024-03-01 16:48:33.564
!MESSAGE failed to send diagnostics
!STACK 1
Java Model Exception: Error in Java Model (code 1006): src/main/java/com.ontariotechu.sofe3980U [in BinaryCalculatorWebapp] is not on its project's build path
	at org.eclipse.jdt.internal.core.JavaElement.newJavaModelException(JavaElement.java:584)
	at org.eclipse.jdt.internal.core.Openable.generateInfos(Openable.java:254)
	at org.eclipse.jdt.internal.core.Openable.openAncestors(Openable.java:528)
	at org.eclipse.jdt.internal.core.Openable.generateInfos(Openable.java:248)
	at org.eclipse.jdt.internal.core.Openable.openAncestors(Openable.java:528)
	at org.eclipse.jdt.internal.core.CompilationUnit.openAncestors(CompilationUnit.java:1246)
	at org.eclipse.jdt.internal.core.Openable.generateInfos(Openable.java:248)
	at org.eclipse.jdt.internal.core.JavaElement.openWhenClosed(JavaElement.java:597)
	at org.eclipse.jdt.internal.core.JavaElement.getElementInfo(JavaElement.java:328)
	at org.eclipse.jdt.internal.core.JavaElement.getElementInfo(JavaElement.java:314)
	at org.eclipse.jdt.internal.core.Openable.getBuffer(Openable.java:296)
	at org.eclipse.jdt.ls.core.internal.handlers.WorkspaceDiagnosticsHandler.visit(WorkspaceDiagnosticsHandler.java:183)
	at org.eclipse.core.internal.events.ResourceDelta.accept(ResourceDelta.java:67)
	at org.eclipse.core.internal.events.ResourceDelta.accept(ResourceDelta.java:77)
	at org.eclipse.core.internal.events.ResourceDelta.accept(ResourceDelta.java:77)
	at org.eclipse.core.internal.events.ResourceDelta.accept(ResourceDelta.java:77)
	at org.eclipse.core.internal.events.ResourceDelta.accept(ResourceDelta.java:77)
	at org.eclipse.core.internal.events.ResourceDelta.accept(ResourceDelta.java:77)
	at org.eclipse.core.internal.events.ResourceDelta.accept(ResourceDelta.java:77)
	at org.eclipse.core.internal.events.ResourceDelta.accept(ResourceDelta.java:51)
	at org.eclipse.jdt.ls.core.internal.handlers.WorkspaceDiagnosticsHandler.resourceChanged(WorkspaceDiagnosticsHandler.java:108)
	at org.eclipse.core.internal.events.NotificationManager$1.run(NotificationManager.java:307)
	at org.eclipse.core.runtime.SafeRunner.run(SafeRunner.java:45)
	at org.eclipse.core.internal.events.NotificationManager.notify(NotificationManager.java:297)
	at org.eclipse.core.internal.events.NotificationManager.broadcastChanges(NotificationManager.java:160)
	at org.eclipse.core.internal.resources.Workspace.broadcastPostChange(Workspace.java:388)
	at org.eclipse.core.internal.resources.Workspace.endOperation(Workspace.java:1516)
	at org.eclipse.core.internal.resources.InternalWorkspaceJob.run(InternalWorkspaceJob.java:50)
	at org.eclipse.core.internal.jobs.Worker.run(Worker.java:63)
!SUBENTRY 1 org.eclipse.jdt.core 4 1006 2024-03-01 16:48:33.565
!MESSAGE src/main/java/com.ontariotechu.sofe3980U [in BinaryCalculatorWebapp] is not on its project's build path

!ENTRY org.eclipse.jdt.ls.core 1 0 2024-03-01 16:48:33.719
!MESSAGE >> build jobs finished

!ENTRY org.eclipse.jdt.ls.core 4 0 2024-03-01 16:48:33.727
!MESSAGE Failed to publish diagnostics for file:///home/rupammittal9/SOFE3980U-Lab3/BinaryCalculatorWebapp/src/test/java/com.ontariotechu.sofe3980U/HelloAPIControllerTest.java
!STACK 1
Java Model Exception: Error in Java Model (code 1006): src/test/java/com.ontariotechu.sofe3980U [in BinaryCalculatorWebapp] is not on its project's build path
	at org.eclipse.jdt.internal.core.JavaElement.newJavaModelException(JavaElement.java:584)
	at org.eclipse.jdt.internal.core.Openable.generateInfos(Openable.java:254)
	at org.eclipse.jdt.internal.core.Openable.openAncestors(Openable.java:528)
	at org.eclipse.jdt.internal.core.Openable.generateInfos(Openable.java:248)
	at org.eclipse.jdt.internal.core.Openable.openAncestors(Openable.java:528)
	at org.eclipse.jdt.internal.core.CompilationUnit.openAncestors(CompilationUnit.java:1246)
	at org.eclipse.jdt.internal.core.Openable.generateInfos(Openable.java:248)
	at org.eclipse.jdt.internal.core.JavaElement.openWhenClosed(JavaElement.java:597)
	at org.eclipse.jdt.internal.core.JavaElement.getElementInfo(JavaElement.java:328)
	at org.eclipse.jdt.internal.core.JavaElement.getElementInfo(JavaElement.java:314)
	at org.eclipse.jdt.internal.core.Openable.getBuffer(Openable.java:296)
	at org.eclipse.jdt.ls.core.internal.handlers.WorkspaceDiagnosticsHandler.publishDiagnostics(WorkspaceDiagnosticsHandler.java:320)
	at org.eclipse.jdt.ls.core.internal.handlers.WorkspaceDiagnosticsHandler.publishDiagnostics(WorkspaceDiagnosticsHandler.java:245)
	at org.eclipse.jdt.ls.core.internal.handlers.JDTLanguageServer$2.run(JDTLanguageServer.java:321)
	at org.eclipse.core.internal.jobs.Worker.run(Worker.java:63)
!SUBENTRY 1 org.eclipse.jdt.core 4 1006 2024-03-01 16:48:33.728
!MESSAGE src/test/java/com.ontariotechu.sofe3980U [in BinaryCalculatorWebapp] is not on its project's build path

!ENTRY org.eclipse.jdt.ls.core 4 0 2024-03-01 16:48:33.734
!MESSAGE Failed to publish diagnostics for file:///home/rupammittal9/SOFE3980U-Lab3/BinaryCalculatorWebapp/src/test/java/com.ontariotechu.sofe3980U/BinaryAPIControllerTest.java
!STACK 1
Java Model Exception: Error in Java Model (code 1006): src/test/java/com.ontariotechu.sofe3980U [in BinaryCalculatorWebapp] is not on its project's build path
	at org.eclipse.jdt.internal.core.JavaElement.newJavaModelException(JavaElement.java:584)
	at org.eclipse.jdt.internal.core.Openable.generateInfos(Openable.java:254)
	at org.eclipse.jdt.internal.core.Openable.openAncestors(Openable.java:528)
	at org.eclipse.jdt.internal.core.Openable.generateInfos(Openable.java:248)
	at org.eclipse.jdt.internal.core.Openable.openAncestors(Openable.java:528)
	at org.eclipse.jdt.internal.core.CompilationUnit.openAncestors(CompilationUnit.java:1246)
	at org.eclipse.jdt.internal.core.Openable.generateInfos(Openable.java:248)
	at org.eclipse.jdt.internal.core.JavaElement.openWhenClosed(JavaElement.java:597)
	at org.eclipse.jdt.internal.core.JavaElement.getElementInfo(JavaElement.java:328)
	at org.eclipse.jdt.internal.core.JavaElement.getElementInfo(JavaElement.java:314)
	at org.eclipse.jdt.internal.core.Openable.getBuffer(Openable.java:296)
	at org.eclipse.jdt.ls.core.internal.handlers.WorkspaceDiagnosticsHandler.publishDiagnostics(WorkspaceDiagnosticsHandler.java:320)
	at org.eclipse.jdt.ls.core.internal.handlers.WorkspaceDiagnosticsHandler.publishDiagnostics(WorkspaceDiagnosticsHandler.java:245)
	at org.eclipse.jdt.ls.core.internal.handlers.JDTLanguageServer$2.run(JDTLanguageServer.java:321)
	at org.eclipse.core.internal.jobs.Worker.run(Worker.java:63)
!SUBENTRY 1 org.eclipse.jdt.core 4 1006 2024-03-01 16:48:33.735
!MESSAGE src/test/java/com.ontariotechu.sofe3980U [in BinaryCalculatorWebapp] is not on its project's build path

!ENTRY org.eclipse.jdt.ls.core 4 0 2024-03-01 16:48:33.749
!MESSAGE Failed to publish diagnostics for file:///home/rupammittal9/SOFE3980U-Lab3/BinaryCalculatorWebapp/src/main/java/com.ontariotechu.sofe3980U/APIResult.java
!STACK 1
Java Model Exception: Error in Java Model (code 1006): src/main/java/com.ontariotechu.sofe3980U [in BinaryCalculatorWebapp] is not on its project's build path
	at org.eclipse.jdt.internal.core.JavaElement.newJavaModelException(JavaElement.java:584)
	at org.eclipse.jdt.internal.core.Openable.generateInfos(Openable.java:254)
	at org.eclipse.jdt.internal.core.Openable.openAncestors(Openable.java:528)
	at org.eclipse.jdt.internal.core.Openable.generateInfos(Openable.java:248)
	at org.eclipse.jdt.internal.core.Openable.openAncestors(Openable.java:528)
	at org.eclipse.jdt.internal.core.CompilationUnit.openAncestors(CompilationUnit.java:1246)
	at org.eclipse.jdt.internal.core.Openable.generateInfos(Openable.java:248)
	at org.eclipse.jdt.internal.core.JavaElement.openWhenClosed(JavaElement.java:597)
	at org.eclipse.jdt.internal.core.JavaElement.getElementInfo(JavaElement.java:328)
	at org.eclipse.jdt.internal.core.JavaElement.getElementInfo(JavaElement.java:314)
	at org.eclipse.jdt.internal.core.Openable.getBuffer(Openable.java:296)
	at org.eclipse.jdt.ls.core.internal.handlers.WorkspaceDiagnosticsHandler.publishDiagnostics(WorkspaceDiagnosticsHandler.java:320)
	at org.eclipse.jdt.ls.core.internal.handlers.WorkspaceDiagnosticsHandler.publishDiagnostics(WorkspaceDiagnosticsHandler.java:245)
	at org.eclipse.jdt.ls.core.internal.handlers.JDTLanguageServer$2.run(JDTLanguageServer.java:321)
	at org.eclipse.core.internal.jobs.Worker.run(Worker.java:63)
!SUBENTRY 1 org.eclipse.jdt.core 4 1006 2024-03-01 16:48:33.750
!MESSAGE src/main/java/com.ontariotechu.sofe3980U [in BinaryCalculatorWebapp] is not on its project's build path

!ENTRY org.eclipse.jdt.ls.core 4 0 2024-03-01 16:48:33.766
!MESSAGE Failed to publish diagnostics for file:///home/rupammittal9/SOFE3980U-Lab3/BinaryCalculatorWebapp/src/test/java/com.ontariotechu.sofe3980U/HelloControllerTest.java
!STACK 1
Java Model Exception: Error in Java Model (code 1006): src/test/java/com.ontariotechu.sofe3980U [in BinaryCalculatorWebapp] is not on its project's build path
	at org.eclipse.jdt.internal.core.JavaElement.newJavaModelException(JavaElement.java:584)
	at org.eclipse.jdt.internal.core.Openable.generateInfos(Openable.java:254)
	at org.eclipse.jdt.internal.core.Openable.openAncestors(Openable.java:528)
	at org.eclipse.jdt.internal.core.Openable.generateInfos(Openable.java:248)
	at org.eclipse.jdt.internal.core.Openable.openAncestors(Openable.java:528)
	at org.eclipse.jdt.internal.core.CompilationUnit.openAncestors(CompilationUnit.java:1246)
	at org.eclipse.jdt.internal.core.Openable.generateInfos(Openable.java:248)
	at org.eclipse.jdt.internal.core.JavaElement.openWhenClosed(JavaElement.java:597)
	at org.eclipse.jdt.internal.core.JavaElement.getElementInfo(JavaElement.java:328)
	at org.eclipse.jdt.internal.core.JavaElement.getElementInfo(JavaElement.java:314)
	at org.eclipse.jdt.internal.core.Openable.getBuffer(Openable.java:296)
	at org.eclipse.jdt.ls.core.internal.handlers.WorkspaceDiagnosticsHandler.publishDiagnostics(WorkspaceDiagnosticsHandler.java:320)
	at org.eclipse.jdt.ls.core.internal.handlers.WorkspaceDiagnosticsHandler.publishDiagnostics(WorkspaceDiagnosticsHandler.java:245)
	at org.eclipse.jdt.ls.core.internal.handlers.JDTLanguageServer$2.run(JDTLanguageServer.java:321)
	at org.eclipse.core.internal.jobs.Worker.run(Worker.java:63)
!SUBENTRY 1 org.eclipse.jdt.core 4 1006 2024-03-01 16:48:33.767
!MESSAGE src/test/java/com.ontariotechu.sofe3980U [in BinaryCalculatorWebapp] is not on its project's build path

!ENTRY org.eclipse.jdt.ls.core 4 0 2024-03-01 16:48:33.773
!MESSAGE Failed to publish diagnostics for file:///home/rupammittal9/SOFE3980U-Lab3/BinaryCalculatorWebapp/src/main/java/com.ontariotechu.sofe3980U/BinaryAPIResult.java
!STACK 1
Java Model Exception: Error in Java Model (code 1006): src/main/java/com.ontariotechu.sofe3980U [in BinaryCalculatorWebapp] is not on its project's build path
	at org.eclipse.jdt.internal.core.JavaElement.newJavaModelException(JavaElement.java:584)
	at org.eclipse.jdt.internal.core.Openable.generateInfos(Openable.java:254)
	at org.eclipse.jdt.internal.core.Openable.openAncestors(Openable.java:528)
	at org.eclipse.jdt.internal.core.Openable.generateInfos(Openable.java:248)
	at org.eclipse.jdt.internal.core.Openable.openAncestors(Openable.java:528)
	at org.eclipse.jdt.internal.core.CompilationUnit.openAncestors(CompilationUnit.java:1246)
	at org.eclipse.jdt.internal.core.Openable.generateInfos(Openable.java:248)
	at org.eclipse.jdt.internal.core.JavaElement.openWhenClosed(JavaElement.java:597)
	at org.eclipse.jdt.internal.core.JavaElement.getElementInfo(JavaElement.java:328)
	at org.eclipse.jdt.internal.core.JavaElement.getElementInfo(JavaElement.java:314)
	at org.eclipse.jdt.internal.core.Openable.getBuffer(Openable.java:296)
	at org.eclipse.jdt.ls.core.internal.handlers.WorkspaceDiagnosticsHandler.publishDiagnostics(WorkspaceDiagnosticsHandler.java:320)
	at org.eclipse.jdt.ls.core.internal.handlers.WorkspaceDiagnosticsHandler.publishDiagnostics(WorkspaceDiagnosticsHandler.java:245)
	at org.eclipse.jdt.ls.core.internal.handlers.JDTLanguageServer$2.run(JDTLanguageServer.java:321)
	at org.eclipse.core.internal.jobs.Worker.run(Worker.java:63)
!SUBENTRY 1 org.eclipse.jdt.core 4 1006 2024-03-01 16:48:33.773
!MESSAGE src/main/java/com.ontariotechu.sofe3980U [in BinaryCalculatorWebapp] is not on its project's build path

!ENTRY org.eclipse.jdt.ls.core 4 0 2024-03-01 16:48:33.775
!MESSAGE Failed to publish diagnostics for file:///home/rupammittal9/SOFE3980U-Lab3/BinaryCalculatorWebapp/src/main/java/com.ontariotechu.sofe3980U/BinaryController.java
!STACK 1
Java Model Exception: Error in Java Model (code 1006): src/main/java/com.ontariotechu.sofe3980U [in BinaryCalculatorWebapp] is not on its project's build path
	at org.eclipse.jdt.internal.core.JavaElement.newJavaModelException(JavaElement.java:584)
	at org.eclipse.jdt.internal.core.Openable.generateInfos(Openable.java:254)
	at org.eclipse.jdt.internal.core.Openable.openAncestors(Openable.java:528)
	at org.eclipse.jdt.internal.core.Openable.generateInfos(Openable.java:248)
	at org.eclipse.jdt.internal.core.Openable.openAncestors(Openable.java:528)
	at org.eclipse.jdt.internal.core.CompilationUnit.openAncestors(CompilationUnit.java:1246)
	at org.eclipse.jdt.internal.core.Openable.generateInfos(Openable.java:248)
	at org.eclipse.jdt.internal.core.JavaElement.openWhenClosed(JavaElement.java:597)
	at org.eclipse.jdt.internal.core.JavaElement.getElementInfo(JavaElement.java:328)
	at org.eclipse.jdt.internal.core.JavaElement.getElementInfo(JavaElement.java:314)
	at org.eclipse.jdt.internal.core.Openable.getBuffer(Openable.java:296)
	at org.eclipse.jdt.ls.core.internal.handlers.WorkspaceDiagnosticsHandler.publishDiagnostics(WorkspaceDiagnosticsHandler.java:320)
	at org.eclipse.jdt.ls.core.internal.handlers.WorkspaceDiagnosticsHandler.publishDiagnostics(WorkspaceDiagnosticsHandler.java:245)
	at org.eclipse.jdt.ls.core.internal.handlers.JDTLanguageServer$2.run(JDTLanguageServer.java:321)
	at org.eclipse.core.internal.jobs.Worker.run(Worker.java:63)
!SUBENTRY 1 org.eclipse.jdt.core 4 1006 2024-03-01 16:48:33.775
!MESSAGE src/main/java/com.ontariotechu.sofe3980U [in BinaryCalculatorWebapp] is not on its project's build path

!ENTRY org.eclipse.jdt.ls.core 4 0 2024-03-01 16:48:33.785
!MESSAGE Failed to publish diagnostics for file:///home/rupammittal9/SOFE3980U-Lab3/BinaryCalculatorWebapp/src/main/java/com.ontariotechu.sofe3980U/BinaryAPIController.java
!STACK 1
Java Model Exception: Error in Java Model (code 1006): src/main/java/com.ontariotechu.sofe3980U [in BinaryCalculatorWebapp] is not on its project's build path
	at org.eclipse.jdt.internal.core.JavaElement.newJavaModelException(JavaElement.java:584)
	at org.eclipse.jdt.internal.core.Openable.generateInfos(Openable.java:254)
	at org.eclipse.jdt.internal.core.Openable.openAncestors(Openable.java:528)
	at org.eclipse.jdt.internal.core.Openable.generateInfos(Openable.java:248)
	at org.eclipse.jdt.internal.core.Openable.openAncestors(Openable.java:528)
	at org.eclipse.jdt.internal.core.CompilationUnit.openAncestors(CompilationUnit.java:1246)
	at org.eclipse.jdt.internal.core.Openable.generateInfos(Openable.java:248)
	at org.eclipse.jdt.internal.core.JavaElement.openWhenClosed(JavaElement.java:597)
	at org.eclipse.jdt.internal.core.JavaElement.getElementInfo(JavaElement.java:328)
	at org.eclipse.jdt.internal.core.JavaElement.getElementInfo(JavaElement.java:314)
	at org.eclipse.jdt.internal.core.Openable.getBuffer(Openable.java:296)
	at org.eclipse.jdt.ls.core.internal.handlers.WorkspaceDiagnosticsHandler.publishDiagnostics(WorkspaceDiagnosticsHandler.java:320)
	at org.eclipse.jdt.ls.core.internal.handlers.WorkspaceDiagnosticsHandler.publishDiagnostics(WorkspaceDiagnosticsHandler.java:245)
	at org.eclipse.jdt.ls.core.internal.handlers.JDTLanguageServer$2.run(JDTLanguageServer.java:321)
	at org.eclipse.core.internal.jobs.Worker.run(Worker.java:63)
!SUBENTRY 1 org.eclipse.jdt.core 4 1006 2024-03-01 16:48:33.788
!MESSAGE src/main/java/com.ontariotechu.sofe3980U [in BinaryCalculatorWebapp] is not on its project's build path

!ENTRY org.eclipse.jdt.ls.core 4 0 2024-03-01 16:48:33.798
!MESSAGE Failed to publish diagnostics for file:///home/rupammittal9/SOFE3980U-Lab3/BinaryCalculatorWebapp/src/test/java/com.ontariotechu.sofe3980U/BinaryControllerTest.java
!STACK 1
Java Model Exception: Error in Java Model (code 1006): src/test/java/com.ontariotechu.sofe3980U [in BinaryCalculatorWebapp] is not on its project's build path
	at org.eclipse.jdt.internal.core.JavaElement.newJavaModelException(JavaElement.java:584)
	at org.eclipse.jdt.internal.core.Openable.generateInfos(Openable.java:254)
	at org.eclipse.jdt.internal.core.Openable.openAncestors(Openable.java:528)
	at org.eclipse.jdt.internal.core.Openable.generateInfos(Openable.java:248)
	at org.eclipse.jdt.internal.core.Openable.openAncestors(Openable.java:528)
	at org.eclipse.jdt.internal.core.CompilationUnit.openAncestors(CompilationUnit.java:1246)
	at org.eclipse.jdt.internal.core.Openable.generateInfos(Openable.java:248)
	at org.eclipse.jdt.internal.core.JavaElement.openWhenClosed(JavaElement.java:597)
	at org.eclipse.jdt.internal.core.JavaElement.getElementInfo(JavaElement.java:328)
	at org.eclipse.jdt.internal.core.JavaElement.getElementInfo(JavaElement.java:314)
	at org.eclipse.jdt.internal.core.Openable.getBuffer(Openable.java:296)
	at org.eclipse.jdt.ls.core.internal.handlers.WorkspaceDiagnosticsHandler.publishDiagnostics(WorkspaceDiagnosticsHandler.java:320)
	at org.eclipse.jdt.ls.core.internal.handlers.WorkspaceDiagnosticsHandler.publishDiagnostics(WorkspaceDiagnosticsHandler.java:245)
	at org.eclipse.jdt.ls.core.internal.handlers.JDTLanguageServer$2.run(JDTLanguageServer.java:321)
	at org.eclipse.core.internal.jobs.Worker.run(Worker.java:63)
!SUBENTRY 1 org.eclipse.jdt.core 4 1006 2024-03-01 16:48:33.798
!MESSAGE src/test/java/com.ontariotechu.sofe3980U [in BinaryCalculatorWebapp] is not on its project's build path

!ENTRY org.eclipse.jdt.ls.core 4 0 2024-03-01 16:48:33.802
!MESSAGE Failed to publish diagnostics for file:///home/rupammittal9/SOFE3980U-Lab3/BinaryCalculatorWebapp/src/main/java/com.ontariotechu.sofe3980U/HelloAPIController.java
!STACK 1
Java Model Exception: Error in Java Model (code 1006): src/main/java/com.ontariotechu.sofe3980U [in BinaryCalculatorWebapp] is not on its project's build path
	at org.eclipse.jdt.internal.core.JavaElement.newJavaModelException(JavaElement.java:584)
	at org.eclipse.jdt.internal.core.Openable.generateInfos(Openable.java:254)
	at org.eclipse.jdt.internal.core.Openable.openAncestors(Openable.java:528)
	at org.eclipse.jdt.internal.core.Openable.generateInfos(Openable.java:248)
	at org.eclipse.jdt.internal.core.Openable.openAncestors(Openable.java:528)
	at org.eclipse.jdt.internal.core.CompilationUnit.openAncestors(CompilationUnit.java:1246)
	at org.eclipse.jdt.internal.core.Openable.generateInfos(Openable.java:248)
	at org.eclipse.jdt.internal.core.JavaElement.openWhenClosed(JavaElement.java:597)
	at org.eclipse.jdt.internal.core.JavaElement.getElementInfo(JavaElement.java:328)
	at org.eclipse.jdt.internal.core.JavaElement.getElementInfo(JavaElement.java:314)
	at org.eclipse.jdt.internal.core.Openable.getBuffer(Openable.java:296)
	at org.eclipse.jdt.ls.core.internal.handlers.WorkspaceDiagnosticsHandler.publishDiagnostics(WorkspaceDiagnosticsHandler.java:320)
	at org.eclipse.jdt.ls.core.internal.handlers.WorkspaceDiagnosticsHandler.publishDiagnostics(WorkspaceDiagnosticsHandler.java:245)
	at org.eclipse.jdt.ls.core.internal.handlers.JDTLanguageServer$2.run(JDTLanguageServer.java:321)
	at org.eclipse.core.internal.jobs.Worker.run(Worker.java:63)
!SUBENTRY 1 org.eclipse.jdt.core 4 1006 2024-03-01 16:48:33.802
!MESSAGE src/main/java/com.ontariotechu.sofe3980U [in BinaryCalculatorWebapp] is not on its project's build path

!ENTRY org.eclipse.jdt.ls.core 4 0 2024-03-01 16:48:33.805
!MESSAGE Failed to publish diagnostics for file:///home/rupammittal9/SOFE3980U-Lab3/BinaryCalculatorWebapp/src/main/java/com.ontariotechu.sofe3980U/Binary.java
!STACK 1
Java Model Exception: Error in Java Model (code 1006): src/main/java/com.ontariotechu.sofe3980U [in BinaryCalculatorWebapp] is not on its project's build path
	at org.eclipse.jdt.internal.core.JavaElement.newJavaModelException(JavaElement.java:584)
	at org.eclipse.jdt.internal.core.Openable.generateInfos(Openable.java:254)
	at org.eclipse.jdt.internal.core.Openable.openAncestors(Openable.java:528)
	at org.eclipse.jdt.internal.core.Openable.generateInfos(Openable.java:248)
	at org.eclipse.jdt.internal.core.Openable.openAncestors(Openable.java:528)
	at org.eclipse.jdt.internal.core.CompilationUnit.openAncestors(CompilationUnit.java:1246)
	at org.eclipse.jdt.internal.core.Openable.generateInfos(Openable.java:248)
	at org.eclipse.jdt.internal.core.JavaElement.openWhenClosed(JavaElement.java:597)
	at org.eclipse.jdt.internal.core.JavaElement.getElementInfo(JavaElement.java:328)
	at org.eclipse.jdt.internal.core.JavaElement.getElementInfo(JavaElement.java:314)
	at org.eclipse.jdt.internal.core.Openable.getBuffer(Openable.java:296)
	at org.eclipse.jdt.ls.core.internal.handlers.WorkspaceDiagnosticsHandler.publishDiagnostics(WorkspaceDiagnosticsHandler.java:320)
	at org.eclipse.jdt.ls.core.internal.handlers.WorkspaceDiagnosticsHandler.publishDiagnostics(WorkspaceDiagnosticsHandler.java:245)
	at org.eclipse.jdt.ls.core.internal.handlers.JDTLanguageServer$2.run(JDTLanguageServer.java:321)
	at org.eclipse.core.internal.jobs.Worker.run(Worker.java:63)
!SUBENTRY 1 org.eclipse.jdt.core 4 1006 2024-03-01 16:48:33.805
!MESSAGE src/main/java/com.ontariotechu.sofe3980U [in BinaryCalculatorWebapp] is not on its project's build path

!ENTRY org.eclipse.jdt.ls.core 4 0 2024-03-01 16:48:33.817
!MESSAGE Failed to publish diagnostics for file:///home/rupammittal9/SOFE3980U-Lab3/BinaryCalculatorWebapp/src/main/java/com.ontariotechu.sofe3980U/Application.java
!STACK 1
Java Model Exception: Error in Java Model (code 1006): src/main/java/com.ontariotechu.sofe3980U [in BinaryCalculatorWebapp] is not on its project's build path
	at org.eclipse.jdt.internal.core.JavaElement.newJavaModelException(JavaElement.java:584)
	at org.eclipse.jdt.internal.core.Openable.generateInfos(Openable.java:254)
	at org.eclipse.jdt.internal.core.Openable.openAncestors(Openable.java:528)
	at org.eclipse.jdt.internal.core.Openable.generateInfos(Openable.java:248)
	at org.eclipse.jdt.internal.core.Openable.openAncestors(Openable.java:528)
	at org.eclipse.jdt.internal.core.CompilationUnit.openAncestors(CompilationUnit.java:1246)
	at org.eclipse.jdt.internal.core.Openable.generateInfos(Openable.java:248)
	at org.eclipse.jdt.internal.core.JavaElement.openWhenClosed(JavaElement.java:597)
	at org.eclipse.jdt.internal.core.JavaElement.getElementInfo(JavaElement.java:328)
	at org.eclipse.jdt.internal.core.JavaElement.getElementInfo(JavaElement.java:314)
	at org.eclipse.jdt.internal.core.Openable.getBuffer(Openable.java:296)
	at org.eclipse.jdt.ls.core.internal.handlers.WorkspaceDiagnosticsHandler.publishDiagnostics(WorkspaceDiagnosticsHandler.java:320)
	at org.eclipse.jdt.ls.core.internal.handlers.WorkspaceDiagnosticsHandler.publishDiagnostics(WorkspaceDiagnosticsHandler.java:245)
	at org.eclipse.jdt.ls.core.internal.handlers.JDTLanguageServer$2.run(JDTLanguageServer.java:321)
	at org.eclipse.core.internal.jobs.Worker.run(Worker.java:63)
!SUBENTRY 1 org.eclipse.jdt.core 4 1006 2024-03-01 16:48:33.818
!MESSAGE src/main/java/com.ontariotechu.sofe3980U [in BinaryCalculatorWebapp] is not on its project's build path

!ENTRY org.eclipse.jdt.ls.core 4 0 2024-03-01 16:48:33.833
!MESSAGE Failed to publish diagnostics for file:///home/rupammittal9/SOFE3980U-Lab3/BinaryCalculatorWebapp/src/main/java/com.ontariotechu.sofe3980U/HelloController.java
!STACK 1
Java Model Exception: Error in Java Model (code 1006): src/main/java/com.ontariotechu.sofe3980U [in BinaryCalculatorWebapp] is not on its project's build path
	at org.eclipse.jdt.internal.core.JavaElement.newJavaModelException(JavaElement.java:584)
	at org.eclipse.jdt.internal.core.Openable.generateInfos(Openable.java:254)
	at org.eclipse.jdt.internal.core.Openable.openAncestors(Openable.java:528)
	at org.eclipse.jdt.internal.core.Openable.generateInfos(Openable.java:248)
	at org.eclipse.jdt.internal.core.Openable.openAncestors(Openable.java:528)
	at org.eclipse.jdt.internal.core.CompilationUnit.openAncestors(CompilationUnit.java:1246)
	at org.eclipse.jdt.internal.core.Openable.generateInfos(Openable.java:248)
	at org.eclipse.jdt.internal.core.JavaElement.openWhenClosed(JavaElement.java:597)
	at org.eclipse.jdt.internal.core.JavaElement.getElementInfo(JavaElement.java:328)
	at org.eclipse.jdt.internal.core.JavaElement.getElementInfo(JavaElement.java:314)
	at org.eclipse.jdt.internal.core.Openable.getBuffer(Openable.java:296)
	at org.eclipse.jdt.ls.core.internal.handlers.WorkspaceDiagnosticsHandler.publishDiagnostics(WorkspaceDiagnosticsHandler.java:320)
	at org.eclipse.jdt.ls.core.internal.handlers.WorkspaceDiagnosticsHandler.publishDiagnostics(WorkspaceDiagnosticsHandler.java:245)
	at org.eclipse.jdt.ls.core.internal.handlers.JDTLanguageServer$2.run(JDTLanguageServer.java:321)
	at org.eclipse.core.internal.jobs.Worker.run(Worker.java:63)
!SUBENTRY 1 org.eclipse.jdt.core 4 1006 2024-03-01 16:48:33.834
!MESSAGE src/main/java/com.ontariotechu.sofe3980U [in BinaryCalculatorWebapp] is not on its project's build path

!ENTRY org.eclipse.jdt.ls.core 1 0 2024-03-01 16:49:00.201
!MESSAGE Updated workspace folders in 1 ms: Added 0 folder(s), removed0 folders.

!ENTRY org.eclipse.jdt.ls.core 1 0 2024-03-01 16:49:00.207
!MESSAGE Projects:
BinaryCalculatorWebapp: /home/rupammittal9/SOFE3980U-Lab3/BinaryCalculatorWebapp
  resolved classpath:
  /BinaryCalculatorWebapp/src/main/java
  /BinaryCalculatorWebapp/src/main/resources
  /BinaryCalculatorWebapp/src/test/java
  /BinaryCalculatorWebapp/src/test/resources
  org.eclipse.jdt.launching.JRE_CONTAINER/org.eclipse.jdt.internal.debug.ui.launcher.StandardVMType/JavaSE-1.8
    /usr/lib/jvm/java-17-openjdk-amd64/lib/jrt-fs.jar
    /usr/lib/jvm/java-17-openjdk-amd64/lib/jrt-fs.jar
    /usr/lib/jvm/java-17-openjdk-amd64/lib/jrt-fs.jar
    /usr/lib/jvm/java-17-openjdk-amd64/lib/jrt-fs.jar
    /usr/lib/jvm/java-17-openjdk-amd64/lib/jrt-fs.jar
    /usr/lib/jvm/java-17-openjdk-amd64/lib/jrt-fs.jar
    /usr/lib/jvm/java-17-openjdk-amd64/lib/jrt-fs.jar
    /usr/lib/jvm/java-17-openjdk-amd64/lib/jrt-fs.jar
    /usr/lib/jvm/java-17-openjdk-amd64/lib/jrt-fs.jar
    /usr/lib/jvm/java-17-openjdk-amd64/lib/jrt-fs.jar
    /usr/lib/jvm/java-17-openjdk-amd64/lib/jrt-fs.jar
    /usr/lib/jvm/java-17-openjdk-amd64/lib/jrt-fs.jar
    /usr/lib/jvm/java-17-openjdk-amd64/lib/jrt-fs.jar
    /usr/lib/jvm/java-17-openjdk-amd64/lib/jrt-fs.jar
    /usr/lib/jvm/java-17-openjdk-amd64/lib/jrt-fs.jar
    /usr/lib/jvm/java-17-openjdk-amd64/lib/jrt-fs.jar
    /usr/lib/jvm/java-17-openjdk-amd64/lib/jrt-fs.jar
    /usr/lib/jvm/java-17-openjdk-amd64/lib/jrt-fs.jar
    /usr/lib/jvm/java-17-openjdk-amd64/lib/jrt-fs.jar
    /usr/lib/jvm/java-17-openjdk-amd64/lib/jrt-fs.jar
    /usr/lib/jvm/java-17-openjdk-amd64/lib/jrt-fs.jar
    /usr/lib/jvm/java-17-openjdk-amd64/lib/jrt-fs.jar
    /usr/lib/jvm/java-17-openjdk-amd64/lib/jrt-fs.jar
    /usr/lib/jvm/java-17-openjdk-amd64/lib/jrt-fs.jar
    /usr/lib/jvm/java-17-openjdk-amd64/lib/jrt-fs.jar
    /usr/lib/jvm/java-17-openjdk-amd64/lib/jrt-fs.jar
    /usr/lib/jvm/java-17-openjdk-amd64/lib/jrt-fs.jar
    /usr/lib/jvm/java-17-openjdk-amd64/lib/jrt-fs.jar
    /usr/lib/jvm/java-17-openjdk-amd64/lib/jrt-fs.jar
    /usr/lib/jvm/java-17-openjdk-amd64/lib/jrt-fs.jar
    /usr/lib/jvm/java-17-openjdk-amd64/lib/jrt-fs.jar
    /usr/lib/jvm/java-17-openjdk-amd64/lib/jrt-fs.jar
    /usr/lib/jvm/java-17-openjdk-amd64/lib/jrt-fs.jar
    /usr/lib/jvm/java-17-openjdk-amd64/lib/jrt-fs.jar
    /usr/lib/jvm/java-17-openjdk-amd64/lib/jrt-fs.jar
    /usr/lib/jvm/java-17-openjdk-amd64/lib/jrt-fs.jar
    /usr/lib/jvm/java-17-openjdk-amd64/lib/jrt-fs.jar
    /usr/lib/jvm/java-17-openjdk-amd64/lib/jrt-fs.jar
    /usr/lib/jvm/java-17-openjdk-amd64/lib/jrt-fs.jar
    /usr/lib/jvm/java-17-openjdk-amd64/lib/jrt-fs.jar
    /usr/lib/jvm/java-17-openjdk-amd64/lib/jrt-fs.jar
    /usr/lib/jvm/java-17-openjdk-amd64/lib/jrt-fs.jar
    /usr/lib/jvm/java-17-openjdk-amd64/lib/jrt-fs.jar
    /usr/lib/jvm/java-17-openjdk-amd64/lib/jrt-fs.jar
    /usr/lib/jvm/java-17-openjdk-amd64/lib/jrt-fs.jar
    /usr/lib/jvm/java-17-openjdk-amd64/lib/jrt-fs.jar
    /usr/lib/jvm/java-17-openjdk-amd64/lib/jrt-fs.jar
    /usr/lib/jvm/java-17-openjdk-amd64/lib/jrt-fs.jar
    /usr/lib/jvm/java-17-openjdk-amd64/lib/jrt-fs.jar
    /usr/lib/jvm/java-17-openjdk-amd64/lib/jrt-fs.jar
    /usr/lib/jvm/java-17-openjdk-amd64/lib/jrt-fs.jar
  org.eclipse.m2e.MAVEN2_CLASSPATH_CONTAINER
    /home/rupammittal9/.m2/repository/org/springframework/boot/spring-boot-starter-web/2.1.2.RELEASE/spring-boot-starter-web-2.1.2.RELEASE.jar
    /home/rupammittal9/.m2/repository/org/springframework/boot/spring-boot-starter/2.1.2.RELEASE/spring-boot-starter-2.1.2.RELEASE.jar
    /home/rupammittal9/.m2/repository/org/springframework/boot/spring-boot-starter-logging/2.1.2.RELEASE/spring-boot-starter-logging-2.1.2.RELEASE.jar
    /home/rupammittal9/.m2/repository/ch/qos/logback/logback-classic/1.2.3/logback-classic-1.2.3.jar
    /home/rupammittal9/.m2/repository/ch/qos/logback/logback-core/1.2.3/logback-core-1.2.3.jar
    /home/rupammittal9/.m2/repository/org/apache/logging/log4j/log4j-to-slf4j/2.11.1/log4j-to-slf4j-2.11.1.jar
    /home/rupammittal9/.m2/repository/org/apache/logging/log4j/log4j-api/2.11.1/log4j-api-2.11.1.jar
    /home/rupammittal9/.m2/repository/org/slf4j/jul-to-slf4j/1.7.25/jul-to-slf4j-1.7.25.jar
    /home/rupammittal9/.m2/repository/javax/annotation/javax.annotation-api/1.3.2/javax.annotation-api-1.3.2.jar
    /home/rupammittal9/.m2/repository/org/yaml/snakeyaml/1.23/snakeyaml-1.23.jar
    /home/rupammittal9/.m2/repository/org/springframework/boot/spring-boot-starter-json/2.1.2.RELEASE/spring-boot-starter-json-2.1.2.RELEASE.jar
    /home/rupammittal9/.m2/repository/com/fasterxml/jackson/core/jackson-databind/2.9.8/jackson-databind-2.9.8.jar
    /home/rupammittal9/.m2/repository/com/fasterxml/jackson/core/jackson-annotations/2.9.0/jackson-annotations-2.9.0.jar
    /home/rupammittal9/.m2/repository/com/fasterxml/jackson/core/jackson-core/2.9.8/jackson-core-2.9.8.jar
    /home/rupammittal9/.m2/repository/com/fasterxml/jackson/datatype/jackson-datatype-jdk8/2.9.8/jackson-datatype-jdk8-2.9.8.jar
    /home/rupammittal9/.m2/repository/com/fasterxml/jackson/datatype/jackson-datatype-jsr310/2.9.8/jackson-datatype-jsr310-2.9.8.jar
    /home/rupammittal9/.m2/repository/com/fasterxml/jackson/module/jackson-module-parameter-names/2.9.8/jackson-module-parameter-names-2.9.8.jar
    /home/rupammittal9/.m2/repository/org/springframework/boot/spring-boot-starter-tomcat/2.1.2.RELEASE/spring-boot-starter-tomcat-2.1.2.RELEASE.jar
    /home/rupammittal9/.m2/repository/org/apache/tomcat/embed/tomcat-embed-core/9.0.14/tomcat-embed-core-9.0.14.jar
    /home/rupammittal9/.m2/repository/org/apache/tomcat/embed/tomcat-embed-el/9.0.14/tomcat-embed-el-9.0.14.jar
    /home/rupammittal9/.m2/repository/org/apache/tomcat/embed/tomcat-embed-websocket/9.0.14/tomcat-embed-websocket-9.0.14.jar
    /home/rupammittal9/.m2/repository/org/hibernate/validator/hibernate-validator/6.0.14.Final/hibernate-validator-6.0.14.Final.jar
    /home/rupammittal9/.m2/repository/javax/validation/validation-api/2.0.1.Final/validation-api-2.0.1.Final.jar
    /home/rupammittal9/.m2/repository/org/jboss/logging/jboss-logging/3.3.2.Final/jboss-logging-3.3.2.Final.jar
    /home/rupammittal9/.m2/repository/com/fasterxml/classmate/1.4.0/classmate-1.4.0.jar
    /home/rupammittal9/.m2/repository/org/springframework/spring-web/5.1.4.RELEASE/spring-web-5.1.4.RELEASE.jar
    /home/rupammittal9/.m2/repository/org/springframework/spring-beans/5.1.4.RELEASE/spring-beans-5.1.4.RELEASE.jar
    /home/rupammittal9/.m2/repository/org/springframework/spring-webmvc/5.1.4.RELEASE/spring-webmvc-5.1.4.RELEASE.jar
    /home/rupammittal9/.m2/repository/org/springframework/spring-aop/5.1.4.RELEASE/spring-aop-5.1.4.RELEASE.jar
    /home/rupammittal9/.m2/repository/org/springframework/spring-context/5.1.4.RELEASE/spring-context-5.1.4.RELEASE.jar
    /home/rupammittal9/.m2/repository/org/springframework/spring-expression/5.1.4.RELEASE/spring-expression-5.1.4.RELEASE.jar
    /home/rupammittal9/.m2/repository/org/springframework/boot/spring-boot-starter-thymeleaf/2.1.2.RELEASE/spring-boot-starter-thymeleaf-2.1.2.RELEASE.jar
    /home/rupammittal9/.m2/repository/org/thymeleaf/thymeleaf-spring5/3.0.11.RELEASE/thymeleaf-spring5-3.0.11.RELEASE.jar
    /home/rupammittal9/.m2/repository/org/thymeleaf/thymeleaf/3.0.11.RELEASE/thymeleaf-3.0.11.RELEASE.jar
    /home/rupammittal9/.m2/repository/org/attoparser/attoparser/2.0.5.RELEASE/attoparser-2.0.5.RELEASE.jar
    /home/rupammittal9/.m2/repository/org/unbescape/unbescape/1.1.6.RELEASE/unbescape-1.1.6.RELEASE.jar
    /home/rupammittal9/.m2/repository/org/slf4j/slf4j-api/1.7.25/slf4j-api-1.7.25.jar
    /home/rupammittal9/.m2/repository/org/thymeleaf/extras/thymeleaf-extras-java8time/3.0.2.RELEASE/thymeleaf-extras-java8time-3.0.2.RELEASE.jar
    /home/rupammittal9/.m2/repository/org/springframework/boot/spring-boot-starter-test/2.1.2.RELEASE/spring-boot-starter-test-2.1.2.RELEASE.jar
    /home/rupammittal9/.m2/repository/org/springframework/boot/spring-boot-test/2.1.2.RELEASE/spring-boot-test-2.1.2.RELEASE.jar
    /home/rupammittal9/.m2/repository/org/springframework/boot/spring-boot-test-autoconfigure/2.1.2.RELEASE/spring-boot-test-autoconfigure-2.1.2.RELEASE.jar
    /home/rupammittal9/.m2/repository/com/jayway/jsonpath/json-path/2.4.0/json-path-2.4.0.jar
    /home/rupammittal9/.m2/repository/net/minidev/json-smart/2.3/json-smart-2.3.jar
    /home/rupammittal9/.m2/repository/net/minidev/accessors-smart/1.2/accessors-smart-1.2.jar
    /home/rupammittal9/.m2/repository/org/ow2/asm/asm/5.0.4/asm-5.0.4.jar
    /home/rupammittal9/.m2/repository/junit/junit/4.12/junit-4.12.jar
    /home/rupammittal9/.m2/repository/org/assertj/assertj-core/3.11.1/assertj-core-3.11.1.jar
    /home/rupammittal9/.m2/repository/org/mockito/mockito-core/2.23.4/mockito-core-2.23.4.jar
    /home/rupammittal9/.m2/repository/net/bytebuddy/byte-buddy/1.9.7/byte-buddy-1.9.7.jar
    /home/rupammittal9/.m2/repository/net/bytebuddy/byte-buddy-agent/1.9.7/byte-buddy-agent-1.9.7.jar
    /home/rupammittal9/.m2/repository/org/objenesis/objenesis/2.6/objenesis-2.6.jar
    /home/rupammittal9/.m2/repository/org/hamcrest/hamcrest-core/1.3/hamcrest-core-1.3.jar
    /home/rupammittal9/.m2/repository/org/hamcrest/hamcrest-library/1.3/hamcrest-library-1.3.jar
    /home/rupammittal9/.m2/repository/org/skyscreamer/jsonassert/1.5.0/jsonassert-1.5.0.jar
    /home/rupammittal9/.m2/repository/com/vaadin/external/google/android-json/0.0.20131108.vaadin1/android-json-0.0.20131108.vaadin1.jar
    /home/rupammittal9/.m2/repository/org/springframework/spring-core/5.1.4.RELEASE/spring-core-5.1.4.RELEASE.jar
    /home/rupammittal9/.m2/repository/org/springframework/spring-jcl/5.1.4.RELEASE/spring-jcl-5.1.4.RELEASE.jar
    /home/rupammittal9/.m2/repository/org/springframework/spring-test/5.1.4.RELEASE/spring-test-5.1.4.RELEASE.jar
    /home/rupammittal9/.m2/repository/org/xmlunit/xmlunit-core/2.6.2/xmlunit-core-2.6.2.jar
    /home/rupammittal9/.m2/repository/javax/xml/bind/jaxb-api/2.3.1/jaxb-api-2.3.1.jar
    /home/rupammittal9/.m2/repository/javax/activation/javax.activation-api/1.2.0/javax.activation-api-1.2.0.jar
    /home/rupammittal9/.m2/repository/org/springframework/boot/spring-boot-devtools/2.1.2.RELEASE/spring-boot-devtools-2.1.2.RELEASE.jar
    /home/rupammittal9/.m2/repository/org/springframework/boot/spring-boot/2.1.2.RELEASE/spring-boot-2.1.2.RELEASE.jar
    /home/rupammittal9/.m2/repository/org/springframework/boot/spring-boot-autoconfigure/2.1.2.RELEASE/spring-boot-autoconfigure-2.1.2.RELEASE.jar
  /BinaryCalculatorWebapp/target/generated-sources/annotations
  /BinaryCalculatorWebapp/target/generated-test-sources/test-annotations
jdt.ls-java-project: /home/rupammittal9/.codeoss/data/User/workspaceStorage/2144a8b3/redhat.java/jdt_ws/jdt.ls-java-project
  resolved classpath:
  /jdt.ls-java-project/src
  org.eclipse.jdt.launching.JRE_CONTAINER
    /usr/lib/jvm/java-17-openjdk-amd64/lib/jrt-fs.jar
    /usr/lib/jvm/java-17-openjdk-amd64/lib/jrt-fs.jar
    /usr/lib/jvm/java-17-openjdk-amd64/lib/jrt-fs.jar
    /usr/lib/jvm/java-17-openjdk-amd64/lib/jrt-fs.jar
    /usr/lib/jvm/java-17-openjdk-amd64/lib/jrt-fs.jar
    /usr/lib/jvm/java-17-openjdk-amd64/lib/jrt-fs.jar
    /usr/lib/jvm/java-17-openjdk-amd64/lib/jrt-fs.jar
    /usr/lib/jvm/java-17-openjdk-amd64/lib/jrt-fs.jar
    /usr/lib/jvm/java-17-openjdk-amd64/lib/jrt-fs.jar
    /usr/lib/jvm/java-17-openjdk-amd64/lib/jrt-fs.jar
    /usr/lib/jvm/java-17-openjdk-amd64/lib/jrt-fs.jar
    /usr/lib/jvm/java-17-openjdk-amd64/lib/jrt-fs.jar
    /usr/lib/jvm/java-17-openjdk-amd64/lib/jrt-fs.jar
    /usr/lib/jvm/java-17-openjdk-amd64/lib/jrt-fs.jar
    /usr/lib/jvm/java-17-openjdk-amd64/lib/jrt-fs.jar
    /usr/lib/jvm/java-17-openjdk-amd64/lib/jrt-fs.jar
    /usr/lib/jvm/java-17-openjdk-amd64/lib/jrt-fs.jar
    /usr/lib/jvm/java-17-openjdk-amd64/lib/jrt-fs.jar
    /usr/lib/jvm/java-17-openjdk-amd64/lib/jrt-fs.jar
    /usr/lib/jvm/java-17-openjdk-amd64/lib/jrt-fs.jar
    /usr/lib/jvm/java-17-openjdk-amd64/lib/jrt-fs.jar
    /usr/lib/jvm/java-17-openjdk-amd64/lib/jrt-fs.jar
    /usr/lib/jvm/java-17-openjdk-amd64/lib/jrt-fs.jar
    /usr/lib/jvm/java-17-openjdk-amd64/lib/jrt-fs.jar
    /usr/lib/jvm/java-17-openjdk-amd64/lib/jrt-fs.jar
    /usr/lib/jvm/java-17-openjdk-amd64/lib/jrt-fs.jar
    /usr/lib/jvm/java-17-openjdk-amd64/lib/jrt-fs.jar
    /usr/lib/jvm/java-17-openjdk-amd64/lib/jrt-fs.jar
    /usr/lib/jvm/java-17-openjdk-amd64/lib/jrt-fs.jar
    /usr/lib/jvm/java-17-openjdk-amd64/lib/jrt-fs.jar
    /usr/lib/jvm/java-17-openjdk-amd64/lib/jrt-fs.jar
    /usr/lib/jvm/java-17-openjdk-amd64/lib/jrt-fs.jar
    /usr/lib/jvm/java-17-openjdk-amd64/lib/jrt-fs.jar
    /usr/lib/jvm/java-17-openjdk-amd64/lib/jrt-fs.jar
    /usr/lib/jvm/java-17-openjdk-amd64/lib/jrt-fs.jar
    /usr/lib/jvm/java-17-openjdk-amd64/lib/jrt-fs.jar
    /usr/lib/jvm/java-17-openjdk-amd64/lib/jrt-fs.jar
    /usr/lib/jvm/java-17-openjdk-amd64/lib/jrt-fs.jar
    /usr/lib/jvm/java-17-openjdk-amd64/lib/jrt-fs.jar
    /usr/lib/jvm/java-17-openjdk-amd64/lib/jrt-fs.jar
    /usr/lib/jvm/java-17-openjdk-amd64/lib/jrt-fs.jar
    /usr/lib/jvm/java-17-openjdk-amd64/lib/jrt-fs.jar
    /usr/lib/jvm/java-17-openjdk-amd64/lib/jrt-fs.jar
    /usr/lib/jvm/java-17-openjdk-amd64/lib/jrt-fs.jar
    /usr/lib/jvm/java-17-openjdk-amd64/lib/jrt-fs.jar
    /usr/lib/jvm/java-17-openjdk-amd64/lib/jrt-fs.jar
    /usr/lib/jvm/java-17-openjdk-amd64/lib/jrt-fs.jar
    /usr/lib/jvm/java-17-openjdk-amd64/lib/jrt-fs.jar
    /usr/lib/jvm/java-17-openjdk-amd64/lib/jrt-fs.jar
    /usr/lib/jvm/java-17-openjdk-amd64/lib/jrt-fs.jar
    /usr/lib/jvm/java-17-openjdk-amd64/lib/jrt-fs.jar
Java Runtimes:
  default: /usr/lib/jvm/java-17-openjdk-amd64  CDC 1.0, Foundation 1.0: /usr/lib/jvm/java-17-openjdk-amd64
  Minimum environment to run the OSGi framework 1.0: /usr/lib/jvm/java-17-openjdk-amd64
  CDC 1.1, Foundation 1.1: /usr/lib/jvm/java-17-openjdk-amd64
  Java Runtime Environment 1.1: /usr/lib/jvm/java-17-openjdk-amd64
  Minimum environment to run the OSGi framework 1.1: /usr/lib/jvm/java-17-openjdk-amd64
  Java 2 Platform, Standard Edition 1.2: /usr/lib/jvm/java-17-openjdk-amd64
  Minimum environment to run the OSGi framework 1.2: /usr/lib/jvm/java-17-openjdk-amd64
  Java 2 Platform, Standard Edition 1.3: /usr/lib/jvm/java-17-openjdk-amd64
  Java 2 Platform, Standard Edition 1.4: /usr/lib/jvm/java-17-openjdk-amd64
  Java 2 Platform, Standard Edition 5.0: /usr/lib/jvm/java-17-openjdk-amd64
  Java Platform, Standard Edition 6.0: /usr/lib/jvm/java-17-openjdk-amd64
  Java Platform, Standard Edition 7.0: /usr/lib/jvm/java-17-openjdk-amd64
  Java Platform, Standard Edition 8.0: /usr/lib/jvm/java-17-openjdk-amd64
  Java Platform, Standard Edition 9: /usr/lib/jvm/java-17-openjdk-amd64
  Java Platform, Standard Edition 10: /usr/lib/jvm/java-17-openjdk-amd64
  Java Platform, Standard Edition 11: /usr/lib/jvm/java-17-openjdk-amd64
  Java Platform, Standard Edition 12: /usr/lib/jvm/java-17-openjdk-amd64
  Java Platform, Standard Edition 13: /usr/lib/jvm/java-17-openjdk-amd64
  Java Platform, Standard Edition 14: /usr/lib/jvm/java-17-openjdk-amd64
  Java Platform, Standard Edition 15: /usr/lib/jvm/java-17-openjdk-amd64
  Java Platform, Standard Edition 16: /usr/lib/jvm/java-17-openjdk-amd64
  Java Platform, Standard Edition 17: /usr/lib/jvm/java-17-openjdk-amd64
  Java Platform, Standard Edition 18: -
  Java Platform, Standard Edition 19: -
  Java Platform, Standard Edition 20: -


!ENTRY org.eclipse.jdt.ls.core 1 0 2024-03-01 16:49:00.209
!MESSAGE Updated workspace folders in 1 ms: Added 0 folder(s), removed0 folders.

!ENTRY org.eclipse.jdt.ls.core 1 0 2024-03-01 16:49:00.216
!MESSAGE Projects:
BinaryCalculatorWebapp: /home/rupammittal9/SOFE3980U-Lab3/BinaryCalculatorWebapp
  resolved classpath:
  /BinaryCalculatorWebapp/src/main/java
  /BinaryCalculatorWebapp/src/main/resources
  /BinaryCalculatorWebapp/src/test/java
  /BinaryCalculatorWebapp/src/test/resources
  org.eclipse.jdt.launching.JRE_CONTAINER/org.eclipse.jdt.internal.debug.ui.launcher.StandardVMType/JavaSE-1.8
    /usr/lib/jvm/java-17-openjdk-amd64/lib/jrt-fs.jar
    /usr/lib/jvm/java-17-openjdk-amd64/lib/jrt-fs.jar
    /usr/lib/jvm/java-17-openjdk-amd64/lib/jrt-fs.jar
    /usr/lib/jvm/java-17-openjdk-amd64/lib/jrt-fs.jar
    /usr/lib/jvm/java-17-openjdk-amd64/lib/jrt-fs.jar
    /usr/lib/jvm/java-17-openjdk-amd64/lib/jrt-fs.jar
    /usr/lib/jvm/java-17-openjdk-amd64/lib/jrt-fs.jar
    /usr/lib/jvm/java-17-openjdk-amd64/lib/jrt-fs.jar
    /usr/lib/jvm/java-17-openjdk-amd64/lib/jrt-fs.jar
    /usr/lib/jvm/java-17-openjdk-amd64/lib/jrt-fs.jar
    /usr/lib/jvm/java-17-openjdk-amd64/lib/jrt-fs.jar
    /usr/lib/jvm/java-17-openjdk-amd64/lib/jrt-fs.jar
    /usr/lib/jvm/java-17-openjdk-amd64/lib/jrt-fs.jar
    /usr/lib/jvm/java-17-openjdk-amd64/lib/jrt-fs.jar
    /usr/lib/jvm/java-17-openjdk-amd64/lib/jrt-fs.jar
    /usr/lib/jvm/java-17-openjdk-amd64/lib/jrt-fs.jar
    /usr/lib/jvm/java-17-openjdk-amd64/lib/jrt-fs.jar
    /usr/lib/jvm/java-17-openjdk-amd64/lib/jrt-fs.jar
    /usr/lib/jvm/java-17-openjdk-amd64/lib/jrt-fs.jar
    /usr/lib/jvm/java-17-openjdk-amd64/lib/jrt-fs.jar
    /usr/lib/jvm/java-17-openjdk-amd64/lib/jrt-fs.jar
    /usr/lib/jvm/java-17-openjdk-amd64/lib/jrt-fs.jar
    /usr/lib/jvm/java-17-openjdk-amd64/lib/jrt-fs.jar
    /usr/lib/jvm/java-17-openjdk-amd64/lib/jrt-fs.jar
    /usr/lib/jvm/java-17-openjdk-amd64/lib/jrt-fs.jar
    /usr/lib/jvm/java-17-openjdk-amd64/lib/jrt-fs.jar
    /usr/lib/jvm/java-17-openjdk-amd64/lib/jrt-fs.jar
    /usr/lib/jvm/java-17-openjdk-amd64/lib/jrt-fs.jar
    /usr/lib/jvm/java-17-openjdk-amd64/lib/jrt-fs.jar
    /usr/lib/jvm/java-17-openjdk-amd64/lib/jrt-fs.jar
    /usr/lib/jvm/java-17-openjdk-amd64/lib/jrt-fs.jar
    /usr/lib/jvm/java-17-openjdk-amd64/lib/jrt-fs.jar
    /usr/lib/jvm/java-17-openjdk-amd64/lib/jrt-fs.jar
    /usr/lib/jvm/java-17-openjdk-amd64/lib/jrt-fs.jar
    /usr/lib/jvm/java-17-openjdk-amd64/lib/jrt-fs.jar
    /usr/lib/jvm/java-17-openjdk-amd64/lib/jrt-fs.jar
    /usr/lib/jvm/java-17-openjdk-amd64/lib/jrt-fs.jar
    /usr/lib/jvm/java-17-openjdk-amd64/lib/jrt-fs.jar
    /usr/lib/jvm/java-17-openjdk-amd64/lib/jrt-fs.jar
    /usr/lib/jvm/java-17-openjdk-amd64/lib/jrt-fs.jar
    /usr/lib/jvm/java-17-openjdk-amd64/lib/jrt-fs.jar
    /usr/lib/jvm/java-17-openjdk-amd64/lib/jrt-fs.jar
    /usr/lib/jvm/java-17-openjdk-amd64/lib/jrt-fs.jar
    /usr/lib/jvm/java-17-openjdk-amd64/lib/jrt-fs.jar
    /usr/lib/jvm/java-17-openjdk-amd64/lib/jrt-fs.jar
    /usr/lib/jvm/java-17-openjdk-amd64/lib/jrt-fs.jar
    /usr/lib/jvm/java-17-openjdk-amd64/lib/jrt-fs.jar
    /usr/lib/jvm/java-17-openjdk-amd64/lib/jrt-fs.jar
    /usr/lib/jvm/java-17-openjdk-amd64/lib/jrt-fs.jar
    /usr/lib/jvm/java-17-openjdk-amd64/lib/jrt-fs.jar
    /usr/lib/jvm/java-17-openjdk-amd64/lib/jrt-fs.jar
  org.eclipse.m2e.MAVEN2_CLASSPATH_CONTAINER
    /home/rupammittal9/.m2/repository/org/springframework/boot/spring-boot-starter-web/2.1.2.RELEASE/spring-boot-starter-web-2.1.2.RELEASE.jar
    /home/rupammittal9/.m2/repository/org/springframework/boot/spring-boot-starter/2.1.2.RELEASE/spring-boot-starter-2.1.2.RELEASE.jar
    /home/rupammittal9/.m2/repository/org/springframework/boot/spring-boot-starter-logging/2.1.2.RELEASE/spring-boot-starter-logging-2.1.2.RELEASE.jar
    /home/rupammittal9/.m2/repository/ch/qos/logback/logback-classic/1.2.3/logback-classic-1.2.3.jar
    /home/rupammittal9/.m2/repository/ch/qos/logback/logback-core/1.2.3/logback-core-1.2.3.jar
    /home/rupammittal9/.m2/repository/org/apache/logging/log4j/log4j-to-slf4j/2.11.1/log4j-to-slf4j-2.11.1.jar
    /home/rupammittal9/.m2/repository/org/apache/logging/log4j/log4j-api/2.11.1/log4j-api-2.11.1.jar
    /home/rupammittal9/.m2/repository/org/slf4j/jul-to-slf4j/1.7.25/jul-to-slf4j-1.7.25.jar
    /home/rupammittal9/.m2/repository/javax/annotation/javax.annotation-api/1.3.2/javax.annotation-api-1.3.2.jar
    /home/rupammittal9/.m2/repository/org/yaml/snakeyaml/1.23/snakeyaml-1.23.jar
    /home/rupammittal9/.m2/repository/org/springframework/boot/spring-boot-starter-json/2.1.2.RELEASE/spring-boot-starter-json-2.1.2.RELEASE.jar
    /home/rupammittal9/.m2/repository/com/fasterxml/jackson/core/jackson-databind/2.9.8/jackson-databind-2.9.8.jar
    /home/rupammittal9/.m2/repository/com/fasterxml/jackson/core/jackson-annotations/2.9.0/jackson-annotations-2.9.0.jar
    /home/rupammittal9/.m2/repository/com/fasterxml/jackson/core/jackson-core/2.9.8/jackson-core-2.9.8.jar
    /home/rupammittal9/.m2/repository/com/fasterxml/jackson/datatype/jackson-datatype-jdk8/2.9.8/jackson-datatype-jdk8-2.9.8.jar
    /home/rupammittal9/.m2/repository/com/fasterxml/jackson/datatype/jackson-datatype-jsr310/2.9.8/jackson-datatype-jsr310-2.9.8.jar
    /home/rupammittal9/.m2/repository/com/fasterxml/jackson/module/jackson-module-parameter-names/2.9.8/jackson-module-parameter-names-2.9.8.jar
    /home/rupammittal9/.m2/repository/org/springframework/boot/spring-boot-starter-tomcat/2.1.2.RELEASE/spring-boot-starter-tomcat-2.1.2.RELEASE.jar
    /home/rupammittal9/.m2/repository/org/apache/tomcat/embed/tomcat-embed-core/9.0.14/tomcat-embed-core-9.0.14.jar
    /home/rupammittal9/.m2/repository/org/apache/tomcat/embed/tomcat-embed-el/9.0.14/tomcat-embed-el-9.0.14.jar
    /home/rupammittal9/.m2/repository/org/apache/tomcat/embed/tomcat-embed-websocket/9.0.14/tomcat-embed-websocket-9.0.14.jar
    /home/rupammittal9/.m2/repository/org/hibernate/validator/hibernate-validator/6.0.14.Final/hibernate-validator-6.0.14.Final.jar
    /home/rupammittal9/.m2/repository/javax/validation/validation-api/2.0.1.Final/validation-api-2.0.1.Final.jar
    /home/rupammittal9/.m2/repository/org/jboss/logging/jboss-logging/3.3.2.Final/jboss-logging-3.3.2.Final.jar
    /home/rupammittal9/.m2/repository/com/fasterxml/classmate/1.4.0/classmate-1.4.0.jar
    /home/rupammittal9/.m2/repository/org/springframework/spring-web/5.1.4.RELEASE/spring-web-5.1.4.RELEASE.jar
    /home/rupammittal9/.m2/repository/org/springframework/spring-beans/5.1.4.RELEASE/spring-beans-5.1.4.RELEASE.jar
    /home/rupammittal9/.m2/repository/org/springframework/spring-webmvc/5.1.4.RELEASE/spring-webmvc-5.1.4.RELEASE.jar
    /home/rupammittal9/.m2/repository/org/springframework/spring-aop/5.1.4.RELEASE/spring-aop-5.1.4.RELEASE.jar
    /home/rupammittal9/.m2/repository/org/springframework/spring-context/5.1.4.RELEASE/spring-context-5.1.4.RELEASE.jar
    /home/rupammittal9/.m2/repository/org/springframework/spring-expression/5.1.4.RELEASE/spring-expression-5.1.4.RELEASE.jar
    /home/rupammittal9/.m2/repository/org/springframework/boot/spring-boot-starter-thymeleaf/2.1.2.RELEASE/spring-boot-starter-thymeleaf-2.1.2.RELEASE.jar
    /home/rupammittal9/.m2/repository/org/thymeleaf/thymeleaf-spring5/3.0.11.RELEASE/thymeleaf-spring5-3.0.11.RELEASE.jar
    /home/rupammittal9/.m2/repository/org/thymeleaf/thymeleaf/3.0.11.RELEASE/thymeleaf-3.0.11.RELEASE.jar
    /home/rupammittal9/.m2/repository/org/attoparser/attoparser/2.0.5.RELEASE/attoparser-2.0.5.RELEASE.jar
    /home/rupammittal9/.m2/repository/org/unbescape/unbescape/1.1.6.RELEASE/unbescape-1.1.6.RELEASE.jar
    /home/rupammittal9/.m2/repository/org/slf4j/slf4j-api/1.7.25/slf4j-api-1.7.25.jar
    /home/rupammittal9/.m2/repository/org/thymeleaf/extras/thymeleaf-extras-java8time/3.0.2.RELEASE/thymeleaf-extras-java8time-3.0.2.RELEASE.jar
    /home/rupammittal9/.m2/repository/org/springframework/boot/spring-boot-starter-test/2.1.2.RELEASE/spring-boot-starter-test-2.1.2.RELEASE.jar
    /home/rupammittal9/.m2/repository/org/springframework/boot/spring-boot-test/2.1.2.RELEASE/spring-boot-test-2.1.2.RELEASE.jar
    /home/rupammittal9/.m2/repository/org/springframework/boot/spring-boot-test-autoconfigure/2.1.2.RELEASE/spring-boot-test-autoconfigure-2.1.2.RELEASE.jar
    /home/rupammittal9/.m2/repository/com/jayway/jsonpath/json-path/2.4.0/json-path-2.4.0.jar
    /home/rupammittal9/.m2/repository/net/minidev/json-smart/2.3/json-smart-2.3.jar
    /home/rupammittal9/.m2/repository/net/minidev/accessors-smart/1.2/accessors-smart-1.2.jar
    /home/rupammittal9/.m2/repository/org/ow2/asm/asm/5.0.4/asm-5.0.4.jar
    /home/rupammittal9/.m2/repository/junit/junit/4.12/junit-4.12.jar
    /home/rupammittal9/.m2/repository/org/assertj/assertj-core/3.11.1/assertj-core-3.11.1.jar
    /home/rupammittal9/.m2/repository/org/mockito/mockito-core/2.23.4/mockito-core-2.23.4.jar
    /home/rupammittal9/.m2/repository/net/bytebuddy/byte-buddy/1.9.7/byte-buddy-1.9.7.jar
    /home/rupammittal9/.m2/repository/net/bytebuddy/byte-buddy-agent/1.9.7/byte-buddy-agent-1.9.7.jar
    /home/rupammittal9/.m2/repository/org/objenesis/objenesis/2.6/objenesis-2.6.jar
    /home/rupammittal9/.m2/repository/org/hamcrest/hamcrest-core/1.3/hamcrest-core-1.3.jar
    /home/rupammittal9/.m2/repository/org/hamcrest/hamcrest-library/1.3/hamcrest-library-1.3.jar
    /home/rupammittal9/.m2/repository/org/skyscreamer/jsonassert/1.5.0/jsonassert-1.5.0.jar
    /home/rupammittal9/.m2/repository/com/vaadin/external/google/android-json/0.0.20131108.vaadin1/android-json-0.0.20131108.vaadin1.jar
    /home/rupammittal9/.m2/repository/org/springframework/spring-core/5.1.4.RELEASE/spring-core-5.1.4.RELEASE.jar
    /home/rupammittal9/.m2/repository/org/springframework/spring-jcl/5.1.4.RELEASE/spring-jcl-5.1.4.RELEASE.jar
    /home/rupammittal9/.m2/repository/org/springframework/spring-test/5.1.4.RELEASE/spring-test-5.1.4.RELEASE.jar
    /home/rupammittal9/.m2/repository/org/xmlunit/xmlunit-core/2.6.2/xmlunit-core-2.6.2.jar
    /home/rupammittal9/.m2/repository/javax/xml/bind/jaxb-api/2.3.1/jaxb-api-2.3.1.jar
    /home/rupammittal9/.m2/repository/javax/activation/javax.activation-api/1.2.0/javax.activation-api-1.2.0.jar
    /home/rupammittal9/.m2/repository/org/springframework/boot/spring-boot-devtools/2.1.2.RELEASE/spring-boot-devtools-2.1.2.RELEASE.jar
    /home/rupammittal9/.m2/repository/org/springframework/boot/spring-boot/2.1.2.RELEASE/spring-boot-2.1.2.RELEASE.jar
    /home/rupammittal9/.m2/repository/org/springframework/boot/spring-boot-autoconfigure/2.1.2.RELEASE/spring-boot-autoconfigure-2.1.2.RELEASE.jar
  /BinaryCalculatorWebapp/target/generated-sources/annotations
  /BinaryCalculatorWebapp/target/generated-test-sources/test-annotations
jdt.ls-java-project: /home/rupammittal9/.codeoss/data/User/workspaceStorage/2144a8b3/redhat.java/jdt_ws/jdt.ls-java-project
  resolved classpath:
  /jdt.ls-java-project/src
  org.eclipse.jdt.launching.JRE_CONTAINER
    /usr/lib/jvm/java-17-openjdk-amd64/lib/jrt-fs.jar
    /usr/lib/jvm/java-17-openjdk-amd64/lib/jrt-fs.jar
    /usr/lib/jvm/java-17-openjdk-amd64/lib/jrt-fs.jar
    /usr/lib/jvm/java-17-openjdk-amd64/lib/jrt-fs.jar
    /usr/lib/jvm/java-17-openjdk-amd64/lib/jrt-fs.jar
    /usr/lib/jvm/java-17-openjdk-amd64/lib/jrt-fs.jar
    /usr/lib/jvm/java-17-openjdk-amd64/lib/jrt-fs.jar
    /usr/lib/jvm/java-17-openjdk-amd64/lib/jrt-fs.jar
    /usr/lib/jvm/java-17-openjdk-amd64/lib/jrt-fs.jar
    /usr/lib/jvm/java-17-openjdk-amd64/lib/jrt-fs.jar
    /usr/lib/jvm/java-17-openjdk-amd64/lib/jrt-fs.jar
    /usr/lib/jvm/java-17-openjdk-amd64/lib/jrt-fs.jar
    /usr/lib/jvm/java-17-openjdk-amd64/lib/jrt-fs.jar
    /usr/lib/jvm/java-17-openjdk-amd64/lib/jrt-fs.jar
    /usr/lib/jvm/java-17-openjdk-amd64/lib/jrt-fs.jar
    /usr/lib/jvm/java-17-openjdk-amd64/lib/jrt-fs.jar
    /usr/lib/jvm/java-17-openjdk-amd64/lib/jrt-fs.jar
    /usr/lib/jvm/java-17-openjdk-amd64/lib/jrt-fs.jar
    /usr/lib/jvm/java-17-openjdk-amd64/lib/jrt-fs.jar
    /usr/lib/jvm/java-17-openjdk-amd64/lib/jrt-fs.jar
    /usr/lib/jvm/java-17-openjdk-amd64/lib/jrt-fs.jar
    /usr/lib/jvm/java-17-openjdk-amd64/lib/jrt-fs.jar
    /usr/lib/jvm/java-17-openjdk-amd64/lib/jrt-fs.jar
    /usr/lib/jvm/java-17-openjdk-amd64/lib/jrt-fs.jar
    /usr/lib/jvm/java-17-openjdk-amd64/lib/jrt-fs.jar
    /usr/lib/jvm/java-17-openjdk-amd64/lib/jrt-fs.jar
    /usr/lib/jvm/java-17-openjdk-amd64/lib/jrt-fs.jar
    /usr/lib/jvm/java-17-openjdk-amd64/lib/jrt-fs.jar
    /usr/lib/jvm/java-17-openjdk-amd64/lib/jrt-fs.jar
    /usr/lib/jvm/java-17-openjdk-amd64/lib/jrt-fs.jar
    /usr/lib/jvm/java-17-openjdk-amd64/lib/jrt-fs.jar
    /usr/lib/jvm/java-17-openjdk-amd64/lib/jrt-fs.jar
    /usr/lib/jvm/java-17-openjdk-amd64/lib/jrt-fs.jar
    /usr/lib/jvm/java-17-openjdk-amd64/lib/jrt-fs.jar
    /usr/lib/jvm/java-17-openjdk-amd64/lib/jrt-fs.jar
    /usr/lib/jvm/java-17-openjdk-amd64/lib/jrt-fs.jar
    /usr/lib/jvm/java-17-openjdk-amd64/lib/jrt-fs.jar
    /usr/lib/jvm/java-17-openjdk-amd64/lib/jrt-fs.jar
    /usr/lib/jvm/java-17-openjdk-amd64/lib/jrt-fs.jar
    /usr/lib/jvm/java-17-openjdk-amd64/lib/jrt-fs.jar
    /usr/lib/jvm/java-17-openjdk-amd64/lib/jrt-fs.jar
    /usr/lib/jvm/java-17-openjdk-amd64/lib/jrt-fs.jar
    /usr/lib/jvm/java-17-openjdk-amd64/lib/jrt-fs.jar
    /usr/lib/jvm/java-17-openjdk-amd64/lib/jrt-fs.jar
    /usr/lib/jvm/java-17-openjdk-amd64/lib/jrt-fs.jar
    /usr/lib/jvm/java-17-openjdk-amd64/lib/jrt-fs.jar
    /usr/lib/jvm/java-17-openjdk-amd64/lib/jrt-fs.jar
    /usr/lib/jvm/java-17-openjdk-amd64/lib/jrt-fs.jar
    /usr/lib/jvm/java-17-openjdk-amd64/lib/jrt-fs.jar
    /usr/lib/jvm/java-17-openjdk-amd64/lib/jrt-fs.jar
    /usr/lib/jvm/java-17-openjdk-amd64/lib/jrt-fs.jar
Java Runtimes:
  default: /usr/lib/jvm/java-17-openjdk-amd64  CDC 1.0, Foundation 1.0: /usr/lib/jvm/java-17-openjdk-amd64
  Minimum environment to run the OSGi framework 1.0: /usr/lib/jvm/java-17-openjdk-amd64
  CDC 1.1, Foundation 1.1: /usr/lib/jvm/java-17-openjdk-amd64
  Java Runtime Environment 1.1: /usr/lib/jvm/java-17-openjdk-amd64
  Minimum environment to run the OSGi framework 1.1: /usr/lib/jvm/java-17-openjdk-amd64
  Java 2 Platform, Standard Edition 1.2: /usr/lib/jvm/java-17-openjdk-amd64
  Minimum environment to run the OSGi framework 1.2: /usr/lib/jvm/java-17-openjdk-amd64
  Java 2 Platform, Standard Edition 1.3: /usr/lib/jvm/java-17-openjdk-amd64
  Java 2 Platform, Standard Edition 1.4: /usr/lib/jvm/java-17-openjdk-amd64
  Java 2 Platform, Standard Edition 5.0: /usr/lib/jvm/java-17-openjdk-amd64
  Java Platform, Standard Edition 6.0: /usr/lib/jvm/java-17-openjdk-amd64
  Java Platform, Standard Edition 7.0: /usr/lib/jvm/java-17-openjdk-amd64
  Java Platform, Standard Edition 8.0: /usr/lib/jvm/java-17-openjdk-amd64
  Java Platform, Standard Edition 9: /usr/lib/jvm/java-17-openjdk-amd64
  Java Platform, Standard Edition 10: /usr/lib/jvm/java-17-openjdk-amd64
  Java Platform, Standard Edition 11: /usr/lib/jvm/java-17-openjdk-amd64
  Java Platform, Standard Edition 12: /usr/lib/jvm/java-17-openjdk-amd64
  Java Platform, Standard Edition 13: /usr/lib/jvm/java-17-openjdk-amd64
  Java Platform, Standard Edition 14: /usr/lib/jvm/java-17-openjdk-amd64
  Java Platform, Standard Edition 15: /usr/lib/jvm/java-17-openjdk-amd64
  Java Platform, Standard Edition 16: /usr/lib/jvm/java-17-openjdk-amd64
  Java Platform, Standard Edition 17: /usr/lib/jvm/java-17-openjdk-amd64
  Java Platform, Standard Edition 18: -
  Java Platform, Standard Edition 19: -
  Java Platform, Standard Edition 20: -


!ENTRY org.eclipse.jdt.ls.core 1 0 2024-03-01 16:49:00.241
!MESSAGE Updated workspace folders in 0 ms: Added 0 folder(s), removed0 folders.

!ENTRY org.eclipse.jdt.ls.core 1 0 2024-03-01 16:49:00.247
!MESSAGE Projects:
BinaryCalculatorWebapp: /home/rupammittal9/SOFE3980U-Lab3/BinaryCalculatorWebapp
  resolved classpath:
  /BinaryCalculatorWebapp/src/main/java
  /BinaryCalculatorWebapp/src/main/resources
  /BinaryCalculatorWebapp/src/test/java
  /BinaryCalculatorWebapp/src/test/resources
  org.eclipse.jdt.launching.JRE_CONTAINER/org.eclipse.jdt.internal.debug.ui.launcher.StandardVMType/JavaSE-1.8
    /usr/lib/jvm/java-17-openjdk-amd64/lib/jrt-fs.jar
    /usr/lib/jvm/java-17-openjdk-amd64/lib/jrt-fs.jar
    /usr/lib/jvm/java-17-openjdk-amd64/lib/jrt-fs.jar
    /usr/lib/jvm/java-17-openjdk-amd64/lib/jrt-fs.jar
    /usr/lib/jvm/java-17-openjdk-amd64/lib/jrt-fs.jar
    /usr/lib/jvm/java-17-openjdk-amd64/lib/jrt-fs.jar
    /usr/lib/jvm/java-17-openjdk-amd64/lib/jrt-fs.jar
    /usr/lib/jvm/java-17-openjdk-amd64/lib/jrt-fs.jar
    /usr/lib/jvm/java-17-openjdk-amd64/lib/jrt-fs.jar
    /usr/lib/jvm/java-17-openjdk-amd64/lib/jrt-fs.jar
    /usr/lib/jvm/java-17-openjdk-amd64/lib/jrt-fs.jar
    /usr/lib/jvm/java-17-openjdk-amd64/lib/jrt-fs.jar
    /usr/lib/jvm/java-17-openjdk-amd64/lib/jrt-fs.jar
    /usr/lib/jvm/java-17-openjdk-amd64/lib/jrt-fs.jar
    /usr/lib/jvm/java-17-openjdk-amd64/lib/jrt-fs.jar
    /usr/lib/jvm/java-17-openjdk-amd64/lib/jrt-fs.jar
    /usr/lib/jvm/java-17-openjdk-amd64/lib/jrt-fs.jar
    /usr/lib/jvm/java-17-openjdk-amd64/lib/jrt-fs.jar
    /usr/lib/jvm/java-17-openjdk-amd64/lib/jrt-fs.jar
    /usr/lib/jvm/java-17-openjdk-amd64/lib/jrt-fs.jar
    /usr/lib/jvm/java-17-openjdk-amd64/lib/jrt-fs.jar
    /usr/lib/jvm/java-17-openjdk-amd64/lib/jrt-fs.jar
    /usr/lib/jvm/java-17-openjdk-amd64/lib/jrt-fs.jar
    /usr/lib/jvm/java-17-openjdk-amd64/lib/jrt-fs.jar
    /usr/lib/jvm/java-17-openjdk-amd64/lib/jrt-fs.jar
    /usr/lib/jvm/java-17-openjdk-amd64/lib/jrt-fs.jar
    /usr/lib/jvm/java-17-openjdk-amd64/lib/jrt-fs.jar
    /usr/lib/jvm/java-17-openjdk-amd64/lib/jrt-fs.jar
    /usr/lib/jvm/java-17-openjdk-amd64/lib/jrt-fs.jar
    /usr/lib/jvm/java-17-openjdk-amd64/lib/jrt-fs.jar
    /usr/lib/jvm/java-17-openjdk-amd64/lib/jrt-fs.jar
    /usr/lib/jvm/java-17-openjdk-amd64/lib/jrt-fs.jar
    /usr/lib/jvm/java-17-openjdk-amd64/lib/jrt-fs.jar
    /usr/lib/jvm/java-17-openjdk-amd64/lib/jrt-fs.jar
    /usr/lib/jvm/java-17-openjdk-amd64/lib/jrt-fs.jar
    /usr/lib/jvm/java-17-openjdk-amd64/lib/jrt-fs.jar
    /usr/lib/jvm/java-17-openjdk-amd64/lib/jrt-fs.jar
    /usr/lib/jvm/java-17-openjdk-amd64/lib/jrt-fs.jar
    /usr/lib/jvm/java-17-openjdk-amd64/lib/jrt-fs.jar
    /usr/lib/jvm/java-17-openjdk-amd64/lib/jrt-fs.jar
    /usr/lib/jvm/java-17-openjdk-amd64/lib/jrt-fs.jar
    /usr/lib/jvm/java-17-openjdk-amd64/lib/jrt-fs.jar
    /usr/lib/jvm/java-17-openjdk-amd64/lib/jrt-fs.jar
    /usr/lib/jvm/java-17-openjdk-amd64/lib/jrt-fs.jar
    /usr/lib/jvm/java-17-openjdk-amd64/lib/jrt-fs.jar
    /usr/lib/jvm/java-17-openjdk-amd64/lib/jrt-fs.jar
    /usr/lib/jvm/java-17-openjdk-amd64/lib/jrt-fs.jar
    /usr/lib/jvm/java-17-openjdk-amd64/lib/jrt-fs.jar
    /usr/lib/jvm/java-17-openjdk-amd64/lib/jrt-fs.jar
    /usr/lib/jvm/java-17-openjdk-amd64/lib/jrt-fs.jar
    /usr/lib/jvm/java-17-openjdk-amd64/lib/jrt-fs.jar
  org.eclipse.m2e.MAVEN2_CLASSPATH_CONTAINER
    /home/rupammittal9/.m2/repository/org/springframework/boot/spring-boot-starter-web/2.1.2.RELEASE/spring-boot-starter-web-2.1.2.RELEASE.jar
    /home/rupammittal9/.m2/repository/org/springframework/boot/spring-boot-starter/2.1.2.RELEASE/spring-boot-starter-2.1.2.RELEASE.jar
    /home/rupammittal9/.m2/repository/org/springframework/boot/spring-boot-starter-logging/2.1.2.RELEASE/spring-boot-starter-logging-2.1.2.RELEASE.jar
    /home/rupammittal9/.m2/repository/ch/qos/logback/logback-classic/1.2.3/logback-classic-1.2.3.jar
    /home/rupammittal9/.m2/repository/ch/qos/logback/logback-core/1.2.3/logback-core-1.2.3.jar
    /home/rupammittal9/.m2/repository/org/apache/logging/log4j/log4j-to-slf4j/2.11.1/log4j-to-slf4j-2.11.1.jar
    /home/rupammittal9/.m2/repository/org/apache/logging/log4j/log4j-api/2.11.1/log4j-api-2.11.1.jar
    /home/rupammittal9/.m2/repository/org/slf4j/jul-to-slf4j/1.7.25/jul-to-slf4j-1.7.25.jar
    /home/rupammittal9/.m2/repository/javax/annotation/javax.annotation-api/1.3.2/javax.annotation-api-1.3.2.jar
    /home/rupammittal9/.m2/repository/org/yaml/snakeyaml/1.23/snakeyaml-1.23.jar
    /home/rupammittal9/.m2/repository/org/springframework/boot/spring-boot-starter-json/2.1.2.RELEASE/spring-boot-starter-json-2.1.2.RELEASE.jar
    /home/rupammittal9/.m2/repository/com/fasterxml/jackson/core/jackson-databind/2.9.8/jackson-databind-2.9.8.jar
    /home/rupammittal9/.m2/repository/com/fasterxml/jackson/core/jackson-annotations/2.9.0/jackson-annotations-2.9.0.jar
    /home/rupammittal9/.m2/repository/com/fasterxml/jackson/core/jackson-core/2.9.8/jackson-core-2.9.8.jar
    /home/rupammittal9/.m2/repository/com/fasterxml/jackson/datatype/jackson-datatype-jdk8/2.9.8/jackson-datatype-jdk8-2.9.8.jar
    /home/rupammittal9/.m2/repository/com/fasterxml/jackson/datatype/jackson-datatype-jsr310/2.9.8/jackson-datatype-jsr310-2.9.8.jar
    /home/rupammittal9/.m2/repository/com/fasterxml/jackson/module/jackson-module-parameter-names/2.9.8/jackson-module-parameter-names-2.9.8.jar
    /home/rupammittal9/.m2/repository/org/springframework/boot/spring-boot-starter-tomcat/2.1.2.RELEASE/spring-boot-starter-tomcat-2.1.2.RELEASE.jar
    /home/rupammittal9/.m2/repository/org/apache/tomcat/embed/tomcat-embed-core/9.0.14/tomcat-embed-core-9.0.14.jar
    /home/rupammittal9/.m2/repository/org/apache/tomcat/embed/tomcat-embed-el/9.0.14/tomcat-embed-el-9.0.14.jar
    /home/rupammittal9/.m2/repository/org/apache/tomcat/embed/tomcat-embed-websocket/9.0.14/tomcat-embed-websocket-9.0.14.jar
    /home/rupammittal9/.m2/repository/org/hibernate/validator/hibernate-validator/6.0.14.Final/hibernate-validator-6.0.14.Final.jar
    /home/rupammittal9/.m2/repository/javax/validation/validation-api/2.0.1.Final/validation-api-2.0.1.Final.jar
    /home/rupammittal9/.m2/repository/org/jboss/logging/jboss-logging/3.3.2.Final/jboss-logging-3.3.2.Final.jar
    /home/rupammittal9/.m2/repository/com/fasterxml/classmate/1.4.0/classmate-1.4.0.jar
    /home/rupammittal9/.m2/repository/org/springframework/spring-web/5.1.4.RELEASE/spring-web-5.1.4.RELEASE.jar
    /home/rupammittal9/.m2/repository/org/springframework/spring-beans/5.1.4.RELEASE/spring-beans-5.1.4.RELEASE.jar
    /home/rupammittal9/.m2/repository/org/springframework/spring-webmvc/5.1.4.RELEASE/spring-webmvc-5.1.4.RELEASE.jar
    /home/rupammittal9/.m2/repository/org/springframework/spring-aop/5.1.4.RELEASE/spring-aop-5.1.4.RELEASE.jar
    /home/rupammittal9/.m2/repository/org/springframework/spring-context/5.1.4.RELEASE/spring-context-5.1.4.RELEASE.jar
    /home/rupammittal9/.m2/repository/org/springframework/spring-expression/5.1.4.RELEASE/spring-expression-5.1.4.RELEASE.jar
    /home/rupammittal9/.m2/repository/org/springframework/boot/spring-boot-starter-thymeleaf/2.1.2.RELEASE/spring-boot-starter-thymeleaf-2.1.2.RELEASE.jar
    /home/rupammittal9/.m2/repository/org/thymeleaf/thymeleaf-spring5/3.0.11.RELEASE/thymeleaf-spring5-3.0.11.RELEASE.jar
    /home/rupammittal9/.m2/repository/org/thymeleaf/thymeleaf/3.0.11.RELEASE/thymeleaf-3.0.11.RELEASE.jar
    /home/rupammittal9/.m2/repository/org/attoparser/attoparser/2.0.5.RELEASE/attoparser-2.0.5.RELEASE.jar
    /home/rupammittal9/.m2/repository/org/unbescape/unbescape/1.1.6.RELEASE/unbescape-1.1.6.RELEASE.jar
    /home/rupammittal9/.m2/repository/org/slf4j/slf4j-api/1.7.25/slf4j-api-1.7.25.jar
    /home/rupammittal9/.m2/repository/org/thymeleaf/extras/thymeleaf-extras-java8time/3.0.2.RELEASE/thymeleaf-extras-java8time-3.0.2.RELEASE.jar
    /home/rupammittal9/.m2/repository/org/springframework/boot/spring-boot-starter-test/2.1.2.RELEASE/spring-boot-starter-test-2.1.2.RELEASE.jar
    /home/rupammittal9/.m2/repository/org/springframework/boot/spring-boot-test/2.1.2.RELEASE/spring-boot-test-2.1.2.RELEASE.jar
    /home/rupammittal9/.m2/repository/org/springframework/boot/spring-boot-test-autoconfigure/2.1.2.RELEASE/spring-boot-test-autoconfigure-2.1.2.RELEASE.jar
    /home/rupammittal9/.m2/repository/com/jayway/jsonpath/json-path/2.4.0/json-path-2.4.0.jar
    /home/rupammittal9/.m2/repository/net/minidev/json-smart/2.3/json-smart-2.3.jar
    /home/rupammittal9/.m2/repository/net/minidev/accessors-smart/1.2/accessors-smart-1.2.jar
    /home/rupammittal9/.m2/repository/org/ow2/asm/asm/5.0.4/asm-5.0.4.jar
    /home/rupammittal9/.m2/repository/junit/junit/4.12/junit-4.12.jar
    /home/rupammittal9/.m2/repository/org/assertj/assertj-core/3.11.1/assertj-core-3.11.1.jar
    /home/rupammittal9/.m2/repository/org/mockito/mockito-core/2.23.4/mockito-core-2.23.4.jar
    /home/rupammittal9/.m2/repository/net/bytebuddy/byte-buddy/1.9.7/byte-buddy-1.9.7.jar
    /home/rupammittal9/.m2/repository/net/bytebuddy/byte-buddy-agent/1.9.7/byte-buddy-agent-1.9.7.jar
    /home/rupammittal9/.m2/repository/org/objenesis/objenesis/2.6/objenesis-2.6.jar
    /home/rupammittal9/.m2/repository/org/hamcrest/hamcrest-core/1.3/hamcrest-core-1.3.jar
    /home/rupammittal9/.m2/repository/org/hamcrest/hamcrest-library/1.3/hamcrest-library-1.3.jar
    /home/rupammittal9/.m2/repository/org/skyscreamer/jsonassert/1.5.0/jsonassert-1.5.0.jar
    /home/rupammittal9/.m2/repository/com/vaadin/external/google/android-json/0.0.20131108.vaadin1/android-json-0.0.20131108.vaadin1.jar
    /home/rupammittal9/.m2/repository/org/springframework/spring-core/5.1.4.RELEASE/spring-core-5.1.4.RELEASE.jar
    /home/rupammittal9/.m2/repository/org/springframework/spring-jcl/5.1.4.RELEASE/spring-jcl-5.1.4.RELEASE.jar
    /home/rupammittal9/.m2/repository/org/springframework/spring-test/5.1.4.RELEASE/spring-test-5.1.4.RELEASE.jar
    /home/rupammittal9/.m2/repository/org/xmlunit/xmlunit-core/2.6.2/xmlunit-core-2.6.2.jar
    /home/rupammittal9/.m2/repository/javax/xml/bind/jaxb-api/2.3.1/jaxb-api-2.3.1.jar
    /home/rupammittal9/.m2/repository/javax/activation/javax.activation-api/1.2.0/javax.activation-api-1.2.0.jar
    /home/rupammittal9/.m2/repository/org/springframework/boot/spring-boot-devtools/2.1.2.RELEASE/spring-boot-devtools-2.1.2.RELEASE.jar
    /home/rupammittal9/.m2/repository/org/springframework/boot/spring-boot/2.1.2.RELEASE/spring-boot-2.1.2.RELEASE.jar
    /home/rupammittal9/.m2/repository/org/springframework/boot/spring-boot-autoconfigure/2.1.2.RELEASE/spring-boot-autoconfigure-2.1.2.RELEASE.jar
  /BinaryCalculatorWebapp/target/generated-sources/annotations
  /BinaryCalculatorWebapp/target/generated-test-sources/test-annotations
jdt.ls-java-project: /home/rupammittal9/.codeoss/data/User/workspaceStorage/2144a8b3/redhat.java/jdt_ws/jdt.ls-java-project
  resolved classpath:
  /jdt.ls-java-project/src
  org.eclipse.jdt.launching.JRE_CONTAINER
    /usr/lib/jvm/java-17-openjdk-amd64/lib/jrt-fs.jar
    /usr/lib/jvm/java-17-openjdk-amd64/lib/jrt-fs.jar
    /usr/lib/jvm/java-17-openjdk-amd64/lib/jrt-fs.jar
    /usr/lib/jvm/java-17-openjdk-amd64/lib/jrt-fs.jar
    /usr/lib/jvm/java-17-openjdk-amd64/lib/jrt-fs.jar
    /usr/lib/jvm/java-17-openjdk-amd64/lib/jrt-fs.jar
    /usr/lib/jvm/java-17-openjdk-amd64/lib/jrt-fs.jar
    /usr/lib/jvm/java-17-openjdk-amd64/lib/jrt-fs.jar
    /usr/lib/jvm/java-17-openjdk-amd64/lib/jrt-fs.jar
    /usr/lib/jvm/java-17-openjdk-amd64/lib/jrt-fs.jar
    /usr/lib/jvm/java-17-openjdk-amd64/lib/jrt-fs.jar
    /usr/lib/jvm/java-17-openjdk-amd64/lib/jrt-fs.jar
    /usr/lib/jvm/java-17-openjdk-amd64/lib/jrt-fs.jar
    /usr/lib/jvm/java-17-openjdk-amd64/lib/jrt-fs.jar
    /usr/lib/jvm/java-17-openjdk-amd64/lib/jrt-fs.jar
    /usr/lib/jvm/java-17-openjdk-amd64/lib/jrt-fs.jar
    /usr/lib/jvm/java-17-openjdk-amd64/lib/jrt-fs.jar
    /usr/lib/jvm/java-17-openjdk-amd64/lib/jrt-fs.jar
    /usr/lib/jvm/java-17-openjdk-amd64/lib/jrt-fs.jar
    /usr/lib/jvm/java-17-openjdk-amd64/lib/jrt-fs.jar
    /usr/lib/jvm/java-17-openjdk-amd64/lib/jrt-fs.jar
    /usr/lib/jvm/java-17-openjdk-amd64/lib/jrt-fs.jar
    /usr/lib/jvm/java-17-openjdk-amd64/lib/jrt-fs.jar
    /usr/lib/jvm/java-17-openjdk-amd64/lib/jrt-fs.jar
    /usr/lib/jvm/java-17-openjdk-amd64/lib/jrt-fs.jar
    /usr/lib/jvm/java-17-openjdk-amd64/lib/jrt-fs.jar
    /usr/lib/jvm/java-17-openjdk-amd64/lib/jrt-fs.jar
    /usr/lib/jvm/java-17-openjdk-amd64/lib/jrt-fs.jar
    /usr/lib/jvm/java-17-openjdk-amd64/lib/jrt-fs.jar
    /usr/lib/jvm/java-17-openjdk-amd64/lib/jrt-fs.jar
    /usr/lib/jvm/java-17-openjdk-amd64/lib/jrt-fs.jar
    /usr/lib/jvm/java-17-openjdk-amd64/lib/jrt-fs.jar
    /usr/lib/jvm/java-17-openjdk-amd64/lib/jrt-fs.jar
    /usr/lib/jvm/java-17-openjdk-amd64/lib/jrt-fs.jar
    /usr/lib/jvm/java-17-openjdk-amd64/lib/jrt-fs.jar
    /usr/lib/jvm/java-17-openjdk-amd64/lib/jrt-fs.jar
    /usr/lib/jvm/java-17-openjdk-amd64/lib/jrt-fs.jar
    /usr/lib/jvm/java-17-openjdk-amd64/lib/jrt-fs.jar
    /usr/lib/jvm/java-17-openjdk-amd64/lib/jrt-fs.jar
    /usr/lib/jvm/java-17-openjdk-amd64/lib/jrt-fs.jar
    /usr/lib/jvm/java-17-openjdk-amd64/lib/jrt-fs.jar
    /usr/lib/jvm/java-17-openjdk-amd64/lib/jrt-fs.jar
    /usr/lib/jvm/java-17-openjdk-amd64/lib/jrt-fs.jar
    /usr/lib/jvm/java-17-openjdk-amd64/lib/jrt-fs.jar
    /usr/lib/jvm/java-17-openjdk-amd64/lib/jrt-fs.jar
    /usr/lib/jvm/java-17-openjdk-amd64/lib/jrt-fs.jar
    /usr/lib/jvm/java-17-openjdk-amd64/lib/jrt-fs.jar
    /usr/lib/jvm/java-17-openjdk-amd64/lib/jrt-fs.jar
    /usr/lib/jvm/java-17-openjdk-amd64/lib/jrt-fs.jar
    /usr/lib/jvm/java-17-openjdk-amd64/lib/jrt-fs.jar
    /usr/lib/jvm/java-17-openjdk-amd64/lib/jrt-fs.jar
Java Runtimes:
  default: /usr/lib/jvm/java-17-openjdk-amd64  CDC 1.0, Foundation 1.0: /usr/lib/jvm/java-17-openjdk-amd64
  Minimum environment to run the OSGi framework 1.0: /usr/lib/jvm/java-17-openjdk-amd64
  CDC 1.1, Foundation 1.1: /usr/lib/jvm/java-17-openjdk-amd64
  Java Runtime Environment 1.1: /usr/lib/jvm/java-17-openjdk-amd64
  Minimum environment to run the OSGi framework 1.1: /usr/lib/jvm/java-17-openjdk-amd64
  Java 2 Platform, Standard Edition 1.2: /usr/lib/jvm/java-17-openjdk-amd64
  Minimum environment to run the OSGi framework 1.2: /usr/lib/jvm/java-17-openjdk-amd64
  Java 2 Platform, Standard Edition 1.3: /usr/lib/jvm/java-17-openjdk-amd64
  Java 2 Platform, Standard Edition 1.4: /usr/lib/jvm/java-17-openjdk-amd64
  Java 2 Platform, Standard Edition 5.0: /usr/lib/jvm/java-17-openjdk-amd64
  Java Platform, Standard Edition 6.0: /usr/lib/jvm/java-17-openjdk-amd64
  Java Platform, Standard Edition 7.0: /usr/lib/jvm/java-17-openjdk-amd64
  Java Platform, Standard Edition 8.0: /usr/lib/jvm/java-17-openjdk-amd64
  Java Platform, Standard Edition 9: /usr/lib/jvm/java-17-openjdk-amd64
  Java Platform, Standard Edition 10: /usr/lib/jvm/java-17-openjdk-amd64
  Java Platform, Standard Edition 11: /usr/lib/jvm/java-17-openjdk-amd64
  Java Platform, Standard Edition 12: /usr/lib/jvm/java-17-openjdk-amd64
  Java Platform, Standard Edition 13: /usr/lib/jvm/java-17-openjdk-amd64
  Java Platform, Standard Edition 14: /usr/lib/jvm/java-17-openjdk-amd64
  Java Platform, Standard Edition 15: /usr/lib/jvm/java-17-openjdk-amd64
  Java Platform, Standard Edition 16: /usr/lib/jvm/java-17-openjdk-amd64
  Java Platform, Standard Edition 17: /usr/lib/jvm/java-17-openjdk-amd64
  Java Platform, Standard Edition 18: -
  Java Platform, Standard Edition 19: -
  Java Platform, Standard Edition 20: -


!ENTRY org.eclipse.jdt.ls.core 1 0 2024-03-01 16:49:00.249
!MESSAGE Updated workspace folders in 0 ms: Added 0 folder(s), removed0 folders.

!ENTRY org.eclipse.jdt.ls.core 1 0 2024-03-01 16:49:00.257
!MESSAGE Projects:
BinaryCalculatorWebapp: /home/rupammittal9/SOFE3980U-Lab3/BinaryCalculatorWebapp
  resolved classpath:
  /BinaryCalculatorWebapp/src/main/java
  /BinaryCalculatorWebapp/src/main/resources
  /BinaryCalculatorWebapp/src/test/java
  /BinaryCalculatorWebapp/src/test/resources
  org.eclipse.jdt.launching.JRE_CONTAINER/org.eclipse.jdt.internal.debug.ui.launcher.StandardVMType/JavaSE-1.8
    /usr/lib/jvm/java-17-openjdk-amd64/lib/jrt-fs.jar
    /usr/lib/jvm/java-17-openjdk-amd64/lib/jrt-fs.jar
    /usr/lib/jvm/java-17-openjdk-amd64/lib/jrt-fs.jar
    /usr/lib/jvm/java-17-openjdk-amd64/lib/jrt-fs.jar
    /usr/lib/jvm/java-17-openjdk-amd64/lib/jrt-fs.jar
    /usr/lib/jvm/java-17-openjdk-amd64/lib/jrt-fs.jar
    /usr/lib/jvm/java-17-openjdk-amd64/lib/jrt-fs.jar
    /usr/lib/jvm/java-17-openjdk-amd64/lib/jrt-fs.jar
    /usr/lib/jvm/java-17-openjdk-amd64/lib/jrt-fs.jar
    /usr/lib/jvm/java-17-openjdk-amd64/lib/jrt-fs.jar
    /usr/lib/jvm/java-17-openjdk-amd64/lib/jrt-fs.jar
    /usr/lib/jvm/java-17-openjdk-amd64/lib/jrt-fs.jar
    /usr/lib/jvm/java-17-openjdk-amd64/lib/jrt-fs.jar
    /usr/lib/jvm/java-17-openjdk-amd64/lib/jrt-fs.jar
    /usr/lib/jvm/java-17-openjdk-amd64/lib/jrt-fs.jar
    /usr/lib/jvm/java-17-openjdk-amd64/lib/jrt-fs.jar
    /usr/lib/jvm/java-17-openjdk-amd64/lib/jrt-fs.jar
    /usr/lib/jvm/java-17-openjdk-amd64/lib/jrt-fs.jar
    /usr/lib/jvm/java-17-openjdk-amd64/lib/jrt-fs.jar
    /usr/lib/jvm/java-17-openjdk-amd64/lib/jrt-fs.jar
    /usr/lib/jvm/java-17-openjdk-amd64/lib/jrt-fs.jar
    /usr/lib/jvm/java-17-openjdk-amd64/lib/jrt-fs.jar
    /usr/lib/jvm/java-17-openjdk-amd64/lib/jrt-fs.jar
    /usr/lib/jvm/java-17-openjdk-amd64/lib/jrt-fs.jar
    /usr/lib/jvm/java-17-openjdk-amd64/lib/jrt-fs.jar
    /usr/lib/jvm/java-17-openjdk-amd64/lib/jrt-fs.jar
    /usr/lib/jvm/java-17-openjdk-amd64/lib/jrt-fs.jar
    /usr/lib/jvm/java-17-openjdk-amd64/lib/jrt-fs.jar
    /usr/lib/jvm/java-17-openjdk-amd64/lib/jrt-fs.jar
    /usr/lib/jvm/java-17-openjdk-amd64/lib/jrt-fs.jar
    /usr/lib/jvm/java-17-openjdk-amd64/lib/jrt-fs.jar
    /usr/lib/jvm/java-17-openjdk-amd64/lib/jrt-fs.jar
    /usr/lib/jvm/java-17-openjdk-amd64/lib/jrt-fs.jar
    /usr/lib/jvm/java-17-openjdk-amd64/lib/jrt-fs.jar
    /usr/lib/jvm/java-17-openjdk-amd64/lib/jrt-fs.jar
    /usr/lib/jvm/java-17-openjdk-amd64/lib/jrt-fs.jar
    /usr/lib/jvm/java-17-openjdk-amd64/lib/jrt-fs.jar
    /usr/lib/jvm/java-17-openjdk-amd64/lib/jrt-fs.jar
    /usr/lib/jvm/java-17-openjdk-amd64/lib/jrt-fs.jar
    /usr/lib/jvm/java-17-openjdk-amd64/lib/jrt-fs.jar
    /usr/lib/jvm/java-17-openjdk-amd64/lib/jrt-fs.jar
    /usr/lib/jvm/java-17-openjdk-amd64/lib/jrt-fs.jar
    /usr/lib/jvm/java-17-openjdk-amd64/lib/jrt-fs.jar
    /usr/lib/jvm/java-17-openjdk-amd64/lib/jrt-fs.jar
    /usr/lib/jvm/java-17-openjdk-amd64/lib/jrt-fs.jar
    /usr/lib/jvm/java-17-openjdk-amd64/lib/jrt-fs.jar
    /usr/lib/jvm/java-17-openjdk-amd64/lib/jrt-fs.jar
    /usr/lib/jvm/java-17-openjdk-amd64/lib/jrt-fs.jar
    /usr/lib/jvm/java-17-openjdk-amd64/lib/jrt-fs.jar
    /usr/lib/jvm/java-17-openjdk-amd64/lib/jrt-fs.jar
    /usr/lib/jvm/java-17-openjdk-amd64/lib/jrt-fs.jar
  org.eclipse.m2e.MAVEN2_CLASSPATH_CONTAINER
    /home/rupammittal9/.m2/repository/org/springframework/boot/spring-boot-starter-web/2.1.2.RELEASE/spring-boot-starter-web-2.1.2.RELEASE.jar
    /home/rupammittal9/.m2/repository/org/springframework/boot/spring-boot-starter/2.1.2.RELEASE/spring-boot-starter-2.1.2.RELEASE.jar
    /home/rupammittal9/.m2/repository/org/springframework/boot/spring-boot-starter-logging/2.1.2.RELEASE/spring-boot-starter-logging-2.1.2.RELEASE.jar
    /home/rupammittal9/.m2/repository/ch/qos/logback/logback-classic/1.2.3/logback-classic-1.2.3.jar
    /home/rupammittal9/.m2/repository/ch/qos/logback/logback-core/1.2.3/logback-core-1.2.3.jar
    /home/rupammittal9/.m2/repository/org/apache/logging/log4j/log4j-to-slf4j/2.11.1/log4j-to-slf4j-2.11.1.jar
    /home/rupammittal9/.m2/repository/org/apache/logging/log4j/log4j-api/2.11.1/log4j-api-2.11.1.jar
    /home/rupammittal9/.m2/repository/org/slf4j/jul-to-slf4j/1.7.25/jul-to-slf4j-1.7.25.jar
    /home/rupammittal9/.m2/repository/javax/annotation/javax.annotation-api/1.3.2/javax.annotation-api-1.3.2.jar
    /home/rupammittal9/.m2/repository/org/yaml/snakeyaml/1.23/snakeyaml-1.23.jar
    /home/rupammittal9/.m2/repository/org/springframework/boot/spring-boot-starter-json/2.1.2.RELEASE/spring-boot-starter-json-2.1.2.RELEASE.jar
    /home/rupammittal9/.m2/repository/com/fasterxml/jackson/core/jackson-databind/2.9.8/jackson-databind-2.9.8.jar
    /home/rupammittal9/.m2/repository/com/fasterxml/jackson/core/jackson-annotations/2.9.0/jackson-annotations-2.9.0.jar
    /home/rupammittal9/.m2/repository/com/fasterxml/jackson/core/jackson-core/2.9.8/jackson-core-2.9.8.jar
    /home/rupammittal9/.m2/repository/com/fasterxml/jackson/datatype/jackson-datatype-jdk8/2.9.8/jackson-datatype-jdk8-2.9.8.jar
    /home/rupammittal9/.m2/repository/com/fasterxml/jackson/datatype/jackson-datatype-jsr310/2.9.8/jackson-datatype-jsr310-2.9.8.jar
    /home/rupammittal9/.m2/repository/com/fasterxml/jackson/module/jackson-module-parameter-names/2.9.8/jackson-module-parameter-names-2.9.8.jar
    /home/rupammittal9/.m2/repository/org/springframework/boot/spring-boot-starter-tomcat/2.1.2.RELEASE/spring-boot-starter-tomcat-2.1.2.RELEASE.jar
    /home/rupammittal9/.m2/repository/org/apache/tomcat/embed/tomcat-embed-core/9.0.14/tomcat-embed-core-9.0.14.jar
    /home/rupammittal9/.m2/repository/org/apache/tomcat/embed/tomcat-embed-el/9.0.14/tomcat-embed-el-9.0.14.jar
    /home/rupammittal9/.m2/repository/org/apache/tomcat/embed/tomcat-embed-websocket/9.0.14/tomcat-embed-websocket-9.0.14.jar
    /home/rupammittal9/.m2/repository/org/hibernate/validator/hibernate-validator/6.0.14.Final/hibernate-validator-6.0.14.Final.jar
    /home/rupammittal9/.m2/repository/javax/validation/validation-api/2.0.1.Final/validation-api-2.0.1.Final.jar
    /home/rupammittal9/.m2/repository/org/jboss/logging/jboss-logging/3.3.2.Final/jboss-logging-3.3.2.Final.jar
    /home/rupammittal9/.m2/repository/com/fasterxml/classmate/1.4.0/classmate-1.4.0.jar
    /home/rupammittal9/.m2/repository/org/springframework/spring-web/5.1.4.RELEASE/spring-web-5.1.4.RELEASE.jar
    /home/rupammittal9/.m2/repository/org/springframework/spring-beans/5.1.4.RELEASE/spring-beans-5.1.4.RELEASE.jar
    /home/rupammittal9/.m2/repository/org/springframework/spring-webmvc/5.1.4.RELEASE/spring-webmvc-5.1.4.RELEASE.jar
    /home/rupammittal9/.m2/repository/org/springframework/spring-aop/5.1.4.RELEASE/spring-aop-5.1.4.RELEASE.jar
    /home/rupammittal9/.m2/repository/org/springframework/spring-context/5.1.4.RELEASE/spring-context-5.1.4.RELEASE.jar
    /home/rupammittal9/.m2/repository/org/springframework/spring-expression/5.1.4.RELEASE/spring-expression-5.1.4.RELEASE.jar
    /home/rupammittal9/.m2/repository/org/springframework/boot/spring-boot-starter-thymeleaf/2.1.2.RELEASE/spring-boot-starter-thymeleaf-2.1.2.RELEASE.jar
    /home/rupammittal9/.m2/repository/org/thymeleaf/thymeleaf-spring5/3.0.11.RELEASE/thymeleaf-spring5-3.0.11.RELEASE.jar
    /home/rupammittal9/.m2/repository/org/thymeleaf/thymeleaf/3.0.11.RELEASE/thymeleaf-3.0.11.RELEASE.jar
    /home/rupammittal9/.m2/repository/org/attoparser/attoparser/2.0.5.RELEASE/attoparser-2.0.5.RELEASE.jar
    /home/rupammittal9/.m2/repository/org/unbescape/unbescape/1.1.6.RELEASE/unbescape-1.1.6.RELEASE.jar
    /home/rupammittal9/.m2/repository/org/slf4j/slf4j-api/1.7.25/slf4j-api-1.7.25.jar
    /home/rupammittal9/.m2/repository/org/thymeleaf/extras/thymeleaf-extras-java8time/3.0.2.RELEASE/thymeleaf-extras-java8time-3.0.2.RELEASE.jar
    /home/rupammittal9/.m2/repository/org/springframework/boot/spring-boot-starter-test/2.1.2.RELEASE/spring-boot-starter-test-2.1.2.RELEASE.jar
    /home/rupammittal9/.m2/repository/org/springframework/boot/spring-boot-test/2.1.2.RELEASE/spring-boot-test-2.1.2.RELEASE.jar
    /home/rupammittal9/.m2/repository/org/springframework/boot/spring-boot-test-autoconfigure/2.1.2.RELEASE/spring-boot-test-autoconfigure-2.1.2.RELEASE.jar
    /home/rupammittal9/.m2/repository/com/jayway/jsonpath/json-path/2.4.0/json-path-2.4.0.jar
    /home/rupammittal9/.m2/repository/net/minidev/json-smart/2.3/json-smart-2.3.jar
    /home/rupammittal9/.m2/repository/net/minidev/accessors-smart/1.2/accessors-smart-1.2.jar
    /home/rupammittal9/.m2/repository/org/ow2/asm/asm/5.0.4/asm-5.0.4.jar
    /home/rupammittal9/.m2/repository/junit/junit/4.12/junit-4.12.jar
    /home/rupammittal9/.m2/repository/org/assertj/assertj-core/3.11.1/assertj-core-3.11.1.jar
    /home/rupammittal9/.m2/repository/org/mockito/mockito-core/2.23.4/mockito-core-2.23.4.jar
    /home/rupammittal9/.m2/repository/net/bytebuddy/byte-buddy/1.9.7/byte-buddy-1.9.7.jar
    /home/rupammittal9/.m2/repository/net/bytebuddy/byte-buddy-agent/1.9.7/byte-buddy-agent-1.9.7.jar
    /home/rupammittal9/.m2/repository/org/objenesis/objenesis/2.6/objenesis-2.6.jar
    /home/rupammittal9/.m2/repository/org/hamcrest/hamcrest-core/1.3/hamcrest-core-1.3.jar
    /home/rupammittal9/.m2/repository/org/hamcrest/hamcrest-library/1.3/hamcrest-library-1.3.jar
    /home/rupammittal9/.m2/repository/org/skyscreamer/jsonassert/1.5.0/jsonassert-1.5.0.jar
    /home/rupammittal9/.m2/repository/com/vaadin/external/google/android-json/0.0.20131108.vaadin1/android-json-0.0.20131108.vaadin1.jar
    /home/rupammittal9/.m2/repository/org/springframework/spring-core/5.1.4.RELEASE/spring-core-5.1.4.RELEASE.jar
    /home/rupammittal9/.m2/repository/org/springframework/spring-jcl/5.1.4.RELEASE/spring-jcl-5.1.4.RELEASE.jar
    /home/rupammittal9/.m2/repository/org/springframework/spring-test/5.1.4.RELEASE/spring-test-5.1.4.RELEASE.jar
    /home/rupammittal9/.m2/repository/org/xmlunit/xmlunit-core/2.6.2/xmlunit-core-2.6.2.jar
    /home/rupammittal9/.m2/repository/javax/xml/bind/jaxb-api/2.3.1/jaxb-api-2.3.1.jar
    /home/rupammittal9/.m2/repository/javax/activation/javax.activation-api/1.2.0/javax.activation-api-1.2.0.jar
    /home/rupammittal9/.m2/repository/org/springframework/boot/spring-boot-devtools/2.1.2.RELEASE/spring-boot-devtools-2.1.2.RELEASE.jar
    /home/rupammittal9/.m2/repository/org/springframework/boot/spring-boot/2.1.2.RELEASE/spring-boot-2.1.2.RELEASE.jar
    /home/rupammittal9/.m2/repository/org/springframework/boot/spring-boot-autoconfigure/2.1.2.RELEASE/spring-boot-autoconfigure-2.1.2.RELEASE.jar
  /BinaryCalculatorWebapp/target/generated-sources/annotations
  /BinaryCalculatorWebapp/target/generated-test-sources/test-annotations
jdt.ls-java-project: /home/rupammittal9/.codeoss/data/User/workspaceStorage/2144a8b3/redhat.java/jdt_ws/jdt.ls-java-project
  resolved classpath:
  /jdt.ls-java-project/src
  org.eclipse.jdt.launching.JRE_CONTAINER
    /usr/lib/jvm/java-17-openjdk-amd64/lib/jrt-fs.jar
    /usr/lib/jvm/java-17-openjdk-amd64/lib/jrt-fs.jar
    /usr/lib/jvm/java-17-openjdk-amd64/lib/jrt-fs.jar
    /usr/lib/jvm/java-17-openjdk-amd64/lib/jrt-fs.jar
    /usr/lib/jvm/java-17-openjdk-amd64/lib/jrt-fs.jar
    /usr/lib/jvm/java-17-openjdk-amd64/lib/jrt-fs.jar
    /usr/lib/jvm/java-17-openjdk-amd64/lib/jrt-fs.jar
    /usr/lib/jvm/java-17-openjdk-amd64/lib/jrt-fs.jar
    /usr/lib/jvm/java-17-openjdk-amd64/lib/jrt-fs.jar
    /usr/lib/jvm/java-17-openjdk-amd64/lib/jrt-fs.jar
    /usr/lib/jvm/java-17-openjdk-amd64/lib/jrt-fs.jar
    /usr/lib/jvm/java-17-openjdk-amd64/lib/jrt-fs.jar
    /usr/lib/jvm/java-17-openjdk-amd64/lib/jrt-fs.jar
    /usr/lib/jvm/java-17-openjdk-amd64/lib/jrt-fs.jar
    /usr/lib/jvm/java-17-openjdk-amd64/lib/jrt-fs.jar
    /usr/lib/jvm/java-17-openjdk-amd64/lib/jrt-fs.jar
    /usr/lib/jvm/java-17-openjdk-amd64/lib/jrt-fs.jar
    /usr/lib/jvm/java-17-openjdk-amd64/lib/jrt-fs.jar
    /usr/lib/jvm/java-17-openjdk-amd64/lib/jrt-fs.jar
    /usr/lib/jvm/java-17-openjdk-amd64/lib/jrt-fs.jar
    /usr/lib/jvm/java-17-openjdk-amd64/lib/jrt-fs.jar
    /usr/lib/jvm/java-17-openjdk-amd64/lib/jrt-fs.jar
    /usr/lib/jvm/java-17-openjdk-amd64/lib/jrt-fs.jar
    /usr/lib/jvm/java-17-openjdk-amd64/lib/jrt-fs.jar
    /usr/lib/jvm/java-17-openjdk-amd64/lib/jrt-fs.jar
    /usr/lib/jvm/java-17-openjdk-amd64/lib/jrt-fs.jar
    /usr/lib/jvm/java-17-openjdk-amd64/lib/jrt-fs.jar
    /usr/lib/jvm/java-17-openjdk-amd64/lib/jrt-fs.jar
    /usr/lib/jvm/java-17-openjdk-amd64/lib/jrt-fs.jar
    /usr/lib/jvm/java-17-openjdk-amd64/lib/jrt-fs.jar
    /usr/lib/jvm/java-17-openjdk-amd64/lib/jrt-fs.jar
    /usr/lib/jvm/java-17-openjdk-amd64/lib/jrt-fs.jar
    /usr/lib/jvm/java-17-openjdk-amd64/lib/jrt-fs.jar
    /usr/lib/jvm/java-17-openjdk-amd64/lib/jrt-fs.jar
    /usr/lib/jvm/java-17-openjdk-amd64/lib/jrt-fs.jar
    /usr/lib/jvm/java-17-openjdk-amd64/lib/jrt-fs.jar
    /usr/lib/jvm/java-17-openjdk-amd64/lib/jrt-fs.jar
    /usr/lib/jvm/java-17-openjdk-amd64/lib/jrt-fs.jar
    /usr/lib/jvm/java-17-openjdk-amd64/lib/jrt-fs.jar
    /usr/lib/jvm/java-17-openjdk-amd64/lib/jrt-fs.jar
    /usr/lib/jvm/java-17-openjdk-amd64/lib/jrt-fs.jar
    /usr/lib/jvm/java-17-openjdk-amd64/lib/jrt-fs.jar
    /usr/lib/jvm/java-17-openjdk-amd64/lib/jrt-fs.jar
    /usr/lib/jvm/java-17-openjdk-amd64/lib/jrt-fs.jar
    /usr/lib/jvm/java-17-openjdk-amd64/lib/jrt-fs.jar
    /usr/lib/jvm/java-17-openjdk-amd64/lib/jrt-fs.jar
    /usr/lib/jvm/java-17-openjdk-amd64/lib/jrt-fs.jar
    /usr/lib/jvm/java-17-openjdk-amd64/lib/jrt-fs.jar
    /usr/lib/jvm/java-17-openjdk-amd64/lib/jrt-fs.jar
    /usr/lib/jvm/java-17-openjdk-amd64/lib/jrt-fs.jar
    /usr/lib/jvm/java-17-openjdk-amd64/lib/jrt-fs.jar
Java Runtimes:
  default: /usr/lib/jvm/java-17-openjdk-amd64  CDC 1.0, Foundation 1.0: /usr/lib/jvm/java-17-openjdk-amd64
  Minimum environment to run the OSGi framework 1.0: /usr/lib/jvm/java-17-openjdk-amd64
  CDC 1.1, Foundation 1.1: /usr/lib/jvm/java-17-openjdk-amd64
  Java Runtime Environment 1.1: /usr/lib/jvm/java-17-openjdk-amd64
  Minimum environment to run the OSGi framework 1.1: /usr/lib/jvm/java-17-openjdk-amd64
  Java 2 Platform, Standard Edition 1.2: /usr/lib/jvm/java-17-openjdk-amd64
  Minimum environment to run the OSGi framework 1.2: /usr/lib/jvm/java-17-openjdk-amd64
  Java 2 Platform, Standard Edition 1.3: /usr/lib/jvm/java-17-openjdk-amd64
  Java 2 Platform, Standard Edition 1.4: /usr/lib/jvm/java-17-openjdk-amd64
  Java 2 Platform, Standard Edition 5.0: /usr/lib/jvm/java-17-openjdk-amd64
  Java Platform, Standard Edition 6.0: /usr/lib/jvm/java-17-openjdk-amd64
  Java Platform, Standard Edition 7.0: /usr/lib/jvm/java-17-openjdk-amd64
  Java Platform, Standard Edition 8.0: /usr/lib/jvm/java-17-openjdk-amd64
  Java Platform, Standard Edition 9: /usr/lib/jvm/java-17-openjdk-amd64
  Java Platform, Standard Edition 10: /usr/lib/jvm/java-17-openjdk-amd64
  Java Platform, Standard Edition 11: /usr/lib/jvm/java-17-openjdk-amd64
  Java Platform, Standard Edition 12: /usr/lib/jvm/java-17-openjdk-amd64
  Java Platform, Standard Edition 13: /usr/lib/jvm/java-17-openjdk-amd64
  Java Platform, Standard Edition 14: /usr/lib/jvm/java-17-openjdk-amd64
  Java Platform, Standard Edition 15: /usr/lib/jvm/java-17-openjdk-amd64
  Java Platform, Standard Edition 16: /usr/lib/jvm/java-17-openjdk-amd64
  Java Platform, Standard Edition 17: /usr/lib/jvm/java-17-openjdk-amd64
  Java Platform, Standard Edition 18: -
  Java Platform, Standard Edition 19: -
  Java Platform, Standard Edition 20: -


!ENTRY org.eclipse.jdt.ls.core 1 0 2024-03-01 16:49:00.275
!MESSAGE >> registerWatchers'

!ENTRY org.eclipse.jdt.ls.core 1 0 2024-03-01 16:49:00.287
!MESSAGE >> registerWatchers'

!ENTRY org.eclipse.jdt.ls.core 1 0 2024-03-01 16:49:00.345
!MESSAGE >> shutdown

!ENTRY org.eclipse.jdt.ls.core 1 0 2024-03-01 16:49:00.358
!MESSAGE >> exit

!ENTRY org.eclipse.jdt.ls.core 1 0 2024-03-01 16:49:00.462
!MESSAGE Shutdown received... waking up main thread

!ENTRY org.eclipse.jdt.ls.core 1 0 2024-03-01 16:49:00.476
!MESSAGE class org.eclipse.jdt.ls.core.internal.JavaLanguageServerPlugin is stopping:
!SESSION 2024-03-01 16:51:04.211 -----------------------------------------------
eclipse.buildId=unknown
java.version=17.0.10
java.vendor=Debian
BootLoader constants: OS=linux, ARCH=x86_64, WS=gtk, NL=en_US
Command-line arguments:  -data /home/rupammittal9/.codeoss/data/User/workspaceStorage/2144a8b3/redhat.java/jdt_ws

!ENTRY org.eclipse.jdt.ls.core 1 0 2024-03-01 16:51:08.937
!MESSAGE class org.eclipse.jdt.ls.core.internal.JavaLanguageServerPlugin is started

!ENTRY org.eclipse.jdt.ls.core 1 0 2024-03-01 16:51:09.910
!MESSAGE Main thread is waiting

!ENTRY org.eclipse.jdt.ls.core 1 0 2024-03-01 16:51:10.073
!MESSAGE >> initialize

!ENTRY org.eclipse.jdt.ls.core 1 0 2024-03-01 16:51:10.090
!MESSAGE Initializing Java Language Server 1.25.0.202306230807

!ENTRY org.eclipse.jdt.ls.core 1 0 2024-03-01 16:51:11.170
!MESSAGE Static Commands: []

!ENTRY org.eclipse.jdt.ls.core 1 0 2024-03-01 16:51:11.171
!MESSAGE Non-Static Commands: [java.edit.organizeImports, java.project.refreshDiagnostics, java.project.import, java.navigate.openTypeHierarchy, java.project.removeFromSourcePath, java.project.listSourcePaths, java.project.resolveStackTraceLocation, java.project.getAll, java.reloadBundles, java.project.isTestFile, java.edit.handlePasteEvent, java.project.getClasspaths, java.navigate.resolveTypeHierarchy, java.edit.stringFormatting, java.project.getSettings, java.project.updateSourceAttachment, java.project.resolveWorkspaceSymbol, java.project.upgradeGradle, java.decompile, java.project.createModuleInfo, java.protobuf.generateSources, java.project.resolveSourceAttachment, java.project.addToSourcePath, java.completion.onDidSelect]

!ENTRY org.eclipse.jdt.ls.core 1 0 2024-03-01 16:51:11.171
!MESSAGE Static Commands: []

!ENTRY org.eclipse.jdt.ls.core 1 0 2024-03-01 16:51:11.171
!MESSAGE Non-Static Commands: [vscode.java.test.findJavaProjects, vscode.java.test.findTestPackagesAndTypes, vscode.java.test.findTestTypesAndMethods, vscode.java.test.resolvePath, vscode.java.test.findTestLocation, vscode.java.test.get.testpath, vscode.java.test.findDirectTestChildrenForClass, vscode.java.test.navigateToTestOrTarget, vscode.java.test.junit.argument, vscode.java.test.generateTests]

!ENTRY org.eclipse.jdt.ls.core 1 0 2024-03-01 16:51:11.172
!MESSAGE Static Commands: []

!ENTRY org.eclipse.jdt.ls.core 1 0 2024-03-01 16:51:11.172
!MESSAGE Non-Static Commands: [vscode.java.checkProjectSettings, vscode.java.isOnClasspath, vscode.java.fetchUsageData, vscode.java.validateLaunchConfig, vscode.java.resolveInlineVariables, vscode.java.resolveClassFilters, vscode.java.resolveMainMethod, vscode.java.resolveClasspath, vscode.java.resolveBuildFiles, vscode.java.resolveMainClass, vscode.java.updateDebugSettings, vscode.java.resolveSourceUri, vscode.java.fetchPlatformSettings, vscode.java.buildWorkspace, vscode.java.startDebugSession, vscode.java.inferLaunchCommandLength, vscode.java.resolveElementAtSelection, vscode.java.resolveJavaExecutable]

!ENTRY org.eclipse.jdt.ls.core 1 0 2024-03-01 16:51:11.173
!MESSAGE Static Commands: []

!ENTRY org.eclipse.jdt.ls.core 1 0 2024-03-01 16:51:11.173
!MESSAGE Non-Static Commands: [java.maven.initializeSearcher, java.maven.searchArtifact, java.maven.addDependency, java.maven.controlContext]

!ENTRY org.eclipse.jdt.ls.core 1 0 2024-03-01 16:51:11.174
!MESSAGE Static Commands: []

!ENTRY org.eclipse.jdt.ls.core 1 0 2024-03-01 16:51:11.174
!MESSAGE Non-Static Commands: [java.project.refreshLib, java.project.checkImportStatus, java.project.list, java.project.generateJar, java.project.getMainClasses, java.getPackageData, java.resolvePath]

!ENTRY org.eclipse.jdt.ls.core 1 0 2024-03-01 16:51:11.200
!MESSAGE Started org.eclipse.m2e.core 0ms

!ENTRY org.eclipse.jdt.ls.core 1 0 2024-03-01 16:51:11.203
!MESSAGE ProjectRegistryRefreshJob finished 2ms

!ENTRY org.eclipse.jdt.ls.core 1 0 2024-03-01 16:51:11.306
!MESSAGE Started org.eclipse.buildship.core 102ms

!ENTRY org.eclipse.jdt.ls.core 1 0 2024-03-01 16:51:11.370
!MESSAGE >> initialized

!ENTRY org.eclipse.jdt.ls.core 1 0 2024-03-01 16:51:11.422
!MESSAGE RepositoryRegistryUpdateJob finished 92ms

!ENTRY org.eclipse.jdt.ls.core 1 0 2024-03-01 16:51:12.468
!MESSAGE Importing Maven project(s)

!ENTRY org.eclipse.jdt.ls.core 1 0 2024-03-01 16:51:12.613
!MESSAGE Workspace initialized in 1283ms

!ENTRY org.eclipse.jdt.ls.core 1 0 2024-03-01 16:51:12.646
!MESSAGE >> initialization job finished

!ENTRY org.eclipse.jdt.ls.core 1 0 2024-03-01 16:51:12.651
!MESSAGE >> registerWatchers'

!ENTRY org.eclipse.jdt.ls.core 1 0 2024-03-01 16:51:12.655
!MESSAGE >> registerFeature 'workspace/didChangeWatchedFiles'

!ENTRY org.eclipse.jdt.ls.core 4 0 2024-03-01 16:51:14.598
!MESSAGE Error occured while building workspace. Details: 
 message: The declared package "com.ontariotechu.sofe3980U" does not match the expected package "com.ontariotechu.sofe3980U"; code: 536871240; resource: /home/rupammittal9/SOFE3980U-Lab3/BinaryCalculatorWebapp/src/main/java/com.ontariotechu.sofe3980U/APIResult.java; line: 1
 message: The declared package "com.ontariotechu.sofe3980U" does not match the expected package "com.ontariotechu.sofe3980U"; code: 536871240; resource: /home/rupammittal9/SOFE3980U-Lab3/BinaryCalculatorWebapp/src/main/java/com.ontariotechu.sofe3980U/Application.java; line: 1
 message: The declared package "com.ontariotechu.sofe3980U" does not match the expected package "com.ontariotechu.sofe3980U"; code: 536871240; resource: /home/rupammittal9/SOFE3980U-Lab3/BinaryCalculatorWebapp/src/main/java/com.ontariotechu.sofe3980U/Binary.java; line: 1
 message: The declared package "com.ontariotechu.sofe3980U" does not match the expected package "com.ontariotechu.sofe3980U"; code: 536871240; resource: /home/rupammittal9/SOFE3980U-Lab3/BinaryCalculatorWebapp/src/main/java/com.ontariotechu.sofe3980U/BinaryAPIController.java; line: 1
 message: The declared package "com.ontariotechu.sofe3980U" does not match the expected package "com.ontariotechu.sofe3980U"; code: 536871240; resource: /home/rupammittal9/SOFE3980U-Lab3/BinaryCalculatorWebapp/src/main/java/com.ontariotechu.sofe3980U/BinaryAPIResult.java; line: 1
 message: The declared package "com.ontariotechu.sofe3980U" does not match the expected package "com.ontariotechu.sofe3980U"; code: 536871240; resource: /home/rupammittal9/SOFE3980U-Lab3/BinaryCalculatorWebapp/src/main/java/com.ontariotechu.sofe3980U/BinaryController.java; line: 1
 message: The declared package "com.ontariotechu.sofe3980U" does not match the expected package "com.ontariotechu.sofe3980U"; code: 536871240; resource: /home/rupammittal9/SOFE3980U-Lab3/BinaryCalculatorWebapp/src/main/java/com.ontariotechu.sofe3980U/HelloAPIController.java; line: 1
 message: The declared package "com.ontariotechu.sofe3980U" does not match the expected package "com.ontariotechu.sofe3980U"; code: 536871240; resource: /home/rupammittal9/SOFE3980U-Lab3/BinaryCalculatorWebapp/src/main/java/com.ontariotechu.sofe3980U/HelloController.java; line: 1
 message: The declared package "com.ontariotechu.sofe3980U" does not match the expected package "com.ontariotechu.sofe3980U"; code: 536871240; resource: /home/rupammittal9/SOFE3980U-Lab3/BinaryCalculatorWebapp/src/test/java/com.ontariotechu.sofe3980U/BinaryAPIControllerTest.java; line: 1
 message: The declared package "com.ontariotechu.sofe3980U" does not match the expected package "com.ontariotechu.sofe3980U"; code: 536871240; resource: /home/rupammittal9/SOFE3980U-Lab3/BinaryCalculatorWebapp/src/test/java/com.ontariotechu.sofe3980U/BinaryControllerTest.java; line: 1
 message: The declared package "com.ontariotechu.sofe3980U" does not match the expected package "com.ontariotechu.sofe3980U"; code: 536871240; resource: /home/rupammittal9/SOFE3980U-Lab3/BinaryCalculatorWebapp/src/test/java/com.ontariotechu.sofe3980U/HelloAPIControllerTest.java; line: 1
 message: The declared package "com.ontariotechu.sofe3980U" does not match the expected package "com.ontariotechu.sofe3980U"; code: 536871240; resource: /home/rupammittal9/SOFE3980U-Lab3/BinaryCalculatorWebapp/src/test/java/com.ontariotechu.sofe3980U/HelloControllerTest.java; line: 1

!ENTRY org.eclipse.jdt.ls.core 1 0 2024-03-01 16:51:14.904
!MESSAGE >> build jobs finished

!ENTRY org.eclipse.jdt.ls.core 4 0 2024-03-01 16:51:14.911
!MESSAGE Failed to publish diagnostics for file:///home/rupammittal9/SOFE3980U-Lab3/BinaryCalculatorWebapp/src/test/java/com.ontariotechu.sofe3980U/HelloAPIControllerTest.java
!STACK 1
Java Model Exception: Error in Java Model (code 1006): src/test/java/com.ontariotechu.sofe3980U [in BinaryCalculatorWebapp] is not on its project's build path
	at org.eclipse.jdt.internal.core.JavaElement.newJavaModelException(JavaElement.java:584)
	at org.eclipse.jdt.internal.core.Openable.generateInfos(Openable.java:254)
	at org.eclipse.jdt.internal.core.Openable.openAncestors(Openable.java:528)
	at org.eclipse.jdt.internal.core.Openable.generateInfos(Openable.java:248)
	at org.eclipse.jdt.internal.core.Openable.openAncestors(Openable.java:528)
	at org.eclipse.jdt.internal.core.CompilationUnit.openAncestors(CompilationUnit.java:1246)
	at org.eclipse.jdt.internal.core.Openable.generateInfos(Openable.java:248)
	at org.eclipse.jdt.internal.core.JavaElement.openWhenClosed(JavaElement.java:597)
	at org.eclipse.jdt.internal.core.JavaElement.getElementInfo(JavaElement.java:328)
	at org.eclipse.jdt.internal.core.JavaElement.getElementInfo(JavaElement.java:314)
	at org.eclipse.jdt.internal.core.Openable.getBuffer(Openable.java:296)
	at org.eclipse.jdt.ls.core.internal.handlers.WorkspaceDiagnosticsHandler.publishDiagnostics(WorkspaceDiagnosticsHandler.java:320)
	at org.eclipse.jdt.ls.core.internal.handlers.WorkspaceDiagnosticsHandler.publishDiagnostics(WorkspaceDiagnosticsHandler.java:245)
	at org.eclipse.jdt.ls.core.internal.handlers.JDTLanguageServer$2.run(JDTLanguageServer.java:321)
	at org.eclipse.core.internal.jobs.Worker.run(Worker.java:63)
!SUBENTRY 1 org.eclipse.jdt.core 4 1006 2024-03-01 16:51:14.912
!MESSAGE src/test/java/com.ontariotechu.sofe3980U [in BinaryCalculatorWebapp] is not on its project's build path

!ENTRY org.eclipse.jdt.ls.core 4 0 2024-03-01 16:51:14.915
!MESSAGE Failed to publish diagnostics for file:///home/rupammittal9/SOFE3980U-Lab3/BinaryCalculatorWebapp/src/test/java/com.ontariotechu.sofe3980U/BinaryAPIControllerTest.java
!STACK 1
Java Model Exception: Error in Java Model (code 1006): src/test/java/com.ontariotechu.sofe3980U [in BinaryCalculatorWebapp] is not on its project's build path
	at org.eclipse.jdt.internal.core.JavaElement.newJavaModelException(JavaElement.java:584)
	at org.eclipse.jdt.internal.core.Openable.generateInfos(Openable.java:254)
	at org.eclipse.jdt.internal.core.Openable.openAncestors(Openable.java:528)
	at org.eclipse.jdt.internal.core.Openable.generateInfos(Openable.java:248)
	at org.eclipse.jdt.internal.core.Openable.openAncestors(Openable.java:528)
	at org.eclipse.jdt.internal.core.CompilationUnit.openAncestors(CompilationUnit.java:1246)
	at org.eclipse.jdt.internal.core.Openable.generateInfos(Openable.java:248)
	at org.eclipse.jdt.internal.core.JavaElement.openWhenClosed(JavaElement.java:597)
	at org.eclipse.jdt.internal.core.JavaElement.getElementInfo(JavaElement.java:328)
	at org.eclipse.jdt.internal.core.JavaElement.getElementInfo(JavaElement.java:314)
	at org.eclipse.jdt.internal.core.Openable.getBuffer(Openable.java:296)
	at org.eclipse.jdt.ls.core.internal.handlers.WorkspaceDiagnosticsHandler.publishDiagnostics(WorkspaceDiagnosticsHandler.java:320)
	at org.eclipse.jdt.ls.core.internal.handlers.WorkspaceDiagnosticsHandler.publishDiagnostics(WorkspaceDiagnosticsHandler.java:245)
	at org.eclipse.jdt.ls.core.internal.handlers.JDTLanguageServer$2.run(JDTLanguageServer.java:321)
	at org.eclipse.core.internal.jobs.Worker.run(Worker.java:63)
!SUBENTRY 1 org.eclipse.jdt.core 4 1006 2024-03-01 16:51:14.916
!MESSAGE src/test/java/com.ontariotechu.sofe3980U [in BinaryCalculatorWebapp] is not on its project's build path

!ENTRY org.eclipse.jdt.ls.core 4 0 2024-03-01 16:51:14.918
!MESSAGE Failed to publish diagnostics for file:///home/rupammittal9/SOFE3980U-Lab3/BinaryCalculatorWebapp/src/main/java/com.ontariotechu.sofe3980U/APIResult.java
!STACK 1
Java Model Exception: Error in Java Model (code 1006): src/main/java/com.ontariotechu.sofe3980U [in BinaryCalculatorWebapp] is not on its project's build path
	at org.eclipse.jdt.internal.core.JavaElement.newJavaModelException(JavaElement.java:584)
	at org.eclipse.jdt.internal.core.Openable.generateInfos(Openable.java:254)
	at org.eclipse.jdt.internal.core.Openable.openAncestors(Openable.java:528)
	at org.eclipse.jdt.internal.core.Openable.generateInfos(Openable.java:248)
	at org.eclipse.jdt.internal.core.Openable.openAncestors(Openable.java:528)
	at org.eclipse.jdt.internal.core.CompilationUnit.openAncestors(CompilationUnit.java:1246)
	at org.eclipse.jdt.internal.core.Openable.generateInfos(Openable.java:248)
	at org.eclipse.jdt.internal.core.JavaElement.openWhenClosed(JavaElement.java:597)
	at org.eclipse.jdt.internal.core.JavaElement.getElementInfo(JavaElement.java:328)
	at org.eclipse.jdt.internal.core.JavaElement.getElementInfo(JavaElement.java:314)
	at org.eclipse.jdt.internal.core.Openable.getBuffer(Openable.java:296)
	at org.eclipse.jdt.ls.core.internal.handlers.WorkspaceDiagnosticsHandler.publishDiagnostics(WorkspaceDiagnosticsHandler.java:320)
	at org.eclipse.jdt.ls.core.internal.handlers.WorkspaceDiagnosticsHandler.publishDiagnostics(WorkspaceDiagnosticsHandler.java:245)
	at org.eclipse.jdt.ls.core.internal.handlers.JDTLanguageServer$2.run(JDTLanguageServer.java:321)
	at org.eclipse.core.internal.jobs.Worker.run(Worker.java:63)
!SUBENTRY 1 org.eclipse.jdt.core 4 1006 2024-03-01 16:51:14.918
!MESSAGE src/main/java/com.ontariotechu.sofe3980U [in BinaryCalculatorWebapp] is not on its project's build path

!ENTRY org.eclipse.jdt.ls.core 4 0 2024-03-01 16:51:14.922
!MESSAGE Failed to publish diagnostics for file:///home/rupammittal9/SOFE3980U-Lab3/BinaryCalculatorWebapp/src/test/java/com.ontariotechu.sofe3980U/HelloControllerTest.java
!STACK 1
Java Model Exception: Error in Java Model (code 1006): src/test/java/com.ontariotechu.sofe3980U [in BinaryCalculatorWebapp] is not on its project's build path
	at org.eclipse.jdt.internal.core.JavaElement.newJavaModelException(JavaElement.java:584)
	at org.eclipse.jdt.internal.core.Openable.generateInfos(Openable.java:254)
	at org.eclipse.jdt.internal.core.Openable.openAncestors(Openable.java:528)
	at org.eclipse.jdt.internal.core.Openable.generateInfos(Openable.java:248)
	at org.eclipse.jdt.internal.core.Openable.openAncestors(Openable.java:528)
	at org.eclipse.jdt.internal.core.CompilationUnit.openAncestors(CompilationUnit.java:1246)
	at org.eclipse.jdt.internal.core.Openable.generateInfos(Openable.java:248)
	at org.eclipse.jdt.internal.core.JavaElement.openWhenClosed(JavaElement.java:597)
	at org.eclipse.jdt.internal.core.JavaElement.getElementInfo(JavaElement.java:328)
	at org.eclipse.jdt.internal.core.JavaElement.getElementInfo(JavaElement.java:314)
	at org.eclipse.jdt.internal.core.Openable.getBuffer(Openable.java:296)
	at org.eclipse.jdt.ls.core.internal.handlers.WorkspaceDiagnosticsHandler.publishDiagnostics(WorkspaceDiagnosticsHandler.java:320)
	at org.eclipse.jdt.ls.core.internal.handlers.WorkspaceDiagnosticsHandler.publishDiagnostics(WorkspaceDiagnosticsHandler.java:245)
	at org.eclipse.jdt.ls.core.internal.handlers.JDTLanguageServer$2.run(JDTLanguageServer.java:321)
	at org.eclipse.core.internal.jobs.Worker.run(Worker.java:63)
!SUBENTRY 1 org.eclipse.jdt.core 4 1006 2024-03-01 16:51:14.922
!MESSAGE src/test/java/com.ontariotechu.sofe3980U [in BinaryCalculatorWebapp] is not on its project's build path

!ENTRY org.eclipse.jdt.ls.core 4 0 2024-03-01 16:51:14.924
!MESSAGE Failed to publish diagnostics for file:///home/rupammittal9/SOFE3980U-Lab3/BinaryCalculatorWebapp/src/main/java/com.ontariotechu.sofe3980U/BinaryAPIResult.java
!STACK 1
Java Model Exception: Error in Java Model (code 1006): src/main/java/com.ontariotechu.sofe3980U [in BinaryCalculatorWebapp] is not on its project's build path
	at org.eclipse.jdt.internal.core.JavaElement.newJavaModelException(JavaElement.java:584)
	at org.eclipse.jdt.internal.core.Openable.generateInfos(Openable.java:254)
	at org.eclipse.jdt.internal.core.Openable.openAncestors(Openable.java:528)
	at org.eclipse.jdt.internal.core.Openable.generateInfos(Openable.java:248)
	at org.eclipse.jdt.internal.core.Openable.openAncestors(Openable.java:528)
	at org.eclipse.jdt.internal.core.CompilationUnit.openAncestors(CompilationUnit.java:1246)
	at org.eclipse.jdt.internal.core.Openable.generateInfos(Openable.java:248)
	at org.eclipse.jdt.internal.core.JavaElement.openWhenClosed(JavaElement.java:597)
	at org.eclipse.jdt.internal.core.JavaElement.getElementInfo(JavaElement.java:328)
	at org.eclipse.jdt.internal.core.JavaElement.getElementInfo(JavaElement.java:314)
	at org.eclipse.jdt.internal.core.Openable.getBuffer(Openable.java:296)
	at org.eclipse.jdt.ls.core.internal.handlers.WorkspaceDiagnosticsHandler.publishDiagnostics(WorkspaceDiagnosticsHandler.java:320)
	at org.eclipse.jdt.ls.core.internal.handlers.WorkspaceDiagnosticsHandler.publishDiagnostics(WorkspaceDiagnosticsHandler.java:245)
	at org.eclipse.jdt.ls.core.internal.handlers.JDTLanguageServer$2.run(JDTLanguageServer.java:321)
	at org.eclipse.core.internal.jobs.Worker.run(Worker.java:63)
!SUBENTRY 1 org.eclipse.jdt.core 4 1006 2024-03-01 16:51:14.924
!MESSAGE src/main/java/com.ontariotechu.sofe3980U [in BinaryCalculatorWebapp] is not on its project's build path

!ENTRY org.eclipse.jdt.ls.core 4 0 2024-03-01 16:51:14.926
!MESSAGE Failed to publish diagnostics for file:///home/rupammittal9/SOFE3980U-Lab3/BinaryCalculatorWebapp/src/main/java/com.ontariotechu.sofe3980U/BinaryController.java
!STACK 1
Java Model Exception: Error in Java Model (code 1006): src/main/java/com.ontariotechu.sofe3980U [in BinaryCalculatorWebapp] is not on its project's build path
	at org.eclipse.jdt.internal.core.JavaElement.newJavaModelException(JavaElement.java:584)
	at org.eclipse.jdt.internal.core.Openable.generateInfos(Openable.java:254)
	at org.eclipse.jdt.internal.core.Openable.openAncestors(Openable.java:528)
	at org.eclipse.jdt.internal.core.Openable.generateInfos(Openable.java:248)
	at org.eclipse.jdt.internal.core.Openable.openAncestors(Openable.java:528)
	at org.eclipse.jdt.internal.core.CompilationUnit.openAncestors(CompilationUnit.java:1246)
	at org.eclipse.jdt.internal.core.Openable.generateInfos(Openable.java:248)
	at org.eclipse.jdt.internal.core.JavaElement.openWhenClosed(JavaElement.java:597)
	at org.eclipse.jdt.internal.core.JavaElement.getElementInfo(JavaElement.java:328)
	at org.eclipse.jdt.internal.core.JavaElement.getElementInfo(JavaElement.java:314)
	at org.eclipse.jdt.internal.core.Openable.getBuffer(Openable.java:296)
	at org.eclipse.jdt.ls.core.internal.handlers.WorkspaceDiagnosticsHandler.publishDiagnostics(WorkspaceDiagnosticsHandler.java:320)
	at org.eclipse.jdt.ls.core.internal.handlers.WorkspaceDiagnosticsHandler.publishDiagnostics(WorkspaceDiagnosticsHandler.java:245)
	at org.eclipse.jdt.ls.core.internal.handlers.JDTLanguageServer$2.run(JDTLanguageServer.java:321)
	at org.eclipse.core.internal.jobs.Worker.run(Worker.java:63)
!SUBENTRY 1 org.eclipse.jdt.core 4 1006 2024-03-01 16:51:14.927
!MESSAGE src/main/java/com.ontariotechu.sofe3980U [in BinaryCalculatorWebapp] is not on its project's build path

!ENTRY org.eclipse.jdt.ls.core 4 0 2024-03-01 16:51:14.934
!MESSAGE Failed to publish diagnostics for file:///home/rupammittal9/SOFE3980U-Lab3/BinaryCalculatorWebapp/src/main/java/com.ontariotechu.sofe3980U/BinaryAPIController.java
!STACK 1
Java Model Exception: Error in Java Model (code 1006): src/main/java/com.ontariotechu.sofe3980U [in BinaryCalculatorWebapp] is not on its project's build path
	at org.eclipse.jdt.internal.core.JavaElement.newJavaModelException(JavaElement.java:584)
	at org.eclipse.jdt.internal.core.Openable.generateInfos(Openable.java:254)
	at org.eclipse.jdt.internal.core.Openable.openAncestors(Openable.java:528)
	at org.eclipse.jdt.internal.core.Openable.generateInfos(Openable.java:248)
	at org.eclipse.jdt.internal.core.Openable.openAncestors(Openable.java:528)
	at org.eclipse.jdt.internal.core.CompilationUnit.openAncestors(CompilationUnit.java:1246)
	at org.eclipse.jdt.internal.core.Openable.generateInfos(Openable.java:248)
	at org.eclipse.jdt.internal.core.JavaElement.openWhenClosed(JavaElement.java:597)
	at org.eclipse.jdt.internal.core.JavaElement.getElementInfo(JavaElement.java:328)
	at org.eclipse.jdt.internal.core.JavaElement.getElementInfo(JavaElement.java:314)
	at org.eclipse.jdt.internal.core.Openable.getBuffer(Openable.java:296)
	at org.eclipse.jdt.ls.core.internal.handlers.WorkspaceDiagnosticsHandler.publishDiagnostics(WorkspaceDiagnosticsHandler.java:320)
	at org.eclipse.jdt.ls.core.internal.handlers.WorkspaceDiagnosticsHandler.publishDiagnostics(WorkspaceDiagnosticsHandler.java:245)
	at org.eclipse.jdt.ls.core.internal.handlers.JDTLanguageServer$2.run(JDTLanguageServer.java:321)
	at org.eclipse.core.internal.jobs.Worker.run(Worker.java:63)
!SUBENTRY 1 org.eclipse.jdt.core 4 1006 2024-03-01 16:51:14.934
!MESSAGE src/main/java/com.ontariotechu.sofe3980U [in BinaryCalculatorWebapp] is not on its project's build path

!ENTRY org.eclipse.jdt.ls.core 4 0 2024-03-01 16:51:14.937
!MESSAGE Failed to publish diagnostics for file:///home/rupammittal9/SOFE3980U-Lab3/BinaryCalculatorWebapp/src/test/java/com.ontariotechu.sofe3980U/BinaryControllerTest.java
!STACK 1
Java Model Exception: Error in Java Model (code 1006): src/test/java/com.ontariotechu.sofe3980U [in BinaryCalculatorWebapp] is not on its project's build path
	at org.eclipse.jdt.internal.core.JavaElement.newJavaModelException(JavaElement.java:584)
	at org.eclipse.jdt.internal.core.Openable.generateInfos(Openable.java:254)
	at org.eclipse.jdt.internal.core.Openable.openAncestors(Openable.java:528)
	at org.eclipse.jdt.internal.core.Openable.generateInfos(Openable.java:248)
	at org.eclipse.jdt.internal.core.Openable.openAncestors(Openable.java:528)
	at org.eclipse.jdt.internal.core.CompilationUnit.openAncestors(CompilationUnit.java:1246)
	at org.eclipse.jdt.internal.core.Openable.generateInfos(Openable.java:248)
	at org.eclipse.jdt.internal.core.JavaElement.openWhenClosed(JavaElement.java:597)
	at org.eclipse.jdt.internal.core.JavaElement.getElementInfo(JavaElement.java:328)
	at org.eclipse.jdt.internal.core.JavaElement.getElementInfo(JavaElement.java:314)
	at org.eclipse.jdt.internal.core.Openable.getBuffer(Openable.java:296)
	at org.eclipse.jdt.ls.core.internal.handlers.WorkspaceDiagnosticsHandler.publishDiagnostics(WorkspaceDiagnosticsHandler.java:320)
	at org.eclipse.jdt.ls.core.internal.handlers.WorkspaceDiagnosticsHandler.publishDiagnostics(WorkspaceDiagnosticsHandler.java:245)
	at org.eclipse.jdt.ls.core.internal.handlers.JDTLanguageServer$2.run(JDTLanguageServer.java:321)
	at org.eclipse.core.internal.jobs.Worker.run(Worker.java:63)
!SUBENTRY 1 org.eclipse.jdt.core 4 1006 2024-03-01 16:51:14.937
!MESSAGE src/test/java/com.ontariotechu.sofe3980U [in BinaryCalculatorWebapp] is not on its project's build path

!ENTRY org.eclipse.jdt.ls.core 4 0 2024-03-01 16:51:14.947
!MESSAGE Failed to publish diagnostics for file:///home/rupammittal9/SOFE3980U-Lab3/BinaryCalculatorWebapp/src/main/java/com.ontariotechu.sofe3980U/HelloAPIController.java
!STACK 1
Java Model Exception: Error in Java Model (code 1006): src/main/java/com.ontariotechu.sofe3980U [in BinaryCalculatorWebapp] is not on its project's build path
	at org.eclipse.jdt.internal.core.JavaElement.newJavaModelException(JavaElement.java:584)
	at org.eclipse.jdt.internal.core.Openable.generateInfos(Openable.java:254)
	at org.eclipse.jdt.internal.core.Openable.openAncestors(Openable.java:528)
	at org.eclipse.jdt.internal.core.Openable.generateInfos(Openable.java:248)
	at org.eclipse.jdt.internal.core.Openable.openAncestors(Openable.java:528)
	at org.eclipse.jdt.internal.core.CompilationUnit.openAncestors(CompilationUnit.java:1246)
	at org.eclipse.jdt.internal.core.Openable.generateInfos(Openable.java:248)
	at org.eclipse.jdt.internal.core.JavaElement.openWhenClosed(JavaElement.java:597)
	at org.eclipse.jdt.internal.core.JavaElement.getElementInfo(JavaElement.java:328)
	at org.eclipse.jdt.internal.core.JavaElement.getElementInfo(JavaElement.java:314)
	at org.eclipse.jdt.internal.core.Openable.getBuffer(Openable.java:296)
	at org.eclipse.jdt.ls.core.internal.handlers.WorkspaceDiagnosticsHandler.publishDiagnostics(WorkspaceDiagnosticsHandler.java:320)
	at org.eclipse.jdt.ls.core.internal.handlers.WorkspaceDiagnosticsHandler.publishDiagnostics(WorkspaceDiagnosticsHandler.java:245)
	at org.eclipse.jdt.ls.core.internal.handlers.JDTLanguageServer$2.run(JDTLanguageServer.java:321)
	at org.eclipse.core.internal.jobs.Worker.run(Worker.java:63)
!SUBENTRY 1 org.eclipse.jdt.core 4 1006 2024-03-01 16:51:14.951
!MESSAGE src/main/java/com.ontariotechu.sofe3980U [in BinaryCalculatorWebapp] is not on its project's build path

!ENTRY org.eclipse.jdt.ls.core 4 0 2024-03-01 16:51:14.959
!MESSAGE Failed to publish diagnostics for file:///home/rupammittal9/SOFE3980U-Lab3/BinaryCalculatorWebapp/src/main/java/com.ontariotechu.sofe3980U/Binary.java
!STACK 1
Java Model Exception: Error in Java Model (code 1006): src/main/java/com.ontariotechu.sofe3980U [in BinaryCalculatorWebapp] is not on its project's build path
	at org.eclipse.jdt.internal.core.JavaElement.newJavaModelException(JavaElement.java:584)
	at org.eclipse.jdt.internal.core.Openable.generateInfos(Openable.java:254)
	at org.eclipse.jdt.internal.core.Openable.openAncestors(Openable.java:528)
	at org.eclipse.jdt.internal.core.Openable.generateInfos(Openable.java:248)
	at org.eclipse.jdt.internal.core.Openable.openAncestors(Openable.java:528)
	at org.eclipse.jdt.internal.core.CompilationUnit.openAncestors(CompilationUnit.java:1246)
	at org.eclipse.jdt.internal.core.Openable.generateInfos(Openable.java:248)
	at org.eclipse.jdt.internal.core.JavaElement.openWhenClosed(JavaElement.java:597)
	at org.eclipse.jdt.internal.core.JavaElement.getElementInfo(JavaElement.java:328)
	at org.eclipse.jdt.internal.core.JavaElement.getElementInfo(JavaElement.java:314)
	at org.eclipse.jdt.internal.core.Openable.getBuffer(Openable.java:296)
	at org.eclipse.jdt.ls.core.internal.handlers.WorkspaceDiagnosticsHandler.publishDiagnostics(WorkspaceDiagnosticsHandler.java:320)
	at org.eclipse.jdt.ls.core.internal.handlers.WorkspaceDiagnosticsHandler.publishDiagnostics(WorkspaceDiagnosticsHandler.java:245)
	at org.eclipse.jdt.ls.core.internal.handlers.JDTLanguageServer$2.run(JDTLanguageServer.java:321)
	at org.eclipse.core.internal.jobs.Worker.run(Worker.java:63)
!SUBENTRY 1 org.eclipse.jdt.core 4 1006 2024-03-01 16:51:14.960
!MESSAGE src/main/java/com.ontariotechu.sofe3980U [in BinaryCalculatorWebapp] is not on its project's build path

!ENTRY org.eclipse.jdt.ls.core 4 0 2024-03-01 16:51:14.962
!MESSAGE Failed to publish diagnostics for file:///home/rupammittal9/SOFE3980U-Lab3/BinaryCalculatorWebapp/src/main/java/com.ontariotechu.sofe3980U/Application.java
!STACK 1
Java Model Exception: Error in Java Model (code 1006): src/main/java/com.ontariotechu.sofe3980U [in BinaryCalculatorWebapp] is not on its project's build path
	at org.eclipse.jdt.internal.core.JavaElement.newJavaModelException(JavaElement.java:584)
	at org.eclipse.jdt.internal.core.Openable.generateInfos(Openable.java:254)
	at org.eclipse.jdt.internal.core.Openable.openAncestors(Openable.java:528)
	at org.eclipse.jdt.internal.core.Openable.generateInfos(Openable.java:248)
	at org.eclipse.jdt.internal.core.Openable.openAncestors(Openable.java:528)
	at org.eclipse.jdt.internal.core.CompilationUnit.openAncestors(CompilationUnit.java:1246)
	at org.eclipse.jdt.internal.core.Openable.generateInfos(Openable.java:248)
	at org.eclipse.jdt.internal.core.JavaElement.openWhenClosed(JavaElement.java:597)
	at org.eclipse.jdt.internal.core.JavaElement.getElementInfo(JavaElement.java:328)
	at org.eclipse.jdt.internal.core.JavaElement.getElementInfo(JavaElement.java:314)
	at org.eclipse.jdt.internal.core.Openable.getBuffer(Openable.java:296)
	at org.eclipse.jdt.ls.core.internal.handlers.WorkspaceDiagnosticsHandler.publishDiagnostics(WorkspaceDiagnosticsHandler.java:320)
	at org.eclipse.jdt.ls.core.internal.handlers.WorkspaceDiagnosticsHandler.publishDiagnostics(WorkspaceDiagnosticsHandler.java:245)
	at org.eclipse.jdt.ls.core.internal.handlers.JDTLanguageServer$2.run(JDTLanguageServer.java:321)
	at org.eclipse.core.internal.jobs.Worker.run(Worker.java:63)
!SUBENTRY 1 org.eclipse.jdt.core 4 1006 2024-03-01 16:51:14.962
!MESSAGE src/main/java/com.ontariotechu.sofe3980U [in BinaryCalculatorWebapp] is not on its project's build path

!ENTRY org.eclipse.jdt.ls.core 4 0 2024-03-01 16:51:14.965
!MESSAGE Failed to publish diagnostics for file:///home/rupammittal9/SOFE3980U-Lab3/BinaryCalculatorWebapp/src/main/java/com.ontariotechu.sofe3980U/HelloController.java
!STACK 1
Java Model Exception: Error in Java Model (code 1006): src/main/java/com.ontariotechu.sofe3980U [in BinaryCalculatorWebapp] is not on its project's build path
	at org.eclipse.jdt.internal.core.JavaElement.newJavaModelException(JavaElement.java:584)
	at org.eclipse.jdt.internal.core.Openable.generateInfos(Openable.java:254)
	at org.eclipse.jdt.internal.core.Openable.openAncestors(Openable.java:528)
	at org.eclipse.jdt.internal.core.Openable.generateInfos(Openable.java:248)
	at org.eclipse.jdt.internal.core.Openable.openAncestors(Openable.java:528)
	at org.eclipse.jdt.internal.core.CompilationUnit.openAncestors(CompilationUnit.java:1246)
	at org.eclipse.jdt.internal.core.Openable.generateInfos(Openable.java:248)
	at org.eclipse.jdt.internal.core.JavaElement.openWhenClosed(JavaElement.java:597)
	at org.eclipse.jdt.internal.core.JavaElement.getElementInfo(JavaElement.java:328)
	at org.eclipse.jdt.internal.core.JavaElement.getElementInfo(JavaElement.java:314)
	at org.eclipse.jdt.internal.core.Openable.getBuffer(Openable.java:296)
	at org.eclipse.jdt.ls.core.internal.handlers.WorkspaceDiagnosticsHandler.publishDiagnostics(WorkspaceDiagnosticsHandler.java:320)
	at org.eclipse.jdt.ls.core.internal.handlers.WorkspaceDiagnosticsHandler.publishDiagnostics(WorkspaceDiagnosticsHandler.java:245)
	at org.eclipse.jdt.ls.core.internal.handlers.JDTLanguageServer$2.run(JDTLanguageServer.java:321)
	at org.eclipse.core.internal.jobs.Worker.run(Worker.java:63)
!SUBENTRY 1 org.eclipse.jdt.core 4 1006 2024-03-01 16:51:14.965
!MESSAGE src/main/java/com.ontariotechu.sofe3980U [in BinaryCalculatorWebapp] is not on its project's build path

!ENTRY org.eclipse.jdt.ls.core 1 0 2024-03-01 16:51:44.499
!MESSAGE >> shutdown

!ENTRY org.eclipse.jdt.ls.core 1 0 2024-03-01 16:51:44.502
!MESSAGE >> exit

!ENTRY org.eclipse.jdt.ls.core 1 0 2024-03-01 16:51:44.627
!MESSAGE Shutdown received... waking up main thread

!ENTRY org.eclipse.jdt.ls.core 1 0 2024-03-01 16:51:44.640
!MESSAGE class org.eclipse.jdt.ls.core.internal.JavaLanguageServerPlugin is stopping:
!SESSION 2024-03-01 16:53:08.814 -----------------------------------------------
eclipse.buildId=unknown
java.version=17.0.10
java.vendor=Debian
BootLoader constants: OS=linux, ARCH=x86_64, WS=gtk, NL=en_US
Command-line arguments:  -data /home/rupammittal9/.codeoss/data/User/workspaceStorage/2144a8b3/redhat.java/jdt_ws

!ENTRY org.eclipse.jdt.ls.core 1 0 2024-03-01 16:53:12.123
!MESSAGE class org.eclipse.jdt.ls.core.internal.JavaLanguageServerPlugin is started

!ENTRY org.eclipse.jdt.ls.core 1 0 2024-03-01 16:53:12.881
!MESSAGE Main thread is waiting

!ENTRY org.eclipse.jdt.ls.core 1 0 2024-03-01 16:53:13.095
!MESSAGE >> initialize

!ENTRY org.eclipse.jdt.ls.core 1 0 2024-03-01 16:53:13.098
!MESSAGE Initializing Java Language Server 1.25.0.202306230807

!ENTRY org.eclipse.jdt.ls.core 1 0 2024-03-01 16:53:14.500
!MESSAGE Static Commands: []

!ENTRY org.eclipse.jdt.ls.core 1 0 2024-03-01 16:53:14.501
!MESSAGE Non-Static Commands: [java.edit.organizeImports, java.project.refreshDiagnostics, java.project.import, java.navigate.openTypeHierarchy, java.project.removeFromSourcePath, java.project.listSourcePaths, java.project.resolveStackTraceLocation, java.project.getAll, java.reloadBundles, java.project.isTestFile, java.edit.handlePasteEvent, java.project.getClasspaths, java.navigate.resolveTypeHierarchy, java.edit.stringFormatting, java.project.getSettings, java.project.updateSourceAttachment, java.project.resolveWorkspaceSymbol, java.project.upgradeGradle, java.decompile, java.project.createModuleInfo, java.protobuf.generateSources, java.project.resolveSourceAttachment, java.project.addToSourcePath, java.completion.onDidSelect]

!ENTRY org.eclipse.jdt.ls.core 1 0 2024-03-01 16:53:14.501
!MESSAGE Static Commands: []

!ENTRY org.eclipse.jdt.ls.core 1 0 2024-03-01 16:53:14.502
!MESSAGE Non-Static Commands: [vscode.java.test.findJavaProjects, vscode.java.test.findTestPackagesAndTypes, vscode.java.test.findTestTypesAndMethods, vscode.java.test.resolvePath, vscode.java.test.findTestLocation, vscode.java.test.get.testpath, vscode.java.test.findDirectTestChildrenForClass, vscode.java.test.navigateToTestOrTarget, vscode.java.test.junit.argument, vscode.java.test.generateTests]

!ENTRY org.eclipse.jdt.ls.core 1 0 2024-03-01 16:53:14.502
!MESSAGE Static Commands: []

!ENTRY org.eclipse.jdt.ls.core 1 0 2024-03-01 16:53:14.503
!MESSAGE Non-Static Commands: [vscode.java.checkProjectSettings, vscode.java.isOnClasspath, vscode.java.fetchUsageData, vscode.java.validateLaunchConfig, vscode.java.resolveInlineVariables, vscode.java.resolveClassFilters, vscode.java.resolveMainMethod, vscode.java.resolveClasspath, vscode.java.resolveBuildFiles, vscode.java.resolveMainClass, vscode.java.updateDebugSettings, vscode.java.resolveSourceUri, vscode.java.fetchPlatformSettings, vscode.java.buildWorkspace, vscode.java.startDebugSession, vscode.java.inferLaunchCommandLength, vscode.java.resolveElementAtSelection, vscode.java.resolveJavaExecutable]

!ENTRY org.eclipse.jdt.ls.core 1 0 2024-03-01 16:53:14.503
!MESSAGE Static Commands: []

!ENTRY org.eclipse.jdt.ls.core 1 0 2024-03-01 16:53:14.503
!MESSAGE Non-Static Commands: [java.maven.initializeSearcher, java.maven.searchArtifact, java.maven.addDependency, java.maven.controlContext]

!ENTRY org.eclipse.jdt.ls.core 1 0 2024-03-01 16:53:14.504
!MESSAGE Static Commands: []

!ENTRY org.eclipse.jdt.ls.core 1 0 2024-03-01 16:53:14.504
!MESSAGE Non-Static Commands: [java.project.refreshLib, java.project.checkImportStatus, java.project.list, java.project.generateJar, java.project.getMainClasses, java.getPackageData, java.resolvePath]

!ENTRY org.eclipse.jdt.ls.core 1 0 2024-03-01 16:53:14.520
!MESSAGE Started org.eclipse.m2e.core 1ms

!ENTRY org.eclipse.jdt.ls.core 1 0 2024-03-01 16:53:14.523
!MESSAGE ProjectRegistryRefreshJob finished 3ms

!ENTRY org.eclipse.jdt.ls.core 1 0 2024-03-01 16:53:14.569
!MESSAGE Started org.eclipse.buildship.core 45ms

!ENTRY org.eclipse.jdt.ls.core 1 0 2024-03-01 16:53:14.649
!MESSAGE >> initialized

!ENTRY org.eclipse.jdt.ls.core 1 0 2024-03-01 16:53:14.703
!MESSAGE RepositoryRegistryUpdateJob finished 98ms

!ENTRY org.eclipse.jdt.ls.core 1 0 2024-03-01 16:53:15.556
!MESSAGE Importing Maven project(s)

!ENTRY org.eclipse.jdt.ls.core 1 0 2024-03-01 16:53:15.743
!MESSAGE Workspace initialized in 1136ms

!ENTRY org.eclipse.jdt.ls.core 1 0 2024-03-01 16:53:15.792
!MESSAGE >> initialization job finished

!ENTRY org.eclipse.jdt.ls.core 1 0 2024-03-01 16:53:15.802
!MESSAGE >> registerWatchers'

!ENTRY org.eclipse.jdt.ls.core 1 0 2024-03-01 16:53:15.805
!MESSAGE >> registerFeature 'workspace/didChangeWatchedFiles'

!ENTRY org.eclipse.jdt.ls.core 4 0 2024-03-01 16:53:17.894
!MESSAGE Error occured while building workspace. Details: 
 message: The declared package "com.ontariotechu.sofe3980U" does not match the expected package "com.ontariotechu.sofe3980U"; code: 536871240; resource: /home/rupammittal9/SOFE3980U-Lab3/BinaryCalculatorWebapp/src/main/java/com.ontariotechu.sofe3980U/APIResult.java; line: 1
 message: The declared package "com.ontariotechu.sofe3980U" does not match the expected package "com.ontariotechu.sofe3980U"; code: 536871240; resource: /home/rupammittal9/SOFE3980U-Lab3/BinaryCalculatorWebapp/src/main/java/com.ontariotechu.sofe3980U/Application.java; line: 1
 message: The declared package "com.ontariotechu.sofe3980U" does not match the expected package "com.ontariotechu.sofe3980U"; code: 536871240; resource: /home/rupammittal9/SOFE3980U-Lab3/BinaryCalculatorWebapp/src/main/java/com.ontariotechu.sofe3980U/Binary.java; line: 1
 message: The declared package "com.ontariotechu.sofe3980U" does not match the expected package "com.ontariotechu.sofe3980U"; code: 536871240; resource: /home/rupammittal9/SOFE3980U-Lab3/BinaryCalculatorWebapp/src/main/java/com.ontariotechu.sofe3980U/BinaryAPIController.java; line: 1
 message: The declared package "com.ontariotechu.sofe3980U" does not match the expected package "com.ontariotechu.sofe3980U"; code: 536871240; resource: /home/rupammittal9/SOFE3980U-Lab3/BinaryCalculatorWebapp/src/main/java/com.ontariotechu.sofe3980U/BinaryAPIResult.java; line: 1
 message: The declared package "com.ontariotechu.sofe3980U" does not match the expected package "com.ontariotechu.sofe3980U"; code: 536871240; resource: /home/rupammittal9/SOFE3980U-Lab3/BinaryCalculatorWebapp/src/main/java/com.ontariotechu.sofe3980U/BinaryController.java; line: 1
 message: The declared package "com.ontariotechu.sofe3980U" does not match the expected package "com.ontariotechu.sofe3980U"; code: 536871240; resource: /home/rupammittal9/SOFE3980U-Lab3/BinaryCalculatorWebapp/src/main/java/com.ontariotechu.sofe3980U/HelloAPIController.java; line: 1
 message: The declared package "com.ontariotechu.sofe3980U" does not match the expected package "com.ontariotechu.sofe3980U"; code: 536871240; resource: /home/rupammittal9/SOFE3980U-Lab3/BinaryCalculatorWebapp/src/main/java/com.ontariotechu.sofe3980U/HelloController.java; line: 1
 message: The declared package "com.ontariotechu.sofe3980U" does not match the expected package "com.ontariotechu.sofe3980U"; code: 536871240; resource: /home/rupammittal9/SOFE3980U-Lab3/BinaryCalculatorWebapp/src/test/java/com.ontariotechu.sofe3980U/BinaryAPIControllerTest.java; line: 1
 message: The declared package "com.ontariotechu.sofe3980U" does not match the expected package "com.ontariotechu.sofe3980U"; code: 536871240; resource: /home/rupammittal9/SOFE3980U-Lab3/BinaryCalculatorWebapp/src/test/java/com.ontariotechu.sofe3980U/BinaryControllerTest.java; line: 1
 message: The declared package "com.ontariotechu.sofe3980U" does not match the expected package "com.ontariotechu.sofe3980U"; code: 536871240; resource: /home/rupammittal9/SOFE3980U-Lab3/BinaryCalculatorWebapp/src/test/java/com.ontariotechu.sofe3980U/HelloAPIControllerTest.java; line: 1
 message: The declared package "com.ontariotechu.sofe3980U" does not match the expected package "com.ontariotechu.sofe3980U"; code: 536871240; resource: /home/rupammittal9/SOFE3980U-Lab3/BinaryCalculatorWebapp/src/test/java/com.ontariotechu.sofe3980U/HelloControllerTest.java; line: 1

!ENTRY org.eclipse.jdt.ls.core 1 0 2024-03-01 16:53:18.629
!MESSAGE >> build jobs finished

!ENTRY org.eclipse.jdt.ls.core 4 0 2024-03-01 16:53:18.636
!MESSAGE Failed to publish diagnostics for file:///home/rupammittal9/SOFE3980U-Lab3/BinaryCalculatorWebapp/src/test/java/com.ontariotechu.sofe3980U/HelloAPIControllerTest.java
!STACK 1
Java Model Exception: Error in Java Model (code 1006): src/test/java/com.ontariotechu.sofe3980U [in BinaryCalculatorWebapp] is not on its project's build path
	at org.eclipse.jdt.internal.core.JavaElement.newJavaModelException(JavaElement.java:584)
	at org.eclipse.jdt.internal.core.Openable.generateInfos(Openable.java:254)
	at org.eclipse.jdt.internal.core.Openable.openAncestors(Openable.java:528)
	at org.eclipse.jdt.internal.core.Openable.generateInfos(Openable.java:248)
	at org.eclipse.jdt.internal.core.Openable.openAncestors(Openable.java:528)
	at org.eclipse.jdt.internal.core.CompilationUnit.openAncestors(CompilationUnit.java:1246)
	at org.eclipse.jdt.internal.core.Openable.generateInfos(Openable.java:248)
	at org.eclipse.jdt.internal.core.JavaElement.openWhenClosed(JavaElement.java:597)
	at org.eclipse.jdt.internal.core.JavaElement.getElementInfo(JavaElement.java:328)
	at org.eclipse.jdt.internal.core.JavaElement.getElementInfo(JavaElement.java:314)
	at org.eclipse.jdt.internal.core.Openable.getBuffer(Openable.java:296)
	at org.eclipse.jdt.ls.core.internal.handlers.WorkspaceDiagnosticsHandler.publishDiagnostics(WorkspaceDiagnosticsHandler.java:320)
	at org.eclipse.jdt.ls.core.internal.handlers.WorkspaceDiagnosticsHandler.publishDiagnostics(WorkspaceDiagnosticsHandler.java:245)
	at org.eclipse.jdt.ls.core.internal.handlers.JDTLanguageServer$2.run(JDTLanguageServer.java:321)
	at org.eclipse.core.internal.jobs.Worker.run(Worker.java:63)
!SUBENTRY 1 org.eclipse.jdt.core 4 1006 2024-03-01 16:53:18.638
!MESSAGE src/test/java/com.ontariotechu.sofe3980U [in BinaryCalculatorWebapp] is not on its project's build path

!ENTRY org.eclipse.jdt.ls.core 4 0 2024-03-01 16:53:18.643
!MESSAGE Failed to publish diagnostics for file:///home/rupammittal9/SOFE3980U-Lab3/BinaryCalculatorWebapp/src/test/java/com.ontariotechu.sofe3980U/BinaryAPIControllerTest.java
!STACK 1
Java Model Exception: Error in Java Model (code 1006): src/test/java/com.ontariotechu.sofe3980U [in BinaryCalculatorWebapp] is not on its project's build path
	at org.eclipse.jdt.internal.core.JavaElement.newJavaModelException(JavaElement.java:584)
	at org.eclipse.jdt.internal.core.Openable.generateInfos(Openable.java:254)
	at org.eclipse.jdt.internal.core.Openable.openAncestors(Openable.java:528)
	at org.eclipse.jdt.internal.core.Openable.generateInfos(Openable.java:248)
	at org.eclipse.jdt.internal.core.Openable.openAncestors(Openable.java:528)
	at org.eclipse.jdt.internal.core.CompilationUnit.openAncestors(CompilationUnit.java:1246)
	at org.eclipse.jdt.internal.core.Openable.generateInfos(Openable.java:248)
	at org.eclipse.jdt.internal.core.JavaElement.openWhenClosed(JavaElement.java:597)
	at org.eclipse.jdt.internal.core.JavaElement.getElementInfo(JavaElement.java:328)
	at org.eclipse.jdt.internal.core.JavaElement.getElementInfo(JavaElement.java:314)
	at org.eclipse.jdt.internal.core.Openable.getBuffer(Openable.java:296)
	at org.eclipse.jdt.ls.core.internal.handlers.WorkspaceDiagnosticsHandler.publishDiagnostics(WorkspaceDiagnosticsHandler.java:320)
	at org.eclipse.jdt.ls.core.internal.handlers.WorkspaceDiagnosticsHandler.publishDiagnostics(WorkspaceDiagnosticsHandler.java:245)
	at org.eclipse.jdt.ls.core.internal.handlers.JDTLanguageServer$2.run(JDTLanguageServer.java:321)
	at org.eclipse.core.internal.jobs.Worker.run(Worker.java:63)
!SUBENTRY 1 org.eclipse.jdt.core 4 1006 2024-03-01 16:53:18.643
!MESSAGE src/test/java/com.ontariotechu.sofe3980U [in BinaryCalculatorWebapp] is not on its project's build path

!ENTRY org.eclipse.jdt.ls.core 4 0 2024-03-01 16:53:18.646
!MESSAGE Failed to publish diagnostics for file:///home/rupammittal9/SOFE3980U-Lab3/BinaryCalculatorWebapp/src/main/java/com.ontariotechu.sofe3980U/APIResult.java
!STACK 1
Java Model Exception: Error in Java Model (code 1006): src/main/java/com.ontariotechu.sofe3980U [in BinaryCalculatorWebapp] is not on its project's build path
	at org.eclipse.jdt.internal.core.JavaElement.newJavaModelException(JavaElement.java:584)
	at org.eclipse.jdt.internal.core.Openable.generateInfos(Openable.java:254)
	at org.eclipse.jdt.internal.core.Openable.openAncestors(Openable.java:528)
	at org.eclipse.jdt.internal.core.Openable.generateInfos(Openable.java:248)
	at org.eclipse.jdt.internal.core.Openable.openAncestors(Openable.java:528)
	at org.eclipse.jdt.internal.core.CompilationUnit.openAncestors(CompilationUnit.java:1246)
	at org.eclipse.jdt.internal.core.Openable.generateInfos(Openable.java:248)
	at org.eclipse.jdt.internal.core.JavaElement.openWhenClosed(JavaElement.java:597)
	at org.eclipse.jdt.internal.core.JavaElement.getElementInfo(JavaElement.java:328)
	at org.eclipse.jdt.internal.core.JavaElement.getElementInfo(JavaElement.java:314)
	at org.eclipse.jdt.internal.core.Openable.getBuffer(Openable.java:296)
	at org.eclipse.jdt.ls.core.internal.handlers.WorkspaceDiagnosticsHandler.publishDiagnostics(WorkspaceDiagnosticsHandler.java:320)
	at org.eclipse.jdt.ls.core.internal.handlers.WorkspaceDiagnosticsHandler.publishDiagnostics(WorkspaceDiagnosticsHandler.java:245)
	at org.eclipse.jdt.ls.core.internal.handlers.JDTLanguageServer$2.run(JDTLanguageServer.java:321)
	at org.eclipse.core.internal.jobs.Worker.run(Worker.java:63)
!SUBENTRY 1 org.eclipse.jdt.core 4 1006 2024-03-01 16:53:18.646
!MESSAGE src/main/java/com.ontariotechu.sofe3980U [in BinaryCalculatorWebapp] is not on its project's build path

!ENTRY org.eclipse.jdt.ls.core 4 0 2024-03-01 16:53:18.648
!MESSAGE Failed to publish diagnostics for file:///home/rupammittal9/SOFE3980U-Lab3/BinaryCalculatorWebapp/src/test/java/com.ontariotechu.sofe3980U/HelloControllerTest.java
!STACK 1
Java Model Exception: Error in Java Model (code 1006): src/test/java/com.ontariotechu.sofe3980U [in BinaryCalculatorWebapp] is not on its project's build path
	at org.eclipse.jdt.internal.core.JavaElement.newJavaModelException(JavaElement.java:584)
	at org.eclipse.jdt.internal.core.Openable.generateInfos(Openable.java:254)
	at org.eclipse.jdt.internal.core.Openable.openAncestors(Openable.java:528)
	at org.eclipse.jdt.internal.core.Openable.generateInfos(Openable.java:248)
	at org.eclipse.jdt.internal.core.Openable.openAncestors(Openable.java:528)
	at org.eclipse.jdt.internal.core.CompilationUnit.openAncestors(CompilationUnit.java:1246)
	at org.eclipse.jdt.internal.core.Openable.generateInfos(Openable.java:248)
	at org.eclipse.jdt.internal.core.JavaElement.openWhenClosed(JavaElement.java:597)
	at org.eclipse.jdt.internal.core.JavaElement.getElementInfo(JavaElement.java:328)
	at org.eclipse.jdt.internal.core.JavaElement.getElementInfo(JavaElement.java:314)
	at org.eclipse.jdt.internal.core.Openable.getBuffer(Openable.java:296)
	at org.eclipse.jdt.ls.core.internal.handlers.WorkspaceDiagnosticsHandler.publishDiagnostics(WorkspaceDiagnosticsHandler.java:320)
	at org.eclipse.jdt.ls.core.internal.handlers.WorkspaceDiagnosticsHandler.publishDiagnostics(WorkspaceDiagnosticsHandler.java:245)
	at org.eclipse.jdt.ls.core.internal.handlers.JDTLanguageServer$2.run(JDTLanguageServer.java:321)
	at org.eclipse.core.internal.jobs.Worker.run(Worker.java:63)
!SUBENTRY 1 org.eclipse.jdt.core 4 1006 2024-03-01 16:53:18.649
!MESSAGE src/test/java/com.ontariotechu.sofe3980U [in BinaryCalculatorWebapp] is not on its project's build path

!ENTRY org.eclipse.jdt.ls.core 4 0 2024-03-01 16:53:18.653
!MESSAGE Failed to publish diagnostics for file:///home/rupammittal9/SOFE3980U-Lab3/BinaryCalculatorWebapp/src/main/java/com.ontariotechu.sofe3980U/BinaryAPIResult.java
!STACK 1
Java Model Exception: Error in Java Model (code 1006): src/main/java/com.ontariotechu.sofe3980U [in BinaryCalculatorWebapp] is not on its project's build path
	at org.eclipse.jdt.internal.core.JavaElement.newJavaModelException(JavaElement.java:584)
	at org.eclipse.jdt.internal.core.Openable.generateInfos(Openable.java:254)
	at org.eclipse.jdt.internal.core.Openable.openAncestors(Openable.java:528)
	at org.eclipse.jdt.internal.core.Openable.generateInfos(Openable.java:248)
	at org.eclipse.jdt.internal.core.Openable.openAncestors(Openable.java:528)
	at org.eclipse.jdt.internal.core.CompilationUnit.openAncestors(CompilationUnit.java:1246)
	at org.eclipse.jdt.internal.core.Openable.generateInfos(Openable.java:248)
	at org.eclipse.jdt.internal.core.JavaElement.openWhenClosed(JavaElement.java:597)
	at org.eclipse.jdt.internal.core.JavaElement.getElementInfo(JavaElement.java:328)
	at org.eclipse.jdt.internal.core.JavaElement.getElementInfo(JavaElement.java:314)
	at org.eclipse.jdt.internal.core.Openable.getBuffer(Openable.java:296)
	at org.eclipse.jdt.ls.core.internal.handlers.WorkspaceDiagnosticsHandler.publishDiagnostics(WorkspaceDiagnosticsHandler.java:320)
	at org.eclipse.jdt.ls.core.internal.handlers.WorkspaceDiagnosticsHandler.publishDiagnostics(WorkspaceDiagnosticsHandler.java:245)
	at org.eclipse.jdt.ls.core.internal.handlers.JDTLanguageServer$2.run(JDTLanguageServer.java:321)
	at org.eclipse.core.internal.jobs.Worker.run(Worker.java:63)
!SUBENTRY 1 org.eclipse.jdt.core 4 1006 2024-03-01 16:53:18.653
!MESSAGE src/main/java/com.ontariotechu.sofe3980U [in BinaryCalculatorWebapp] is not on its project's build path

!ENTRY org.eclipse.jdt.ls.core 4 0 2024-03-01 16:53:18.660
!MESSAGE Failed to publish diagnostics for file:///home/rupammittal9/SOFE3980U-Lab3/BinaryCalculatorWebapp/src/main/java/com.ontariotechu.sofe3980U/BinaryController.java
!STACK 1
Java Model Exception: Error in Java Model (code 1006): src/main/java/com.ontariotechu.sofe3980U [in BinaryCalculatorWebapp] is not on its project's build path
	at org.eclipse.jdt.internal.core.JavaElement.newJavaModelException(JavaElement.java:584)
	at org.eclipse.jdt.internal.core.Openable.generateInfos(Openable.java:254)
	at org.eclipse.jdt.internal.core.Openable.openAncestors(Openable.java:528)
	at org.eclipse.jdt.internal.core.Openable.generateInfos(Openable.java:248)
	at org.eclipse.jdt.internal.core.Openable.openAncestors(Openable.java:528)
	at org.eclipse.jdt.internal.core.CompilationUnit.openAncestors(CompilationUnit.java:1246)
	at org.eclipse.jdt.internal.core.Openable.generateInfos(Openable.java:248)
	at org.eclipse.jdt.internal.core.JavaElement.openWhenClosed(JavaElement.java:597)
	at org.eclipse.jdt.internal.core.JavaElement.getElementInfo(JavaElement.java:328)
	at org.eclipse.jdt.internal.core.JavaElement.getElementInfo(JavaElement.java:314)
	at org.eclipse.jdt.internal.core.Openable.getBuffer(Openable.java:296)
	at org.eclipse.jdt.ls.core.internal.handlers.WorkspaceDiagnosticsHandler.publishDiagnostics(WorkspaceDiagnosticsHandler.java:320)
	at org.eclipse.jdt.ls.core.internal.handlers.WorkspaceDiagnosticsHandler.publishDiagnostics(WorkspaceDiagnosticsHandler.java:245)
	at org.eclipse.jdt.ls.core.internal.handlers.JDTLanguageServer$2.run(JDTLanguageServer.java:321)
	at org.eclipse.core.internal.jobs.Worker.run(Worker.java:63)
!SUBENTRY 1 org.eclipse.jdt.core 4 1006 2024-03-01 16:53:18.661
!MESSAGE src/main/java/com.ontariotechu.sofe3980U [in BinaryCalculatorWebapp] is not on its project's build path

!ENTRY org.eclipse.jdt.ls.core 4 0 2024-03-01 16:53:18.681
!MESSAGE Failed to publish diagnostics for file:///home/rupammittal9/SOFE3980U-Lab3/BinaryCalculatorWebapp/src/main/java/com.ontariotechu.sofe3980U/BinaryAPIController.java
!STACK 1
Java Model Exception: Error in Java Model (code 1006): src/main/java/com.ontariotechu.sofe3980U [in BinaryCalculatorWebapp] is not on its project's build path
	at org.eclipse.jdt.internal.core.JavaElement.newJavaModelException(JavaElement.java:584)
	at org.eclipse.jdt.internal.core.Openable.generateInfos(Openable.java:254)
	at org.eclipse.jdt.internal.core.Openable.openAncestors(Openable.java:528)
	at org.eclipse.jdt.internal.core.Openable.generateInfos(Openable.java:248)
	at org.eclipse.jdt.internal.core.Openable.openAncestors(Openable.java:528)
	at org.eclipse.jdt.internal.core.CompilationUnit.openAncestors(CompilationUnit.java:1246)
	at org.eclipse.jdt.internal.core.Openable.generateInfos(Openable.java:248)
	at org.eclipse.jdt.internal.core.JavaElement.openWhenClosed(JavaElement.java:597)
	at org.eclipse.jdt.internal.core.JavaElement.getElementInfo(JavaElement.java:328)
	at org.eclipse.jdt.internal.core.JavaElement.getElementInfo(JavaElement.java:314)
	at org.eclipse.jdt.internal.core.Openable.getBuffer(Openable.java:296)
	at org.eclipse.jdt.ls.core.internal.handlers.WorkspaceDiagnosticsHandler.publishDiagnostics(WorkspaceDiagnosticsHandler.java:320)
	at org.eclipse.jdt.ls.core.internal.handlers.WorkspaceDiagnosticsHandler.publishDiagnostics(WorkspaceDiagnosticsHandler.java:245)
	at org.eclipse.jdt.ls.core.internal.handlers.JDTLanguageServer$2.run(JDTLanguageServer.java:321)
	at org.eclipse.core.internal.jobs.Worker.run(Worker.java:63)
!SUBENTRY 1 org.eclipse.jdt.core 4 1006 2024-03-01 16:53:18.682
!MESSAGE src/main/java/com.ontariotechu.sofe3980U [in BinaryCalculatorWebapp] is not on its project's build path

!ENTRY org.eclipse.jdt.ls.core 4 0 2024-03-01 16:53:18.691
!MESSAGE Failed to publish diagnostics for file:///home/rupammittal9/SOFE3980U-Lab3/BinaryCalculatorWebapp/src/test/java/com.ontariotechu.sofe3980U/BinaryControllerTest.java
!STACK 1
Java Model Exception: Error in Java Model (code 1006): src/test/java/com.ontariotechu.sofe3980U [in BinaryCalculatorWebapp] is not on its project's build path
	at org.eclipse.jdt.internal.core.JavaElement.newJavaModelException(JavaElement.java:584)
	at org.eclipse.jdt.internal.core.Openable.generateInfos(Openable.java:254)
	at org.eclipse.jdt.internal.core.Openable.openAncestors(Openable.java:528)
	at org.eclipse.jdt.internal.core.Openable.generateInfos(Openable.java:248)
	at org.eclipse.jdt.internal.core.Openable.openAncestors(Openable.java:528)
	at org.eclipse.jdt.internal.core.CompilationUnit.openAncestors(CompilationUnit.java:1246)
	at org.eclipse.jdt.internal.core.Openable.generateInfos(Openable.java:248)
	at org.eclipse.jdt.internal.core.JavaElement.openWhenClosed(JavaElement.java:597)
	at org.eclipse.jdt.internal.core.JavaElement.getElementInfo(JavaElement.java:328)
	at org.eclipse.jdt.internal.core.JavaElement.getElementInfo(JavaElement.java:314)
	at org.eclipse.jdt.internal.core.Openable.getBuffer(Openable.java:296)
	at org.eclipse.jdt.ls.core.internal.handlers.WorkspaceDiagnosticsHandler.publishDiagnostics(WorkspaceDiagnosticsHandler.java:320)
	at org.eclipse.jdt.ls.core.internal.handlers.WorkspaceDiagnosticsHandler.publishDiagnostics(WorkspaceDiagnosticsHandler.java:245)
	at org.eclipse.jdt.ls.core.internal.handlers.JDTLanguageServer$2.run(JDTLanguageServer.java:321)
	at org.eclipse.core.internal.jobs.Worker.run(Worker.java:63)
!SUBENTRY 1 org.eclipse.jdt.core 4 1006 2024-03-01 16:53:18.692
!MESSAGE src/test/java/com.ontariotechu.sofe3980U [in BinaryCalculatorWebapp] is not on its project's build path

!ENTRY org.eclipse.jdt.ls.core 4 0 2024-03-01 16:53:18.694
!MESSAGE Failed to publish diagnostics for file:///home/rupammittal9/SOFE3980U-Lab3/BinaryCalculatorWebapp/src/main/java/com.ontariotechu.sofe3980U/HelloAPIController.java
!STACK 1
Java Model Exception: Error in Java Model (code 1006): src/main/java/com.ontariotechu.sofe3980U [in BinaryCalculatorWebapp] is not on its project's build path
	at org.eclipse.jdt.internal.core.JavaElement.newJavaModelException(JavaElement.java:584)
	at org.eclipse.jdt.internal.core.Openable.generateInfos(Openable.java:254)
	at org.eclipse.jdt.internal.core.Openable.openAncestors(Openable.java:528)
	at org.eclipse.jdt.internal.core.Openable.generateInfos(Openable.java:248)
	at org.eclipse.jdt.internal.core.Openable.openAncestors(Openable.java:528)
	at org.eclipse.jdt.internal.core.CompilationUnit.openAncestors(CompilationUnit.java:1246)
	at org.eclipse.jdt.internal.core.Openable.generateInfos(Openable.java:248)
	at org.eclipse.jdt.internal.core.JavaElement.openWhenClosed(JavaElement.java:597)
	at org.eclipse.jdt.internal.core.JavaElement.getElementInfo(JavaElement.java:328)
	at org.eclipse.jdt.internal.core.JavaElement.getElementInfo(JavaElement.java:314)
	at org.eclipse.jdt.internal.core.Openable.getBuffer(Openable.java:296)
	at org.eclipse.jdt.ls.core.internal.handlers.WorkspaceDiagnosticsHandler.publishDiagnostics(WorkspaceDiagnosticsHandler.java:320)
	at org.eclipse.jdt.ls.core.internal.handlers.WorkspaceDiagnosticsHandler.publishDiagnostics(WorkspaceDiagnosticsHandler.java:245)
	at org.eclipse.jdt.ls.core.internal.handlers.JDTLanguageServer$2.run(JDTLanguageServer.java:321)
	at org.eclipse.core.internal.jobs.Worker.run(Worker.java:63)
!SUBENTRY 1 org.eclipse.jdt.core 4 1006 2024-03-01 16:53:18.694
!MESSAGE src/main/java/com.ontariotechu.sofe3980U [in BinaryCalculatorWebapp] is not on its project's build path

!ENTRY org.eclipse.jdt.ls.core 4 0 2024-03-01 16:53:18.697
!MESSAGE Failed to publish diagnostics for file:///home/rupammittal9/SOFE3980U-Lab3/BinaryCalculatorWebapp/src/main/java/com.ontariotechu.sofe3980U/Binary.java
!STACK 1
Java Model Exception: Error in Java Model (code 1006): src/main/java/com.ontariotechu.sofe3980U [in BinaryCalculatorWebapp] is not on its project's build path
	at org.eclipse.jdt.internal.core.JavaElement.newJavaModelException(JavaElement.java:584)
	at org.eclipse.jdt.internal.core.Openable.generateInfos(Openable.java:254)
	at org.eclipse.jdt.internal.core.Openable.openAncestors(Openable.java:528)
	at org.eclipse.jdt.internal.core.Openable.generateInfos(Openable.java:248)
	at org.eclipse.jdt.internal.core.Openable.openAncestors(Openable.java:528)
	at org.eclipse.jdt.internal.core.CompilationUnit.openAncestors(CompilationUnit.java:1246)
	at org.eclipse.jdt.internal.core.Openable.generateInfos(Openable.java:248)
	at org.eclipse.jdt.internal.core.JavaElement.openWhenClosed(JavaElement.java:597)
	at org.eclipse.jdt.internal.core.JavaElement.getElementInfo(JavaElement.java:328)
	at org.eclipse.jdt.internal.core.JavaElement.getElementInfo(JavaElement.java:314)
	at org.eclipse.jdt.internal.core.Openable.getBuffer(Openable.java:296)
	at org.eclipse.jdt.ls.core.internal.handlers.WorkspaceDiagnosticsHandler.publishDiagnostics(WorkspaceDiagnosticsHandler.java:320)
	at org.eclipse.jdt.ls.core.internal.handlers.WorkspaceDiagnosticsHandler.publishDiagnostics(WorkspaceDiagnosticsHandler.java:245)
	at org.eclipse.jdt.ls.core.internal.handlers.JDTLanguageServer$2.run(JDTLanguageServer.java:321)
	at org.eclipse.core.internal.jobs.Worker.run(Worker.java:63)
!SUBENTRY 1 org.eclipse.jdt.core 4 1006 2024-03-01 16:53:18.697
!MESSAGE src/main/java/com.ontariotechu.sofe3980U [in BinaryCalculatorWebapp] is not on its project's build path

!ENTRY org.eclipse.jdt.ls.core 4 0 2024-03-01 16:53:18.699
!MESSAGE Failed to publish diagnostics for file:///home/rupammittal9/SOFE3980U-Lab3/BinaryCalculatorWebapp/src/main/java/com.ontariotechu.sofe3980U/Application.java
!STACK 1
Java Model Exception: Error in Java Model (code 1006): src/main/java/com.ontariotechu.sofe3980U [in BinaryCalculatorWebapp] is not on its project's build path
	at org.eclipse.jdt.internal.core.JavaElement.newJavaModelException(JavaElement.java:584)
	at org.eclipse.jdt.internal.core.Openable.generateInfos(Openable.java:254)
	at org.eclipse.jdt.internal.core.Openable.openAncestors(Openable.java:528)
	at org.eclipse.jdt.internal.core.Openable.generateInfos(Openable.java:248)
	at org.eclipse.jdt.internal.core.Openable.openAncestors(Openable.java:528)
	at org.eclipse.jdt.internal.core.CompilationUnit.openAncestors(CompilationUnit.java:1246)
	at org.eclipse.jdt.internal.core.Openable.generateInfos(Openable.java:248)
	at org.eclipse.jdt.internal.core.JavaElement.openWhenClosed(JavaElement.java:597)
	at org.eclipse.jdt.internal.core.JavaElement.getElementInfo(JavaElement.java:328)
	at org.eclipse.jdt.internal.core.JavaElement.getElementInfo(JavaElement.java:314)
	at org.eclipse.jdt.internal.core.Openable.getBuffer(Openable.java:296)
	at org.eclipse.jdt.ls.core.internal.handlers.WorkspaceDiagnosticsHandler.publishDiagnostics(WorkspaceDiagnosticsHandler.java:320)
	at org.eclipse.jdt.ls.core.internal.handlers.WorkspaceDiagnosticsHandler.publishDiagnostics(WorkspaceDiagnosticsHandler.java:245)
	at org.eclipse.jdt.ls.core.internal.handlers.JDTLanguageServer$2.run(JDTLanguageServer.java:321)
	at org.eclipse.core.internal.jobs.Worker.run(Worker.java:63)
!SUBENTRY 1 org.eclipse.jdt.core 4 1006 2024-03-01 16:53:18.702
!MESSAGE src/main/java/com.ontariotechu.sofe3980U [in BinaryCalculatorWebapp] is not on its project's build path

!ENTRY org.eclipse.jdt.ls.core 4 0 2024-03-01 16:53:18.706
!MESSAGE Failed to publish diagnostics for file:///home/rupammittal9/SOFE3980U-Lab3/BinaryCalculatorWebapp/src/main/java/com.ontariotechu.sofe3980U/HelloController.java
!STACK 1
Java Model Exception: Error in Java Model (code 1006): src/main/java/com.ontariotechu.sofe3980U [in BinaryCalculatorWebapp] is not on its project's build path
	at org.eclipse.jdt.internal.core.JavaElement.newJavaModelException(JavaElement.java:584)
	at org.eclipse.jdt.internal.core.Openable.generateInfos(Openable.java:254)
	at org.eclipse.jdt.internal.core.Openable.openAncestors(Openable.java:528)
	at org.eclipse.jdt.internal.core.Openable.generateInfos(Openable.java:248)
	at org.eclipse.jdt.internal.core.Openable.openAncestors(Openable.java:528)
	at org.eclipse.jdt.internal.core.CompilationUnit.openAncestors(CompilationUnit.java:1246)
	at org.eclipse.jdt.internal.core.Openable.generateInfos(Openable.java:248)
	at org.eclipse.jdt.internal.core.JavaElement.openWhenClosed(JavaElement.java:597)
	at org.eclipse.jdt.internal.core.JavaElement.getElementInfo(JavaElement.java:328)
	at org.eclipse.jdt.internal.core.JavaElement.getElementInfo(JavaElement.java:314)
	at org.eclipse.jdt.internal.core.Openable.getBuffer(Openable.java:296)
	at org.eclipse.jdt.ls.core.internal.handlers.WorkspaceDiagnosticsHandler.publishDiagnostics(WorkspaceDiagnosticsHandler.java:320)
	at org.eclipse.jdt.ls.core.internal.handlers.WorkspaceDiagnosticsHandler.publishDiagnostics(WorkspaceDiagnosticsHandler.java:245)
	at org.eclipse.jdt.ls.core.internal.handlers.JDTLanguageServer$2.run(JDTLanguageServer.java:321)
	at org.eclipse.core.internal.jobs.Worker.run(Worker.java:63)
!SUBENTRY 1 org.eclipse.jdt.core 4 1006 2024-03-01 16:53:18.706
!MESSAGE src/main/java/com.ontariotechu.sofe3980U [in BinaryCalculatorWebapp] is not on its project's build path

!ENTRY org.eclipse.jdt.ls.core 1 0 2024-03-01 16:54:18.089
!MESSAGE >> shutdown

!ENTRY org.eclipse.jdt.ls.core 1 0 2024-03-01 16:54:18.093
!MESSAGE >> exit
